Watching for file changes with StatReloader
Not Found: /
"GET / HTTP/1.1" 404 2635
"GET /admin HTTP/1.1" 301 0
"GET /admin/ HTTP/1.1" 302 0
"GET /admin/login/?next=/admin/ HTTP/1.1" 200 4173
"GET /static/admin/css/nav_sidebar.css HTTP/1.1" 200 2810
"GET /static/admin/css/base.css HTTP/1.1" 200 22120
"GET /static/admin/css/login.css HTTP/1.1" 200 951
"GET /static/admin/css/dark_mode.css HTTP/1.1" 200 2808
"GET /static/admin/css/responsive.css HTTP/1.1" 200 16565
"GET /static/admin/js/theme.js HTTP/1.1" 200 1653
"GET /static/admin/js/nav_sidebar.js HTTP/1.1" 200 3063
"POST /admin/login/?next=/admin/ HTTP/1.1" 302 0
"GET /admin/ HTTP/1.1" 200 9067
"GET /static/admin/css/dashboard.css HTTP/1.1" 200 441
"GET /static/admin/img/icon-changelink.svg HTTP/1.1" 200 380
"GET /static/admin/img/icon-addlink.svg HTTP/1.1" 200 331
"GET /admin/products/stock/ HTTP/1.1" 200 11483
"GET /static/admin/css/changelists.css HTTP/1.1" 200 6878
"GET /static/admin/js/jquery.init.js HTTP/1.1" 200 347
"GET /static/admin/js/core.js HTTP/1.1" 200 6208
"GET /admin/jsi18n/ HTTP/1.1" 200 3342
"GET /static/admin/js/vendor/jquery/jquery.js HTTP/1.1" 200 285314
"GET /static/admin/js/actions.js HTTP/1.1" 200 8076
"GET /static/admin/js/urlify.js HTTP/1.1" 200 7887
"GET /static/admin/js/prepopulate.js HTTP/1.1" 200 1531
"GET /static/admin/js/admin/RelatedObjectLookups.js HTTP/1.1" 200 9777
"GET /static/admin/img/search.svg HTTP/1.1" 200 458
"GET /static/admin/js/filters.js HTTP/1.1" 200 978
"GET /static/admin/js/vendor/xregexp/xregexp.js HTTP/1.1" 200 325171
"GET /static/admin/img/icon-viewlink.svg HTTP/1.1" 200 581
"GET /static/admin/img/tooltag-add.svg HTTP/1.1" 200 331
"GET /admin/products/products/ HTTP/1.1" 200 11454
"GET /admin/jsi18n/ HTTP/1.1" 200 3342
"GET /admin/products/productvariant/ HTTP/1.1" 200 10046
"GET /admin/jsi18n/ HTTP/1.1" 200 3342
"GET /admin/products/variant/ HTTP/1.1" 200 9667
"GET /admin/jsi18n/ HTTP/1.1" 200 3342
"GET /admin/auth/user/ HTTP/1.1" 200 13560
"GET /admin/jsi18n/ HTTP/1.1" 200 3342
"GET /static/admin/img/icon-yes.svg HTTP/1.1" 200 436
"GET /static/admin/img/sorting-icons.svg HTTP/1.1" 200 1097
Watching for file changes with StatReloader
"GET /admin/auth/user/ HTTP/1.1" 200 13560
"GET /static/admin/css/base.css HTTP/1.1" 304 0
"GET /static/admin/css/dark_mode.css HTTP/1.1" 304 0
"GET /static/admin/js/theme.js HTTP/1.1" 304 0
"GET /static/admin/js/jquery.init.js HTTP/1.1" 304 0
"GET /static/admin/css/responsive.css HTTP/1.1" 304 0
"GET /static/admin/js/core.js HTTP/1.1" 304 0
"GET /static/admin/js/vendor/jquery/jquery.js HTTP/1.1" 304 0
"GET /static/admin/js/admin/RelatedObjectLookups.js HTTP/1.1" 304 0
"GET /static/admin/js/actions.js HTTP/1.1" 304 0
"GET /static/admin/js/prepopulate.js HTTP/1.1" 304 0
"GET /static/admin/js/urlify.js HTTP/1.1" 304 0
"GET /static/admin/js/vendor/xregexp/xregexp.js HTTP/1.1" 304 0
"GET /static/admin/img/icon-yes.svg HTTP/1.1" 304 0
"GET /admin/jsi18n/ HTTP/1.1" 200 3342
"GET /static/admin/img/search.svg HTTP/1.1" 304 0
"GET /static/admin/css/nav_sidebar.css HTTP/1.1" 304 0
"GET /static/admin/css/changelists.css HTTP/1.1" 304 0
"GET /static/admin/js/filters.js HTTP/1.1" 304 0
"GET /static/admin/js/nav_sidebar.js HTTP/1.1" 304 0
"GET /static/admin/img/icon-addlink.svg HTTP/1.1" 304 0
"GET /static/admin/img/tooltag-add.svg HTTP/1.1" 304 0
"GET /static/admin/img/icon-viewlink.svg HTTP/1.1" 304 0
"GET /static/admin/img/sorting-icons.svg HTTP/1.1" 304 0
"OPTIONS /api/auth/login/ HTTP/1.1" 200 0
"OPTIONS /api/auth/login/ HTTP/1.1" 200 0
"OPTIONS /api/auth/login/ HTTP/1.1" 200 0
"OPTIONS /api/auth/login/ HTTP/1.1" 200 0
"OPTIONS /api/auth/login/ HTTP/1.1" 200 0
"OPTIONS /api/auth/login/ HTTP/1.1" 200 0
"OPTIONS /api/auth/login/ HTTP/1.1" 200 0
"GET /admin/auth/user/ HTTP/1.1" 200 13560
"GET /admin/auth/user/add/ HTTP/1.1" 200 14245
"GET /static/admin/css/base.css HTTP/1.1" 304 0
"GET /static/admin/css/dark_mode.css HTTP/1.1" 304 0
"GET /static/admin/css/responsive.css HTTP/1.1" 304 0
"GET /static/admin/js/theme.js HTTP/1.1" 304 0
"GET /static/admin/js/vendor/jquery/jquery.js HTTP/1.1" 304 0
"GET /admin/jsi18n/ HTTP/1.1" 200 3342
"GET /static/admin/js/jquery.init.js HTTP/1.1" 304 0
"GET /static/admin/css/nav_sidebar.css HTTP/1.1" 304 0
"GET /static/admin/js/actions.js HTTP/1.1" 304 0
"GET /static/admin/js/core.js HTTP/1.1" 304 0
"GET /static/admin/js/admin/RelatedObjectLookups.js HTTP/1.1" 304 0
"GET /static/admin/js/urlify.js HTTP/1.1" 304 0
"GET /static/admin/js/prepopulate.js HTTP/1.1" 304 0
"GET /static/admin/js/vendor/xregexp/xregexp.js HTTP/1.1" 304 0
"GET /static/admin/css/unusable_password_field.css HTTP/1.1" 200 663
"GET /static/admin/css/forms.css HTTP/1.1" 200 8525
"GET /static/admin/js/nav_sidebar.js HTTP/1.1" 304 0
"GET /static/admin/css/widgets.css HTTP/1.1" 200 11991
"GET /static/admin/js/unusable_password_field.js HTTP/1.1" 200 1480
"GET /static/admin/js/prepopulate_init.js HTTP/1.1" 200 586
"GET /static/admin/js/change_form.js HTTP/1.1" 200 606
"POST /admin/auth/user/add/ HTTP/1.1" 302 0
"GET /admin/auth/user/2/change/ HTTP/1.1" 200 25967
"GET /admin/jsi18n/ HTTP/1.1" 200 3342
"GET /static/admin/js/calendar.js HTTP/1.1" 200 9141
"GET /static/admin/js/SelectFilter2.js HTTP/1.1" 200 15845
"GET /static/admin/js/SelectBox.js HTTP/1.1" 200 4530
"GET /static/admin/js/admin/DateTimeShortcuts.js HTTP/1.1" 200 19319
"GET /static/admin/img/icon-addlink.svg HTTP/1.1" 304 0
"GET /static/admin/img/icon-yes.svg HTTP/1.1" 304 0
"GET /static/admin/img/search.svg HTTP/1.1" 304 0
"GET /static/admin/img/selector-icons.svg HTTP/1.1" 200 3291
"GET /static/admin/img/icon-clock.svg HTTP/1.1" 200 677
"GET /static/admin/img/icon-calendar.svg HTTP/1.1" 200 1086
"OPTIONS /api/auth/login/ HTTP/1.1" 200 0
"OPTIONS /api/auth/login/ HTTP/1.1" 200 0
"GET /admin/auth/user/2/change/ HTTP/1.1" 200 25747
"GET /admin/jsi18n/ HTTP/1.1" 200 3342
"POST /admin/logout/ HTTP/1.1" 200 3568
"GET /admin/ HTTP/1.1" 302 0
"GET /admin/login/?next=/admin/ HTTP/1.1" 200 4173
"GET /static/admin/css/login.css HTTP/1.1" 304 0
"OPTIONS /api/auth/login/ HTTP/1.1" 200 0
"OPTIONS /api/auth/login/ HTTP/1.1" 200 0
"OPTIONS /api/auth/login/ HTTP/1.1" 200 0
Watching for file changes with StatReloader
"OPTIONS /api/auth/login/ HTTP/1.1" 200 0
"OPTIONS /api/auth/login/ HTTP/1.1" 200 0
"OPTIONS /api/auth/login/ HTTP/1.1" 200 0
"OPTIONS /api/auth/login/ HTTP/1.1" 200 0
"OPTIONS /api/auth/login/ HTTP/1.1" 200 0
"GET /admin/login/?next=/admin/ HTTP/1.1" 200 4173
"POST /admin/login/?next=/admin/ HTTP/1.1" 302 0
"GET /admin/ HTTP/1.1" 200 9067
"GET /static/admin/css/dashboard.css HTTP/1.1" 304 0
"GET /static/admin/img/icon-changelink.svg HTTP/1.1" 304 0
D:\extras\Product Inventory System with Stock Management\inventory-backend\inventory_system\settings.py changed, reloading.
Watching for file changes with StatReloader
D:\extras\Product Inventory System with Stock Management\inventory-backend\inventory_system\settings.py changed, reloading.
Watching for file changes with StatReloader
Watching for file changes with StatReloader
"OPTIONS /api/auth/login/ HTTP/1.1" 200 0
- Broken pipe from ('127.0.0.1', 55442)
D:\extras\Product Inventory System with Stock Management\inventory-backend\inventory_system\urls.py changed, reloading.
Watching for file changes with StatReloader
D:\extras\Product Inventory System with Stock Management\inventory-backend\inventory_system\urls.py changed, reloading.
Watching for file changes with StatReloader
"OPTIONS /api/auth-token/ HTTP/1.1" 200 425
Watching for file changes with StatReloader
"OPTIONS /api/auth-token/ HTTP/1.1" 200 425
Not Found: /
"GET / HTTP/1.1" 404 2816
Watching for file changes with StatReloader
"OPTIONS /api/auth-token/ HTTP/1.1" 200 0
Not Found: /api/auth-token/
"POST /api/auth-token/ HTTP/1.1" 404 9758
"OPTIONS /api/get-token/ HTTP/1.1" 200 0
"POST /api/get-token/ HTTP/1.1" 200 52
"GET /admin/ HTTP/1.1" 302 0
"GET /admin/login/?next=/admin/ HTTP/1.1" 200 4173
"GET /static/admin/css/base.css HTTP/1.1" 304 0
"GET /static/admin/css/dark_mode.css HTTP/1.1" 304 0
"GET /static/admin/js/theme.js HTTP/1.1" 304 0
"GET /static/admin/css/nav_sidebar.css HTTP/1.1" 304 0
"GET /static/admin/css/responsive.css HTTP/1.1" 304 0
"GET /static/admin/css/login.css HTTP/1.1" 304 0
"GET /static/admin/js/nav_sidebar.js HTTP/1.1" 304 0
"POST /admin/login/?next=/admin/ HTTP/1.1" 302 0
"GET /admin/ HTTP/1.1" 200 10175
"GET /static/admin/css/dashboard.css HTTP/1.1" 304 0
"GET /static/admin/img/icon-addlink.svg HTTP/1.1" 304 0
"GET /static/admin/img/icon-changelink.svg HTTP/1.1" 304 0
"GET /admin/products/products/ HTTP/1.1" 200 12377
"GET /static/admin/css/changelists.css HTTP/1.1" 304 0
"GET /static/admin/js/vendor/jquery/jquery.js HTTP/1.1" 304 0
"GET /static/admin/js/urlify.js HTTP/1.1" 304 0
"GET /static/admin/js/jquery.init.js HTTP/1.1" 304 0
"GET /static/admin/js/vendor/xregexp/xregexp.js HTTP/1.1" 304 0
"GET /static/admin/js/prepopulate.js HTTP/1.1" 304 0
"GET /static/admin/js/core.js HTTP/1.1" 304 0
"GET /admin/jsi18n/ HTTP/1.1" 200 3342
"GET /static/admin/js/actions.js HTTP/1.1" 304 0
"GET /static/admin/js/admin/RelatedObjectLookups.js HTTP/1.1" 304 0
"GET /static/admin/img/search.svg HTTP/1.1" 304 0
"GET /static/admin/js/filters.js HTTP/1.1" 304 0
"GET /static/admin/img/tooltag-add.svg HTTP/1.1" 304 0
"GET /static/admin/img/icon-viewlink.svg HTTP/1.1" 304 0
"GET /admin/products/products/add/ HTTP/1.1" 200 23483
"GET /static/admin/css/forms.css HTTP/1.1" 304 0
"GET /static/admin/js/calendar.js HTTP/1.1" 304 0
"GET /admin/jsi18n/ HTTP/1.1" 200 3342
"GET /static/admin/css/widgets.css HTTP/1.1" 304 0
"GET /static/admin/js/admin/DateTimeShortcuts.js HTTP/1.1" 304 0
"GET /static/admin/js/prepopulate_init.js HTTP/1.1" 304 0
"GET /static/admin/js/change_form.js HTTP/1.1" 304 0
"GET /static/admin/js/inlines.js HTTP/1.1" 200 15628
"GET /static/admin/img/icon-clock.svg HTTP/1.1" 304 0
"GET /static/admin/img/icon-calendar.svg HTTP/1.1" 304 0
"GET /static/admin/img/inline-delete.svg HTTP/1.1" 200 537
"GET /admin/products/variant/ HTTP/1.1" 200 10590
"GET /admin/jsi18n/ HTTP/1.1" 200 3342
"GET /admin/products/variant/add/ HTTP/1.1" 200 15586
"GET /admin/jsi18n/ HTTP/1.1" 200 3342
"GET /admin/products/productvariant/ HTTP/1.1" 200 10969
"GET /admin/jsi18n/ HTTP/1.1" 200 3342
"GET /admin/products/productvariant/add/ HTTP/1.1" 200 22861
"GET /admin/jsi18n/ HTTP/1.1" 200 3342
"GET /admin/products/stock/ HTTP/1.1" 200 12406
"GET /admin/jsi18n/ HTTP/1.1" 200 3342
"GET /admin/products/stock/add/ HTTP/1.1" 200 14527
"GET /admin/jsi18n/ HTTP/1.1" 200 3342
"OPTIONS /api/dashboard/ HTTP/1.1" 200 0
"OPTIONS /api/dashboard/ HTTP/1.1" 200 0
Not Found: /api/dashboard/
"GET /api/dashboard/ HTTP/1.1" 404 9754
Not Found: /api/dashboard/
"GET /api/dashboard/ HTTP/1.1" 404 9754
Not Found: /api/dashboard/
"GET /api/dashboard/ HTTP/1.1" 404 9754
Not Found: /api/dashboard/
"GET /api/dashboard/ HTTP/1.1" 404 9754
Not Found: /api/dashboard/
"GET /api/dashboard/ HTTP/1.1" 404 9754
Not Found: /api/dashboard/
"GET /api/dashboard/ HTTP/1.1" 404 9754
"OPTIONS /api/products/?search=&page=1 HTTP/1.1" 200 0
"OPTIONS /api/products/?search=&page=1 HTTP/1.1" 200 0
"GET /api/products/?search=&page=1 HTTP/1.1" 200 52
"GET /api/products/?search=&page=1 HTTP/1.1" 200 52
Not Found: /api/dashboard/
"GET /api/dashboard/ HTTP/1.1" 404 9754
Not Found: /api/dashboard/
"GET /api/dashboard/ HTTP/1.1" 404 9754
"GET /api/products/?search=&page=1 HTTP/1.1" 200 52
"GET /api/products/?search=&page=1 HTTP/1.1" 200 52
"GET /api/products/?search=&page=1 HTTP/1.1" 200 52
"GET /api/products/?search=&page=1 HTTP/1.1" 200 52
Not Found: /api/dashboard/
"GET /api/dashboard/ HTTP/1.1" 404 9754
Not Found: /api/dashboard/
"GET /api/dashboard/ HTTP/1.1" 404 9754
"GET /api/products/?search=&page=1 HTTP/1.1" 200 52
"GET /api/products/?search=&page=1 HTTP/1.1" 200 52
"GET /api/products/?search=&page=1 HTTP/1.1" 200 52
"GET /api/products/?search=&page=1 HTTP/1.1" 200 52
"GET /api/products/?search=&page=1 HTTP/1.1" 200 52
"GET /api/products/?search=&page=1 HTTP/1.1" 200 52
Bad Request: /api/get-token/
"POST /api/get-token/ HTTP/1.1" 400 68
Bad Request: /api/get-token/
"POST /api/get-token/ HTTP/1.1" 400 68
Bad Request: /api/get-token/
"POST /api/get-token/ HTTP/1.1" 400 68
"POST /api/get-token/ HTTP/1.1" 200 52
Not Found: /api/dashboard/
"GET /api/dashboard/ HTTP/1.1" 404 9754
Not Found: /api/dashboard/
"GET /api/dashboard/ HTTP/1.1" 404 9754
"POST /api/get-token/ HTTP/1.1" 200 52
"POST /api/get-token/ HTTP/1.1" 200 52
Not Found: /api/dashboard/
"GET /api/dashboard/ HTTP/1.1" 404 9754
Not Found: /api/dashboard/
"GET /api/dashboard/ HTTP/1.1" 404 9754
"GET /api/products/?search=&page=1 HTTP/1.1" 200 52
"GET /api/products/?search=&page=1 HTTP/1.1" 200 52
Not Found: /api/dashboard/
"GET /api/dashboard/ HTTP/1.1" 404 9754
Not Found: /api/dashboard/
"GET /api/dashboard/ HTTP/1.1" 404 9754
D:\extras\Product Inventory System with Stock Management\inventory-backend\products\views.py changed, reloading.
Watching for file changes with StatReloader
D:\extras\Product Inventory System with Stock Management\inventory-backend\products\views.py changed, reloading.
Watching for file changes with StatReloader
D:\extras\Product Inventory System with Stock Management\inventory-backend\products\views.py changed, reloading.
Watching for file changes with StatReloader
D:\extras\Product Inventory System with Stock Management\inventory-backend\products\views.py changed, reloading.
Watching for file changes with StatReloader
D:\extras\Product Inventory System with Stock Management\inventory-backend\products\views.py changed, reloading.
Watching for file changes with StatReloader
Not Found: /api/dashboard/
"GET /api/dashboard/ HTTP/1.1" 404 9754
Not Found: /api/dashboard/
"GET /api/dashboard/ HTTP/1.1" 404 9754
"GET /api/products/?search=&page=1 HTTP/1.1" 200 52
"GET /api/products/?search=&page=1 HTTP/1.1" 200 52
Not Found: /api/dashboard/
"GET /api/dashboard/ HTTP/1.1" 404 9754
Not Found: /api/dashboard/
"GET /api/dashboard/ HTTP/1.1" 404 9754
Not Found: /api/dashboard/
"GET /api/dashboard/ HTTP/1.1" 404 9754
Not Found: /api/dashboard/
"GET /api/dashboard/ HTTP/1.1" 404 9754
"OPTIONS /api/stock/dashboard_stats/ HTTP/1.1" 200 0
"OPTIONS /api/stock/report/?limit=5 HTTP/1.1" 200 0
"OPTIONS /api/stock/dashboard_stats/ HTTP/1.1" 200 0
"OPTIONS /api/stock/report/?limit=5 HTTP/1.1" 200 0
Not Found: /api/stock/dashboard_stats/
"GET /api/stock/dashboard_stats/ HTTP/1.1" 404 9790
"GET /api/stock/report/?limit=5 HTTP/1.1" 200 2
Not Found: /api/stock/dashboard_stats/
"GET /api/stock/dashboard_stats/ HTTP/1.1" 404 9790
"GET /api/stock/report/?limit=5 HTTP/1.1" 200 2
Not Found: /api/stock/dashboard_stats/
"GET /api/stock/dashboard_stats/ HTTP/1.1" 404 9790
"GET /api/stock/report/?limit=5 HTTP/1.1" 200 2
"GET /api/products/?search=&page=1 HTTP/1.1" 200 52
"GET /api/products/?search=&page=1 HTTP/1.1" 200 52
"GET /api/products/?search=&page=1 HTTP/1.1" 200 52
"GET /api/products/?search=&page=1 HTTP/1.1" 200 52
Not Found: /api/stock/dashboard_stats/
"GET /api/stock/report/?limit=5 HTTP/1.1" 200 2
"GET /api/stock/dashboard_stats/ HTTP/1.1" 404 9790
"GET /api/stock/report/?limit=5 HTTP/1.1" 200 2
Not Found: /api/stock/dashboard_stats/
"GET /api/stock/dashboard_stats/ HTTP/1.1" 404 9790
Not Found: /api/stock/dashboard_stats/
"GET /api/stock/dashboard_stats/ HTTP/1.1" 404 9790
"GET /api/stock/report/?limit=5 HTTP/1.1" 200 2
"GET /api/stock/report/?limit=5 HTTP/1.1" 200 2
Not Found: /api/stock/dashboard_stats/
"GET /api/stock/dashboard_stats/ HTTP/1.1" 404 9790
"GET /api/products/?search=&page=1 HTTP/1.1" 200 52
"GET /api/products/?search=&page=1 HTTP/1.1" 200 52
Not Found: /api/stock/dashboard_stats/
"GET /api/stock/dashboard_stats/ HTTP/1.1" 404 9790
"GET /api/stock/report/?limit=5 HTTP/1.1" 200 2
Not Found: /api/stock/dashboard_stats/
"GET /api/stock/report/?limit=5 HTTP/1.1" 200 2
"GET /api/stock/dashboard_stats/ HTTP/1.1" 404 9790
"GET /api/products/?search=&page=1 HTTP/1.1" 200 52
"GET /api/products/?search=&page=1 HTTP/1.1" 200 52
Not Found: /api/stock/dashboard_stats/
"GET /api/stock/dashboard_stats/ HTTP/1.1" 404 9790
"GET /api/stock/report/?limit=5 HTTP/1.1" 200 2
Not Found: /api/stock/dashboard_stats/
"GET /api/stock/dashboard_stats/ HTTP/1.1" 404 9790
"GET /api/stock/report/?limit=5 HTTP/1.1" 200 2
"GET /api/products/?search=&page=1 HTTP/1.1" 200 52
"GET /api/products/?search=&page=1 HTTP/1.1" 200 52
Not Found: /api/stock/dashboard_stats/
"GET /api/stock/dashboard_stats/ HTTP/1.1" 404 9790
"GET /api/stock/report/?limit=5 HTTP/1.1" 200 2
Not Found: /api/stock/dashboard_stats/
"GET /api/stock/dashboard_stats/ HTTP/1.1" 404 9790
"GET /api/stock/report/?limit=5 HTTP/1.1" 200 2
Not Found: /api/stock/dashboard_stats/
"GET /api/stock/dashboard_stats/ HTTP/1.1" 404 9790
Not Found: /api/stock/dashboard_stats/
"GET /api/stock/dashboard_stats/ HTTP/1.1" 404 9790
"GET /api/products/?search=&page=1 HTTP/1.1" 200 52
"GET /api/products/?search=&page=1 HTTP/1.1" 200 52
"GET /api/products/?search=&page=1 HTTP/1.1" 200 52
"GET /api/products/?search=&page=1 HTTP/1.1" 200 52
Not Found: /api/stock/dashboard_stats/
"GET /api/stock/dashboard_stats/ HTTP/1.1" 404 9790
Not Found: /api/stock/dashboard_stats/
"GET /api/stock/dashboard_stats/ HTTP/1.1" 404 9790
"GET /api/products/?search=&page=1 HTTP/1.1" 200 52
"GET /api/products/?search=&page=1 HTTP/1.1" 200 52
Not Found: /api/stock/dashboard_stats/
"GET /api/stock/dashboard_stats/ HTTP/1.1" 404 9790
Not Found: /api/stock/dashboard_stats/
"GET /api/stock/dashboard_stats/ HTTP/1.1" 404 9790
D:\extras\Product Inventory System with Stock Management\inventory-backend\products\views.py changed, reloading.
Watching for file changes with StatReloader
D:\extras\Product Inventory System with Stock Management\inventory-backend\products\views.py changed, reloading.
Watching for file changes with StatReloader
D:\extras\Product Inventory System with Stock Management\inventory-backend\products\views.py changed, reloading.
Watching for file changes with StatReloader
D:\extras\Product Inventory System with Stock Management\inventory-backend\products\views.py changed, reloading.
Watching for file changes with StatReloader
D:\extras\Product Inventory System with Stock Management\inventory-backend\products\views.py changed, reloading.
Watching for file changes with StatReloader
D:\extras\Product Inventory System with Stock Management\inventory-backend\products\views.py changed, reloading.
Watching for file changes with StatReloader
D:\extras\Product Inventory System with Stock Management\inventory-backend\products\views.py changed, reloading.
Watching for file changes with StatReloader
D:\extras\Product Inventory System with Stock Management\inventory-backend\products\views.py changed, reloading.
Watching for file changes with StatReloader
D:\extras\Product Inventory System with Stock Management\inventory-backend\products\views.py changed, reloading.
Watching for file changes with StatReloader
D:\extras\Product Inventory System with Stock Management\inventory-backend\products\views.py changed, reloading.
Watching for file changes with StatReloader
D:\extras\Product Inventory System with Stock Management\inventory-backend\products\views.py changed, reloading.
Watching for file changes with StatReloader
D:\extras\Product Inventory System with Stock Management\inventory-backend\products\views.py changed, reloading.
Watching for file changes with StatReloader
D:\extras\Product Inventory System with Stock Management\inventory-backend\products\views.py changed, reloading.
Watching for file changes with StatReloader
D:\extras\Product Inventory System with Stock Management\inventory-backend\products\views.py changed, reloading.
Watching for file changes with StatReloader
D:\extras\Product Inventory System with Stock Management\inventory-backend\products\views.py changed, reloading.
Watching for file changes with StatReloader
D:\extras\Product Inventory System with Stock Management\inventory-backend\products\views.py changed, reloading.
Watching for file changes with StatReloader
D:\extras\Product Inventory System with Stock Management\inventory-backend\products\views.py changed, reloading.
Watching for file changes with StatReloader
D:\extras\Product Inventory System with Stock Management\inventory-backend\products\views.py changed, reloading.
Watching for file changes with StatReloader
D:\extras\Product Inventory System with Stock Management\inventory-backend\products\views.py changed, reloading.
Watching for file changes with StatReloader
D:\extras\Product Inventory System with Stock Management\inventory-backend\products\views.py changed, reloading.
Watching for file changes with StatReloader
D:\extras\Product Inventory System with Stock Management\inventory-backend\products\views.py changed, reloading.
Watching for file changes with StatReloader
D:\extras\Product Inventory System with Stock Management\inventory-backend\products\views.py changed, reloading.
Watching for file changes with StatReloader
D:\extras\Product Inventory System with Stock Management\inventory-backend\products\views.py changed, reloading.
Watching for file changes with StatReloader
D:\extras\Product Inventory System with Stock Management\inventory-backend\products\views.py changed, reloading.
Watching for file changes with StatReloader
D:\extras\Product Inventory System with Stock Management\inventory-backend\products\views.py changed, reloading.
Watching for file changes with StatReloader
D:\extras\Product Inventory System with Stock Management\inventory-backend\products\views.py changed, reloading.
Watching for file changes with StatReloader
D:\extras\Product Inventory System with Stock Management\inventory-backend\products\views.py changed, reloading.
Watching for file changes with StatReloader
D:\extras\Product Inventory System with Stock Management\inventory-backend\products\views.py changed, reloading.
Watching for file changes with StatReloader
D:\extras\Product Inventory System with Stock Management\inventory-backend\products\views.py changed, reloading.
Watching for file changes with StatReloader
D:\extras\Product Inventory System with Stock Management\inventory-backend\products\views.py changed, reloading.
Watching for file changes with StatReloader
D:\extras\Product Inventory System with Stock Management\inventory-backend\products\views.py changed, reloading.
Watching for file changes with StatReloader
D:\extras\Product Inventory System with Stock Management\inventory-backend\products\views.py changed, reloading.
Watching for file changes with StatReloader
D:\extras\Product Inventory System with Stock Management\inventory-backend\products\views.py changed, reloading.
Watching for file changes with StatReloader
D:\extras\Product Inventory System with Stock Management\inventory-backend\products\views.py changed, reloading.
Watching for file changes with StatReloader
D:\extras\Product Inventory System with Stock Management\inventory-backend\products\views.py changed, reloading.
Watching for file changes with StatReloader
D:\extras\Product Inventory System with Stock Management\inventory-backend\products\views.py changed, reloading.
Watching for file changes with StatReloader
D:\extras\Product Inventory System with Stock Management\inventory-backend\products\views.py changed, reloading.
Watching for file changes with StatReloader
D:\extras\Product Inventory System with Stock Management\inventory-backend\products\views.py changed, reloading.
Watching for file changes with StatReloader
D:\extras\Product Inventory System with Stock Management\inventory-backend\products\views.py changed, reloading.
Watching for file changes with StatReloader
D:\extras\Product Inventory System with Stock Management\inventory-backend\products\views.py changed, reloading.
Watching for file changes with StatReloader
D:\extras\Product Inventory System with Stock Management\inventory-backend\products\views.py changed, reloading.
Watching for file changes with StatReloader
D:\extras\Product Inventory System with Stock Management\inventory-backend\products\views.py changed, reloading.
Watching for file changes with StatReloader
D:\extras\Product Inventory System with Stock Management\inventory-backend\products\views.py changed, reloading.
Watching for file changes with StatReloader
D:\extras\Product Inventory System with Stock Management\inventory-backend\products\views.py changed, reloading.
Watching for file changes with StatReloader
Internal Server Error: /api/stock/dashboard_stats/
Traceback (most recent call last):
  File "C:\Users\User\AppData\Roaming\Python\Python311\site-packages\django\core\handlers\exception.py", line 55, in inner
    response = get_response(request)
               ^^^^^^^^^^^^^^^^^^^^^
  File "C:\Users\User\AppData\Roaming\Python\Python311\site-packages\django\core\handlers\base.py", line 197, in _get_response
    response = wrapped_callback(request, *callback_args, **callback_kwargs)
               ^^^^^^^^^^^^^^^^^^^^^^^^^^^^^^^^^^^^^^^^^^^^^^^^^^^^^^^^^^^^
  File "C:\Users\User\AppData\Roaming\Python\Python311\site-packages\django\views\decorators\csrf.py", line 65, in _view_wrapper
    return view_func(request, *args, **kwargs)
           ^^^^^^^^^^^^^^^^^^^^^^^^^^^^^^^^^^^
  File "C:\Users\User\AppData\Roaming\Python\Python311\site-packages\rest_framework\viewsets.py", line 125, in view
    return self.dispatch(request, *args, **kwargs)
           ^^^^^^^^^^^^^^^^^^^^^^^^^^^^^^^^^^^^^^^
  File "C:\Users\User\AppData\Roaming\Python\Python311\site-packages\rest_framework\views.py", line 515, in dispatch
    response = self.handle_exception(exc)
               ^^^^^^^^^^^^^^^^^^^^^^^^^^
  File "C:\Users\User\AppData\Roaming\Python\Python311\site-packages\rest_framework\views.py", line 475, in handle_exception
    self.raise_uncaught_exception(exc)
  File "C:\Users\User\AppData\Roaming\Python\Python311\site-packages\rest_framework\views.py", line 486, in raise_uncaught_exception
    raise exc
  File "C:\Users\User\AppData\Roaming\Python\Python311\site-packages\rest_framework\views.py", line 512, in dispatch
    response = handler(request, *args, **kwargs)
               ^^^^^^^^^^^^^^^^^^^^^^^^^^^^^^^^^
  File "D:\extras\Product Inventory System with Stock Management\inventory-backend\products\views.py", line 105, in dashboard_stats
    total_in=Sum('stocks__quantity', filter=Q(stocks__transaction_type='IN')),
             ^^^
NameError: name 'Sum' is not defined
"GET /api/stock/dashboard_stats/ HTTP/1.1" 500 98694
Internal Server Error: /api/stock/dashboard_stats/
Traceback (most recent call last):
  File "C:\Users\User\AppData\Roaming\Python\Python311\site-packages\django\core\handlers\exception.py", line 55, in inner
    response = get_response(request)
               ^^^^^^^^^^^^^^^^^^^^^
  File "C:\Users\User\AppData\Roaming\Python\Python311\site-packages\django\core\handlers\base.py", line 197, in _get_response
    response = wrapped_callback(request, *callback_args, **callback_kwargs)
               ^^^^^^^^^^^^^^^^^^^^^^^^^^^^^^^^^^^^^^^^^^^^^^^^^^^^^^^^^^^^
  File "C:\Users\User\AppData\Roaming\Python\Python311\site-packages\django\views\decorators\csrf.py", line 65, in _view_wrapper
    return view_func(request, *args, **kwargs)
           ^^^^^^^^^^^^^^^^^^^^^^^^^^^^^^^^^^^
  File "C:\Users\User\AppData\Roaming\Python\Python311\site-packages\rest_framework\viewsets.py", line 125, in view
    return self.dispatch(request, *args, **kwargs)
           ^^^^^^^^^^^^^^^^^^^^^^^^^^^^^^^^^^^^^^^
  File "C:\Users\User\AppData\Roaming\Python\Python311\site-packages\rest_framework\views.py", line 515, in dispatch
    response = self.handle_exception(exc)
               ^^^^^^^^^^^^^^^^^^^^^^^^^^
  File "C:\Users\User\AppData\Roaming\Python\Python311\site-packages\rest_framework\views.py", line 475, in handle_exception
    self.raise_uncaught_exception(exc)
  File "C:\Users\User\AppData\Roaming\Python\Python311\site-packages\rest_framework\views.py", line 486, in raise_uncaught_exception
    raise exc
  File "C:\Users\User\AppData\Roaming\Python\Python311\site-packages\rest_framework\views.py", line 512, in dispatch
    response = handler(request, *args, **kwargs)
               ^^^^^^^^^^^^^^^^^^^^^^^^^^^^^^^^^
  File "D:\extras\Product Inventory System with Stock Management\inventory-backend\products\views.py", line 105, in dashboard_stats
    total_in=Sum('stocks__quantity', filter=Q(stocks__transaction_type='IN')),
             ^^^
NameError: name 'Sum' is not defined
"GET /api/stock/dashboard_stats/ HTTP/1.1" 500 98694
Internal Server Error: /api/stock/dashboard_stats/
Traceback (most recent call last):
  File "C:\Users\User\AppData\Roaming\Python\Python311\site-packages\django\core\handlers\exception.py", line 55, in inner
    response = get_response(request)
               ^^^^^^^^^^^^^^^^^^^^^
  File "C:\Users\User\AppData\Roaming\Python\Python311\site-packages\django\core\handlers\base.py", line 197, in _get_response
    response = wrapped_callback(request, *callback_args, **callback_kwargs)
               ^^^^^^^^^^^^^^^^^^^^^^^^^^^^^^^^^^^^^^^^^^^^^^^^^^^^^^^^^^^^
  File "C:\Users\User\AppData\Roaming\Python\Python311\site-packages\django\views\decorators\csrf.py", line 65, in _view_wrapper
    return view_func(request, *args, **kwargs)
           ^^^^^^^^^^^^^^^^^^^^^^^^^^^^^^^^^^^
  File "C:\Users\User\AppData\Roaming\Python\Python311\site-packages\rest_framework\viewsets.py", line 125, in view
    return self.dispatch(request, *args, **kwargs)
           ^^^^^^^^^^^^^^^^^^^^^^^^^^^^^^^^^^^^^^^
  File "C:\Users\User\AppData\Roaming\Python\Python311\site-packages\rest_framework\views.py", line 515, in dispatch
    response = self.handle_exception(exc)
               ^^^^^^^^^^^^^^^^^^^^^^^^^^
  File "C:\Users\User\AppData\Roaming\Python\Python311\site-packages\rest_framework\views.py", line 475, in handle_exception
    self.raise_uncaught_exception(exc)
  File "C:\Users\User\AppData\Roaming\Python\Python311\site-packages\rest_framework\views.py", line 486, in raise_uncaught_exception
    raise exc
  File "C:\Users\User\AppData\Roaming\Python\Python311\site-packages\rest_framework\views.py", line 512, in dispatch
    response = handler(request, *args, **kwargs)
               ^^^^^^^^^^^^^^^^^^^^^^^^^^^^^^^^^
  File "D:\extras\Product Inventory System with Stock Management\inventory-backend\products\views.py", line 105, in dashboard_stats
    total_in=Sum('stocks__quantity', filter=Q(stocks__transaction_type='IN')),
             ^^^
NameError: name 'Sum' is not defined
"GET /api/stock/dashboard_stats/ HTTP/1.1" 500 98694
Internal Server Error: /api/stock/dashboard_stats/
Traceback (most recent call last):
  File "C:\Users\User\AppData\Roaming\Python\Python311\site-packages\django\core\handlers\exception.py", line 55, in inner
    response = get_response(request)
               ^^^^^^^^^^^^^^^^^^^^^
  File "C:\Users\User\AppData\Roaming\Python\Python311\site-packages\django\core\handlers\base.py", line 197, in _get_response
    response = wrapped_callback(request, *callback_args, **callback_kwargs)
               ^^^^^^^^^^^^^^^^^^^^^^^^^^^^^^^^^^^^^^^^^^^^^^^^^^^^^^^^^^^^
  File "C:\Users\User\AppData\Roaming\Python\Python311\site-packages\django\views\decorators\csrf.py", line 65, in _view_wrapper
    return view_func(request, *args, **kwargs)
           ^^^^^^^^^^^^^^^^^^^^^^^^^^^^^^^^^^^
  File "C:\Users\User\AppData\Roaming\Python\Python311\site-packages\rest_framework\viewsets.py", line 125, in view
    return self.dispatch(request, *args, **kwargs)
           ^^^^^^^^^^^^^^^^^^^^^^^^^^^^^^^^^^^^^^^
  File "C:\Users\User\AppData\Roaming\Python\Python311\site-packages\rest_framework\views.py", line 515, in dispatch
    response = self.handle_exception(exc)
               ^^^^^^^^^^^^^^^^^^^^^^^^^^
  File "C:\Users\User\AppData\Roaming\Python\Python311\site-packages\rest_framework\views.py", line 475, in handle_exception
    self.raise_uncaught_exception(exc)
  File "C:\Users\User\AppData\Roaming\Python\Python311\site-packages\rest_framework\views.py", line 486, in raise_uncaught_exception
    raise exc
  File "C:\Users\User\AppData\Roaming\Python\Python311\site-packages\rest_framework\views.py", line 512, in dispatch
    response = handler(request, *args, **kwargs)
               ^^^^^^^^^^^^^^^^^^^^^^^^^^^^^^^^^
  File "D:\extras\Product Inventory System with Stock Management\inventory-backend\products\views.py", line 105, in dashboard_stats
    total_in=Sum('stocks__quantity', filter=Q(stocks__transaction_type='IN')),
             ^^^
NameError: name 'Sum' is not defined
"GET /api/stock/dashboard_stats/ HTTP/1.1" 500 98694
Internal Server Error: /api/stock/dashboard_stats/
Traceback (most recent call last):
  File "C:\Users\User\AppData\Roaming\Python\Python311\site-packages\django\core\handlers\exception.py", line 55, in inner
    response = get_response(request)
               ^^^^^^^^^^^^^^^^^^^^^
  File "C:\Users\User\AppData\Roaming\Python\Python311\site-packages\django\core\handlers\base.py", line 197, in _get_response
    response = wrapped_callback(request, *callback_args, **callback_kwargs)
               ^^^^^^^^^^^^^^^^^^^^^^^^^^^^^^^^^^^^^^^^^^^^^^^^^^^^^^^^^^^^
  File "C:\Users\User\AppData\Roaming\Python\Python311\site-packages\django\views\decorators\csrf.py", line 65, in _view_wrapper
    return view_func(request, *args, **kwargs)
           ^^^^^^^^^^^^^^^^^^^^^^^^^^^^^^^^^^^
  File "C:\Users\User\AppData\Roaming\Python\Python311\site-packages\rest_framework\viewsets.py", line 125, in view
    return self.dispatch(request, *args, **kwargs)
           ^^^^^^^^^^^^^^^^^^^^^^^^^^^^^^^^^^^^^^^
  File "C:\Users\User\AppData\Roaming\Python\Python311\site-packages\rest_framework\views.py", line 515, in dispatch
    response = self.handle_exception(exc)
               ^^^^^^^^^^^^^^^^^^^^^^^^^^
  File "C:\Users\User\AppData\Roaming\Python\Python311\site-packages\rest_framework\views.py", line 475, in handle_exception
    self.raise_uncaught_exception(exc)
  File "C:\Users\User\AppData\Roaming\Python\Python311\site-packages\rest_framework\views.py", line 486, in raise_uncaught_exception
    raise exc
  File "C:\Users\User\AppData\Roaming\Python\Python311\site-packages\rest_framework\views.py", line 512, in dispatch
    response = handler(request, *args, **kwargs)
               ^^^^^^^^^^^^^^^^^^^^^^^^^^^^^^^^^
  File "D:\extras\Product Inventory System with Stock Management\inventory-backend\products\views.py", line 105, in dashboard_stats
    total_in=Sum('stocks__quantity', filter=Q(stocks__transaction_type='IN')),
             ^^^
NameError: name 'Sum' is not defined
"GET /api/stock/dashboard_stats/ HTTP/1.1" 500 98694
Internal Server Error: /api/stock/dashboard_stats/
Traceback (most recent call last):
  File "C:\Users\User\AppData\Roaming\Python\Python311\site-packages\django\core\handlers\exception.py", line 55, in inner
    response = get_response(request)
               ^^^^^^^^^^^^^^^^^^^^^
  File "C:\Users\User\AppData\Roaming\Python\Python311\site-packages\django\core\handlers\base.py", line 197, in _get_response
    response = wrapped_callback(request, *callback_args, **callback_kwargs)
               ^^^^^^^^^^^^^^^^^^^^^^^^^^^^^^^^^^^^^^^^^^^^^^^^^^^^^^^^^^^^
  File "C:\Users\User\AppData\Roaming\Python\Python311\site-packages\django\views\decorators\csrf.py", line 65, in _view_wrapper
    return view_func(request, *args, **kwargs)
           ^^^^^^^^^^^^^^^^^^^^^^^^^^^^^^^^^^^
  File "C:\Users\User\AppData\Roaming\Python\Python311\site-packages\rest_framework\viewsets.py", line 125, in view
    return self.dispatch(request, *args, **kwargs)
           ^^^^^^^^^^^^^^^^^^^^^^^^^^^^^^^^^^^^^^^
  File "C:\Users\User\AppData\Roaming\Python\Python311\site-packages\rest_framework\views.py", line 515, in dispatch
    response = self.handle_exception(exc)
               ^^^^^^^^^^^^^^^^^^^^^^^^^^
  File "C:\Users\User\AppData\Roaming\Python\Python311\site-packages\rest_framework\views.py", line 475, in handle_exception
    self.raise_uncaught_exception(exc)
  File "C:\Users\User\AppData\Roaming\Python\Python311\site-packages\rest_framework\views.py", line 486, in raise_uncaught_exception
    raise exc
  File "C:\Users\User\AppData\Roaming\Python\Python311\site-packages\rest_framework\views.py", line 512, in dispatch
    response = handler(request, *args, **kwargs)
               ^^^^^^^^^^^^^^^^^^^^^^^^^^^^^^^^^
  File "D:\extras\Product Inventory System with Stock Management\inventory-backend\products\views.py", line 105, in dashboard_stats
    total_in=Sum('stocks__quantity', filter=Q(stocks__transaction_type='IN')),
             ^^^
NameError: name 'Sum' is not defined
"GET /api/stock/dashboard_stats/ HTTP/1.1" 500 98694
Internal Server Error: /api/stock/dashboard_stats/
Traceback (most recent call last):
  File "C:\Users\User\AppData\Roaming\Python\Python311\site-packages\django\core\handlers\exception.py", line 55, in inner
    response = get_response(request)
               ^^^^^^^^^^^^^^^^^^^^^
  File "C:\Users\User\AppData\Roaming\Python\Python311\site-packages\django\core\handlers\base.py", line 197, in _get_response
    response = wrapped_callback(request, *callback_args, **callback_kwargs)
               ^^^^^^^^^^^^^^^^^^^^^^^^^^^^^^^^^^^^^^^^^^^^^^^^^^^^^^^^^^^^
  File "C:\Users\User\AppData\Roaming\Python\Python311\site-packages\django\views\decorators\csrf.py", line 65, in _view_wrapper
    return view_func(request, *args, **kwargs)
           ^^^^^^^^^^^^^^^^^^^^^^^^^^^^^^^^^^^
  File "C:\Users\User\AppData\Roaming\Python\Python311\site-packages\rest_framework\viewsets.py", line 125, in view
    return self.dispatch(request, *args, **kwargs)
           ^^^^^^^^^^^^^^^^^^^^^^^^^^^^^^^^^^^^^^^
  File "C:\Users\User\AppData\Roaming\Python\Python311\site-packages\rest_framework\views.py", line 515, in dispatch
    response = self.handle_exception(exc)
               ^^^^^^^^^^^^^^^^^^^^^^^^^^
  File "C:\Users\User\AppData\Roaming\Python\Python311\site-packages\rest_framework\views.py", line 475, in handle_exception
    self.raise_uncaught_exception(exc)
  File "C:\Users\User\AppData\Roaming\Python\Python311\site-packages\rest_framework\views.py", line 486, in raise_uncaught_exception
    raise exc
  File "C:\Users\User\AppData\Roaming\Python\Python311\site-packages\rest_framework\views.py", line 512, in dispatch
    response = handler(request, *args, **kwargs)
               ^^^^^^^^^^^^^^^^^^^^^^^^^^^^^^^^^
  File "D:\extras\Product Inventory System with Stock Management\inventory-backend\products\views.py", line 105, in dashboard_stats
    total_in=Sum('stocks__quantity', filter=Q(stocks__transaction_type='IN')),
             ^^^
NameError: name 'Sum' is not defined
"GET /api/stock/dashboard_stats/ HTTP/1.1" 500 98694
D:\extras\Product Inventory System with Stock Management\inventory-backend\products\views.py changed, reloading.
Watching for file changes with StatReloader
D:\extras\Product Inventory System with Stock Management\inventory-backend\products\views.py changed, reloading.
Watching for file changes with StatReloader
D:\extras\Product Inventory System with Stock Management\inventory-backend\products\views.py changed, reloading.
Watching for file changes with StatReloader
D:\extras\Product Inventory System with Stock Management\inventory-backend\products\views.py changed, reloading.
Watching for file changes with StatReloader
D:\extras\Product Inventory System with Stock Management\inventory-backend\products\views.py changed, reloading.
Watching for file changes with StatReloader
D:\extras\Product Inventory System with Stock Management\inventory-backend\products\views.py changed, reloading.
Watching for file changes with StatReloader
Watching for file changes with StatReloader
D:\extras\Product Inventory System with Stock Management\inventory-backend\products\views.py changed, reloading.
Watching for file changes with StatReloader
D:\extras\Product Inventory System with Stock Management\inventory-backend\products\views.py changed, reloading.
Watching for file changes with StatReloader
D:\extras\Product Inventory System with Stock Management\inventory-backend\products\views.py changed, reloading.
Watching for file changes with StatReloader
D:\extras\Product Inventory System with Stock Management\inventory-backend\products\urls.py changed, reloading.
Watching for file changes with StatReloader
D:\extras\Product Inventory System with Stock Management\inventory-backend\products\urls.py changed, reloading.
Watching for file changes with StatReloader
D:\extras\Product Inventory System with Stock Management\inventory-backend\products\urls.py changed, reloading.
Watching for file changes with StatReloader
Internal Server Error: /api/stock/dashboard_stats/
Traceback (most recent call last):
  File "C:\Users\User\AppData\Roaming\Python\Python311\site-packages\django\core\handlers\exception.py", line 55, in inner
    response = get_response(request)
               ^^^^^^^^^^^^^^^^^^^^^
  File "C:\Users\User\AppData\Roaming\Python\Python311\site-packages\django\core\handlers\base.py", line 197, in _get_response
    response = wrapped_callback(request, *callback_args, **callback_kwargs)
               ^^^^^^^^^^^^^^^^^^^^^^^^^^^^^^^^^^^^^^^^^^^^^^^^^^^^^^^^^^^^
  File "C:\Users\User\AppData\Roaming\Python\Python311\site-packages\django\views\decorators\csrf.py", line 65, in _view_wrapper
    return view_func(request, *args, **kwargs)
           ^^^^^^^^^^^^^^^^^^^^^^^^^^^^^^^^^^^
  File "C:\Users\User\AppData\Roaming\Python\Python311\site-packages\rest_framework\viewsets.py", line 125, in view
    return self.dispatch(request, *args, **kwargs)
           ^^^^^^^^^^^^^^^^^^^^^^^^^^^^^^^^^^^^^^^
  File "C:\Users\User\AppData\Roaming\Python\Python311\site-packages\rest_framework\views.py", line 515, in dispatch
    response = self.handle_exception(exc)
               ^^^^^^^^^^^^^^^^^^^^^^^^^^
  File "C:\Users\User\AppData\Roaming\Python\Python311\site-packages\rest_framework\views.py", line 475, in handle_exception
    self.raise_uncaught_exception(exc)
  File "C:\Users\User\AppData\Roaming\Python\Python311\site-packages\rest_framework\views.py", line 486, in raise_uncaught_exception
    raise exc
  File "C:\Users\User\AppData\Roaming\Python\Python311\site-packages\rest_framework\views.py", line 512, in dispatch
    response = handler(request, *args, **kwargs)
               ^^^^^^^^^^^^^^^^^^^^^^^^^^^^^^^^^
  File "D:\extras\Product Inventory System with Stock Management\inventory-backend\products\views.py", line 113, in dashboard_stats
    for pv in product_variants:
  File "C:\Users\User\AppData\Roaming\Python\Python311\site-packages\django\db\models\query.py", line 384, in __iter__
    self._fetch_all()
  File "C:\Users\User\AppData\Roaming\Python\Python311\site-packages\django\db\models\query.py", line 1949, in _fetch_all
    self._result_cache = list(self._iterable_class(self))
                         ^^^^^^^^^^^^^^^^^^^^^^^^^^^^^^^^
  File "C:\Users\User\AppData\Roaming\Python\Python311\site-packages\django\db\models\query.py", line 91, in __iter__
    results = compiler.execute_sql(
              ^^^^^^^^^^^^^^^^^^^^^
  File "C:\Users\User\AppData\Roaming\Python\Python311\site-packages\django\db\models\sql\compiler.py", line 1610, in execute_sql
    sql, params = self.as_sql()
                  ^^^^^^^^^^^^^
  File "C:\Users\User\AppData\Roaming\Python\Python311\site-packages\django\db\models\sql\compiler.py", line 766, in as_sql
    extra_select, order_by, group_by = self.pre_sql_setup(
                                       ^^^^^^^^^^^^^^^^^^^
  File "C:\Users\User\AppData\Roaming\Python\Python311\site-packages\django\db\models\sql\compiler.py", line 85, in pre_sql_setup
    self.setup_query(with_col_aliases=with_col_aliases)
  File "C:\Users\User\AppData\Roaming\Python\Python311\site-packages\django\db\models\sql\compiler.py", line 74, in setup_query
    self.select, self.klass_info, self.annotation_col_map = self.get_select(
                                                            ^^^^^^^^^^^^^^^^
  File "C:\Users\User\AppData\Roaming\Python\Python311\site-packages\django\db\models\sql\compiler.py", line 329, in get_select
    sql, params = col.select_format(self, sql, params)
                  ^^^^^^^^^^^^^^^^^^^^^^^^^^^^^^^^^^^^
  File "C:\Users\User\AppData\Roaming\Python\Python311\site-packages\django\db\models\expressions.py", line 498, in select_format
    if hasattr(self.output_field, "select_format"):
               ^^^^^^^^^^^^^^^^^
  File "C:\Users\User\AppData\Roaming\Python\Python311\site-packages\django\utils\functional.py", line 47, in __get__
    res = instance.__dict__[self.name] = self.func(instance)
                                         ^^^^^^^^^^^^^^^^^^^
  File "C:\Users\User\AppData\Roaming\Python\Python311\site-packages\django\db\models\expressions.py", line 327, in output_field
    output_field = self._resolve_output_field()
                   ^^^^^^^^^^^^^^^^^^^^^^^^^^^^
  File "C:\Users\User\AppData\Roaming\Python\Python311\site-packages\django\db\models\expressions.py", line 746, in _resolve_output_field
    type(self.lhs._output_field_or_none),
         ^^^^^^^^^^^^^^^^^^^^^^^^^^^^^^
  File "C:\Users\User\AppData\Roaming\Python\Python311\site-packages\django\db\models\expressions.py", line 341, in _output_field_or_none
    return self.output_field
           ^^^^^^^^^^^^^^^^^
  File "C:\Users\User\AppData\Roaming\Python\Python311\site-packages\django\utils\functional.py", line 47, in __get__
    res = instance.__dict__[self.name] = self.func(instance)
                                         ^^^^^^^^^^^^^^^^^^^
  File "C:\Users\User\AppData\Roaming\Python\Python311\site-packages\django\db\models\expressions.py", line 327, in output_field
    output_field = self._resolve_output_field()
                   ^^^^^^^^^^^^^^^^^^^^^^^^^^^^
  File "C:\Users\User\AppData\Roaming\Python\Python311\site-packages\django\db\models\expressions.py", line 365, in _resolve_output_field
    raise FieldError(
django.core.exceptions.FieldError: Expression contains mixed types: DecimalField, IntegerField. You must set output_field.
"GET /api/stock/dashboard_stats/ HTTP/1.1" 500 175568
Internal Server Error: /api/stock/dashboard_stats/
Traceback (most recent call last):
  File "C:\Users\User\AppData\Roaming\Python\Python311\site-packages\django\core\handlers\exception.py", line 55, in inner
    response = get_response(request)
               ^^^^^^^^^^^^^^^^^^^^^
  File "C:\Users\User\AppData\Roaming\Python\Python311\site-packages\django\core\handlers\base.py", line 197, in _get_response
    response = wrapped_callback(request, *callback_args, **callback_kwargs)
               ^^^^^^^^^^^^^^^^^^^^^^^^^^^^^^^^^^^^^^^^^^^^^^^^^^^^^^^^^^^^
  File "C:\Users\User\AppData\Roaming\Python\Python311\site-packages\django\views\decorators\csrf.py", line 65, in _view_wrapper
    return view_func(request, *args, **kwargs)
           ^^^^^^^^^^^^^^^^^^^^^^^^^^^^^^^^^^^
  File "C:\Users\User\AppData\Roaming\Python\Python311\site-packages\rest_framework\viewsets.py", line 125, in view
    return self.dispatch(request, *args, **kwargs)
           ^^^^^^^^^^^^^^^^^^^^^^^^^^^^^^^^^^^^^^^
  File "C:\Users\User\AppData\Roaming\Python\Python311\site-packages\rest_framework\views.py", line 515, in dispatch
    response = self.handle_exception(exc)
               ^^^^^^^^^^^^^^^^^^^^^^^^^^
  File "C:\Users\User\AppData\Roaming\Python\Python311\site-packages\rest_framework\views.py", line 475, in handle_exception
    self.raise_uncaught_exception(exc)
  File "C:\Users\User\AppData\Roaming\Python\Python311\site-packages\rest_framework\views.py", line 486, in raise_uncaught_exception
    raise exc
  File "C:\Users\User\AppData\Roaming\Python\Python311\site-packages\rest_framework\views.py", line 512, in dispatch
    response = handler(request, *args, **kwargs)
               ^^^^^^^^^^^^^^^^^^^^^^^^^^^^^^^^^
  File "D:\extras\Product Inventory System with Stock Management\inventory-backend\products\views.py", line 113, in dashboard_stats
    for pv in product_variants:
  File "C:\Users\User\AppData\Roaming\Python\Python311\site-packages\django\db\models\query.py", line 384, in __iter__
    self._fetch_all()
  File "C:\Users\User\AppData\Roaming\Python\Python311\site-packages\django\db\models\query.py", line 1949, in _fetch_all
    self._result_cache = list(self._iterable_class(self))
                         ^^^^^^^^^^^^^^^^^^^^^^^^^^^^^^^^
  File "C:\Users\User\AppData\Roaming\Python\Python311\site-packages\django\db\models\query.py", line 91, in __iter__
    results = compiler.execute_sql(
              ^^^^^^^^^^^^^^^^^^^^^
  File "C:\Users\User\AppData\Roaming\Python\Python311\site-packages\django\db\models\sql\compiler.py", line 1610, in execute_sql
    sql, params = self.as_sql()
                  ^^^^^^^^^^^^^
  File "C:\Users\User\AppData\Roaming\Python\Python311\site-packages\django\db\models\sql\compiler.py", line 766, in as_sql
    extra_select, order_by, group_by = self.pre_sql_setup(
                                       ^^^^^^^^^^^^^^^^^^^
  File "C:\Users\User\AppData\Roaming\Python\Python311\site-packages\django\db\models\sql\compiler.py", line 85, in pre_sql_setup
    self.setup_query(with_col_aliases=with_col_aliases)
  File "C:\Users\User\AppData\Roaming\Python\Python311\site-packages\django\db\models\sql\compiler.py", line 74, in setup_query
    self.select, self.klass_info, self.annotation_col_map = self.get_select(
                                                            ^^^^^^^^^^^^^^^^
  File "C:\Users\User\AppData\Roaming\Python\Python311\site-packages\django\db\models\sql\compiler.py", line 329, in get_select
    sql, params = col.select_format(self, sql, params)
                  ^^^^^^^^^^^^^^^^^^^^^^^^^^^^^^^^^^^^
  File "C:\Users\User\AppData\Roaming\Python\Python311\site-packages\django\db\models\expressions.py", line 498, in select_format
    if hasattr(self.output_field, "select_format"):
               ^^^^^^^^^^^^^^^^^
  File "C:\Users\User\AppData\Roaming\Python\Python311\site-packages\django\utils\functional.py", line 47, in __get__
    res = instance.__dict__[self.name] = self.func(instance)
                                         ^^^^^^^^^^^^^^^^^^^
  File "C:\Users\User\AppData\Roaming\Python\Python311\site-packages\django\db\models\expressions.py", line 327, in output_field
    output_field = self._resolve_output_field()
                   ^^^^^^^^^^^^^^^^^^^^^^^^^^^^
  File "C:\Users\User\AppData\Roaming\Python\Python311\site-packages\django\db\models\expressions.py", line 746, in _resolve_output_field
    type(self.lhs._output_field_or_none),
         ^^^^^^^^^^^^^^^^^^^^^^^^^^^^^^
  File "C:\Users\User\AppData\Roaming\Python\Python311\site-packages\django\db\models\expressions.py", line 341, in _output_field_or_none
    return self.output_field
           ^^^^^^^^^^^^^^^^^
  File "C:\Users\User\AppData\Roaming\Python\Python311\site-packages\django\utils\functional.py", line 47, in __get__
    res = instance.__dict__[self.name] = self.func(instance)
                                         ^^^^^^^^^^^^^^^^^^^
  File "C:\Users\User\AppData\Roaming\Python\Python311\site-packages\django\db\models\expressions.py", line 327, in output_field
    output_field = self._resolve_output_field()
                   ^^^^^^^^^^^^^^^^^^^^^^^^^^^^
  File "C:\Users\User\AppData\Roaming\Python\Python311\site-packages\django\db\models\expressions.py", line 365, in _resolve_output_field
    raise FieldError(
django.core.exceptions.FieldError: Expression contains mixed types: DecimalField, IntegerField. You must set output_field.
"GET /api/stock/dashboard_stats/ HTTP/1.1" 500 175568
D:\extras\Product Inventory System with Stock Management\inventory-backend\products\urls.py changed, reloading.
Watching for file changes with StatReloader
D:\extras\Product Inventory System with Stock Management\inventory-backend\products\views.py changed, reloading.
Watching for file changes with StatReloader
D:\extras\Product Inventory System with Stock Management\inventory-backend\products\views.py changed, reloading.
Watching for file changes with StatReloader
D:\extras\Product Inventory System with Stock Management\inventory-backend\products\views.py changed, reloading.
Watching for file changes with StatReloader
D:\extras\Product Inventory System with Stock Management\inventory-backend\products\views.py changed, reloading.
Watching for file changes with StatReloader
D:\extras\Product Inventory System with Stock Management\inventory-backend\products\views.py changed, reloading.
Watching for file changes with StatReloader
D:\extras\Product Inventory System with Stock Management\inventory-backend\products\views.py changed, reloading.
Watching for file changes with StatReloader
D:\extras\Product Inventory System with Stock Management\inventory-backend\products\views.py changed, reloading.
Watching for file changes with StatReloader
D:\extras\Product Inventory System with Stock Management\inventory-backend\products\views.py changed, reloading.
Watching for file changes with StatReloader
D:\extras\Product Inventory System with Stock Management\inventory-backend\products\views.py changed, reloading.
Watching for file changes with StatReloader
D:\extras\Product Inventory System with Stock Management\inventory-backend\products\views.py changed, reloading.
Watching for file changes with StatReloader
D:\extras\Product Inventory System with Stock Management\inventory-backend\products\views.py changed, reloading.
Watching for file changes with StatReloader
D:\extras\Product Inventory System with Stock Management\inventory-backend\products\views.py changed, reloading.
Watching for file changes with StatReloader
D:\extras\Product Inventory System with Stock Management\inventory-backend\products\views.py changed, reloading.
Watching for file changes with StatReloader
D:\extras\Product Inventory System with Stock Management\inventory-backend\products\views.py changed, reloading.
Watching for file changes with StatReloader
D:\extras\Product Inventory System with Stock Management\inventory-backend\products\views.py changed, reloading.
Watching for file changes with StatReloader
D:\extras\Product Inventory System with Stock Management\inventory-backend\products\views.py changed, reloading.
Watching for file changes with StatReloader
D:\extras\Product Inventory System with Stock Management\inventory-backend\products\views.py changed, reloading.
Watching for file changes with StatReloader
D:\extras\Product Inventory System with Stock Management\inventory-backend\products\views.py changed, reloading.
Watching for file changes with StatReloader
D:\extras\Product Inventory System with Stock Management\inventory-backend\products\urls.py changed, reloading.
Watching for file changes with StatReloader
Error in dashboard_stats: Expression contains mixed types: DecimalField, IntegerField. You must set output_field.
Internal Server Error: /api/stock/dashboard_stats/
"GET /api/stock/dashboard_stats/ HTTP/1.1" 500 99
Error in dashboard_stats: Expression contains mixed types: DecimalField, IntegerField. You must set output_field.
Internal Server Error: /api/stock/dashboard_stats/
"GET /api/stock/dashboard_stats/ HTTP/1.1" 500 99
D:\extras\Product Inventory System with Stock Management\inventory-backend\products\views.py changed, reloading.
Watching for file changes with StatReloader
Not Found: /api/stock/dashboard_stats/
"GET /api/stock/dashboard_stats/ HTTP/1.1" 404 9790
Not Found: /api/stock/dashboard_stats/
"GET /api/stock/dashboard_stats/ HTTP/1.1" 404 9790
Not Found: /api/stock/dashboard_stats/
"GET /api/stock/dashboard_stats/ HTTP/1.1" 404 9790
Not Found: /api/stock/dashboard_stats/
"GET /api/stock/dashboard_stats/ HTTP/1.1" 404 9790
D:\extras\Product Inventory System with Stock Management\inventory-backend\products\urls.py changed, reloading.
Watching for file changes with StatReloader
D:\extras\Product Inventory System with Stock Management\inventory-backend\products\urls.py changed, reloading.
Watching for file changes with StatReloader
Dashboard stats error: Expression contains mixed types: DecimalField, IntegerField. You must set output_field.
Internal Server Error: /api/stock/dashboard_stats/
"GET /api/stock/dashboard_stats/ HTTP/1.1" 500 99
Dashboard stats error: Expression contains mixed types: DecimalField, IntegerField. You must set output_field.
Internal Server Error: /api/stock/dashboard_stats/
"GET /api/stock/dashboard_stats/ HTTP/1.1" 500 99
D:\extras\Product Inventory System with Stock Management\inventory-backend\products\views.py changed, reloading.
Watching for file changes with StatReloader
D:\extras\Product Inventory System with Stock Management\inventory-backend\products\views.py changed, reloading.
Watching for file changes with StatReloader
D:\extras\Product Inventory System with Stock Management\inventory-backend\products\views.py changed, reloading.
Watching for file changes with StatReloader
Dashboard stats error: Expression contains mixed types: DecimalField, IntegerField. You must set output_field.
Internal Server Error: /api/stock/dashboard_stats/
"GET /api/stock/dashboard_stats/ HTTP/1.1" 500 99
Dashboard stats error: Expression contains mixed types: DecimalField, IntegerField. You must set output_field.
Internal Server Error: /api/stock/dashboard_stats/
"GET /api/stock/dashboard_stats/ HTTP/1.1" 500 99
D:\extras\Product Inventory System with Stock Management\inventory-backend\products\views.py changed, reloading.
Watching for file changes with StatReloader
D:\extras\Product Inventory System with Stock Management\inventory-backend\products\views.py changed, reloading.
Watching for file changes with StatReloader
D:\extras\Product Inventory System with Stock Management\inventory-backend\products\views.py changed, reloading.
Watching for file changes with StatReloader
D:\extras\Product Inventory System with Stock Management\inventory-backend\products\views.py changed, reloading.
Watching for file changes with StatReloader
"GET /api/stock/dashboard_stats/ HTTP/1.1" 200 146
"GET /api/stock/dashboard_stats/ HTTP/1.1" 200 146
"GET /api/stock/dashboard_stats/ HTTP/1.1" 200 146
"GET /api/stock/dashboard_stats/ HTTP/1.1" 200 146
"OPTIONS /api/stock/dashboard_stats/ HTTP/1.1" 200 0
"OPTIONS /api/stock/dashboard_stats/ HTTP/1.1" 200 0
"GET /api/stock/dashboard_stats/ HTTP/1.1" 200 146
"GET /api/stock/dashboard_stats/ HTTP/1.1" 200 146
"OPTIONS /api/products/?search=&page=1 HTTP/1.1" 200 0
"OPTIONS /api/products/?search=&page=1 HTTP/1.1" 200 0
"GET /api/products/?search=&page=1 HTTP/1.1" 200 52
"GET /api/products/?search=&page=1 HTTP/1.1" 200 52
"GET /api/stock/dashboard_stats/ HTTP/1.1" 200 146
"GET /api/stock/dashboard_stats/ HTTP/1.1" 200 146
"GET /api/stock/dashboard_stats/ HTTP/1.1" 200 146
"GET /api/products/?search=&page=1 HTTP/1.1" 200 52
"GET /api/products/?search=&page=1 HTTP/1.1" 200 52
"GET /api/stock/dashboard_stats/ HTTP/1.1" 200 146
"GET /api/stock/dashboard_stats/ HTTP/1.1" 200 146
"GET /api/products/?search=&page=1 HTTP/1.1" 200 52
"GET /api/products/?search=&page=1 HTTP/1.1" 200 52
"GET /api/stock/dashboard_stats/ HTTP/1.1" 200 146
"GET /api/stock/dashboard_stats/ HTTP/1.1" 200 146
"GET /api/products/?search=&page=1 HTTP/1.1" 200 52
"GET /api/products/?search=&page=1 HTTP/1.1" 200 52
"GET /api/stock/dashboard_stats/ HTTP/1.1" 200 146
"GET /api/stock/dashboard_stats/ HTTP/1.1" 200 146
"GET /api/products/?search=&page=1 HTTP/1.1" 200 52
"GET /api/products/?search=&page=1 HTTP/1.1" 200 52
"GET /api/stock/dashboard_stats/ HTTP/1.1" 200 146
"GET /api/stock/dashboard_stats/ HTTP/1.1" 200 146
"GET /api/products/?search=&page=1 HTTP/1.1" 200 52
"GET /api/products/?search=&page=1 HTTP/1.1" 200 52
"GET /api/stock/dashboard_stats/ HTTP/1.1" 200 146
"GET /api/stock/dashboard_stats/ HTTP/1.1" 200 146
"GET /api/products/?search=&page=1 HTTP/1.1" 200 52
"GET /api/products/?search=&page=1 HTTP/1.1" 200 52
"GET /api/stock/dashboard_stats/ HTTP/1.1" 200 146
"GET /api/stock/dashboard_stats/ HTTP/1.1" 200 146
"GET /api/stock/dashboard_stats/ HTTP/1.1" 200 146
"GET /api/stock/dashboard_stats/ HTTP/1.1" 200 146
"GET /api/products/?search=&page=1 HTTP/1.1" 200 52
"GET /api/products/?search=&page=1 HTTP/1.1" 200 52
"GET /api/products/?search=&page=1 HTTP/1.1" 200 52
"GET /api/products/?search=&page=1 HTTP/1.1" 200 52
"GET /api/products/?search=&page=1 HTTP/1.1" 200 52
"GET /api/products/?search=&page=1 HTTP/1.1" 200 52
"GET /api/stock/dashboard_stats/ HTTP/1.1" 200 146
"GET /api/stock/dashboard_stats/ HTTP/1.1" 200 146
"GET /api/stock/dashboard_stats/ HTTP/1.1" 200 146
"GET /api/products/?search=&page=1 HTTP/1.1" 200 52
"GET /api/products/?search=&page=1 HTTP/1.1" 200 52
"GET /admin/products/stock/add/ HTTP/1.1" 200 14527
"GET /admin/products/products/ HTTP/1.1" 200 12377
"GET /static/admin/css/base.css HTTP/1.1" 304 0
"GET /static/admin/css/dark_mode.css HTTP/1.1" 304 0
"GET /static/admin/js/theme.js HTTP/1.1" 304 0
"GET /static/admin/css/responsive.css HTTP/1.1" 304 0
"GET /static/admin/js/jquery.init.js HTTP/1.1" 304 0
"GET /static/admin/css/nav_sidebar.css HTTP/1.1" 304 0
"GET /static/admin/css/changelists.css HTTP/1.1" 304 0
"GET /static/admin/js/core.js HTTP/1.1" 304 0
"GET /static/admin/js/admin/RelatedObjectLookups.js HTTP/1.1" 304 0
"GET /static/admin/js/vendor/jquery/jquery.js HTTP/1.1" 304 0
"GET /static/admin/js/actions.js HTTP/1.1" 304 0
"GET /static/admin/js/prepopulate.js HTTP/1.1" 304 0
"GET /static/admin/js/urlify.js HTTP/1.1" 304 0
"GET /static/admin/js/vendor/xregexp/xregexp.js HTTP/1.1" 304 0
"GET /static/admin/img/search.svg HTTP/1.1" 304 0
"GET /admin/jsi18n/ HTTP/1.1" 200 3342
"GET /static/admin/js/nav_sidebar.js HTTP/1.1" 304 0
"GET /static/admin/js/filters.js HTTP/1.1" 304 0
"GET /static/admin/img/tooltag-add.svg HTTP/1.1" 304 0
"GET /static/admin/img/icon-viewlink.svg HTTP/1.1" 304 0
"GET /admin/products/products/add/ HTTP/1.1" 200 23483
"GET /static/admin/css/forms.css HTTP/1.1" 304 0
"GET /static/admin/js/admin/DateTimeShortcuts.js HTTP/1.1" 304 0
"GET /static/admin/js/inlines.js HTTP/1.1" 304 0
"GET /admin/jsi18n/ HTTP/1.1" 200 3342
"GET /static/admin/js/calendar.js HTTP/1.1" 304 0
"GET /static/admin/css/widgets.css HTTP/1.1" 304 0
"GET /static/admin/js/prepopulate_init.js HTTP/1.1" 304 0
"GET /static/admin/img/icon-changelink.svg HTTP/1.1" 304 0
"GET /static/admin/js/change_form.js HTTP/1.1" 304 0
"GET /static/admin/img/icon-addlink.svg HTTP/1.1" 304 0
"GET /static/admin/img/inline-delete.svg HTTP/1.1" 304 0
"GET /static/admin/img/icon-calendar.svg HTTP/1.1" 304 0
"GET /static/admin/img/icon-clock.svg HTTP/1.1" 304 0
"GET /static/admin/img/calendar-icons.svg HTTP/1.1" 200 2455
"POST /admin/products/products/add/ HTTP/1.1" 302 0
"GET /admin/products/products/ HTTP/1.1" 200 14585
"GET /static/admin/img/icon-yes.svg HTTP/1.1" 304 0
"GET /admin/jsi18n/ HTTP/1.1" 200 3342
"GET /api/products/?search=&page=1 HTTP/1.1" 200 431
"GET /api/products/?search=&page=1 HTTP/1.1" 200 431
"GET /api/products/?search=&page=1 HTTP/1.1" 200 431
"GET /api/products/?search=&page=1 HTTP/1.1" 200 431
"GET /admin/products/stock/ HTTP/1.1" 200 12406
"GET /admin/jsi18n/ HTTP/1.1" 200 3342
"GET /admin/products/stock/add/ HTTP/1.1" 200 14527
"GET /admin/jsi18n/ HTTP/1.1" 200 3342
"GET /admin/products/products/ HTTP/1.1" 200 14346
"GET /admin/jsi18n/ HTTP/1.1" 200 3342
"GET /admin/products/variant/ HTTP/1.1" 200 10590
"GET /admin/jsi18n/ HTTP/1.1" 200 3342
"GET /admin/products/variant/add/ HTTP/1.1" 200 15659
"GET /admin/jsi18n/ HTTP/1.1" 200 3342
"POST /admin/products/variant/add/ HTTP/1.1" 302 0
"GET /admin/products/variant/ HTTP/1.1" 200 12363
"GET /admin/jsi18n/ HTTP/1.1" 200 3342
"GET /admin/products/variant/0ded4bd4-a19c-45ee-8706-ce55337362e5/change/ HTTP/1.1" 200 16057
"GET /admin/jsi18n/ HTTP/1.1" 200 3342
"POST /admin/products/variant/0ded4bd4-a19c-45ee-8706-ce55337362e5/change/ HTTP/1.1" 302 0
"GET /admin/products/variant/ HTTP/1.1" 200 12365
"GET /admin/jsi18n/ HTTP/1.1" 200 3342
"GET /admin/products/variant/0ded4bd4-a19c-45ee-8706-ce55337362e5/change/ HTTP/1.1" 200 16951
"GET /admin/jsi18n/ HTTP/1.1" 200 3342
"POST /admin/products/variant/0ded4bd4-a19c-45ee-8706-ce55337362e5/change/ HTTP/1.1" 302 0
"GET /admin/products/variant/ HTTP/1.1" 200 12365
"GET /admin/jsi18n/ HTTP/1.1" 200 3342
"GET /admin/products/productvariant/ HTTP/1.1" 200 10969
"GET /admin/jsi18n/ HTTP/1.1" 200 3342
"GET /admin/products/productvariant/add/ HTTP/1.1" 200 23236
"GET /admin/jsi18n/ HTTP/1.1" 200 3342
"GET /admin/products/stock/ HTTP/1.1" 200 12406
"GET /admin/jsi18n/ HTTP/1.1" 200 3342
"GET /admin/products/stock/add/ HTTP/1.1" 200 14527
"GET /admin/jsi18n/ HTTP/1.1" 200 3342
"GET /admin/products/productvariant/ HTTP/1.1" 200 10969
"GET /admin/jsi18n/ HTTP/1.1" 200 3342
"GET /admin/products/productvariant/add/ HTTP/1.1" 200 23236
"GET /admin/jsi18n/ HTTP/1.1" 200 3342
"POST /admin/products/productvariant/add/ HTTP/1.1" 302 0
"GET /admin/products/productvariant/ HTTP/1.1" 200 12959
"GET /admin/jsi18n/ HTTP/1.1" 200 3342
"GET /admin/products/products/ HTTP/1.1" 200 14346
"GET /admin/jsi18n/ HTTP/1.1" 200 3342
"GET /admin/products/stock/ HTTP/1.1" 200 14655
"GET /admin/jsi18n/ HTTP/1.1" 200 3342
"GET /static/admin/img/sorting-icons.svg HTTP/1.1" 304 0
"GET /admin/products/stock/add/ HTTP/1.1" 200 14606
"GET /admin/jsi18n/ HTTP/1.1" 200 3342
"POST /admin/products/stock/add/ HTTP/1.1" 302 0
"GET /admin/products/stock/ HTTP/1.1" 200 15424
"GET /admin/jsi18n/ HTTP/1.1" 200 3342
"GET /api/products/?search=&page=1 HTTP/1.1" 200 746
"GET /api/products/?search=&page=1 HTTP/1.1" 200 746
"GET /api/products/?search=&page=1 HTTP/1.1" 200 746
"GET /api/products/?search=&page=1 HTTP/1.1" 200 746
"OPTIONS /api/products/5913f969-4e23-4635-8ccf-86d35b18229d/ HTTP/1.1" 200 0
"DELETE /api/products/5913f969-4e23-4635-8ccf-86d35b18229d/ HTTP/1.1" 204 0
"GET /api/products/?search=&page=1 HTTP/1.1" 200 52
"GET /admin/products/stock/ HTTP/1.1" 200 12406
"GET /admin/jsi18n/ HTTP/1.1" 200 3342
"GET /admin/products/products/ HTTP/1.1" 200 12377
"GET /admin/jsi18n/ HTTP/1.1" 200 3342
"GET /admin/products/stock/ HTTP/1.1" 200 12406
"GET /admin/jsi18n/ HTTP/1.1" 200 3342
"GET /admin/products/variant/ HTTP/1.1" 200 10590
"GET /admin/jsi18n/ HTTP/1.1" 200 3342
"GET /admin/products/productvariant/ HTTP/1.1" 200 10969
"GET /admin/jsi18n/ HTTP/1.1" 200 3342
"GET /api/products/?search=&page=1 HTTP/1.1" 200 52
"GET /api/products/?search=&page=1 HTTP/1.1" 200 52
"GET /api/products/?search=&page=1 HTTP/1.1" 200 52
"GET /api/products/?search=&page=1 HTTP/1.1" 200 52
"GET /api/products/?search=&page=1 HTTP/1.1" 200 52
"GET /api/products/?search=&page=1 HTTP/1.1" 200 52
"GET /api/products/?search=&page=1 HTTP/1.1" 200 52
"GET /api/products/?search=&page=1 HTTP/1.1" 200 52
"GET /api/products/?search=&page=1 HTTP/1.1" 200 52
"GET /api/products/?search=&page=1 HTTP/1.1" 200 52
"GET /api/products/?search=&page=1 HTTP/1.1" 200 52
"GET /api/products/?search=&page=1 HTTP/1.1" 200 52
"GET /api/products/?search=&page=1 HTTP/1.1" 200 52
"GET /api/products/?search=&page=1 HTTP/1.1" 200 52
"GET /api/products/?search=&page=1 HTTP/1.1" 200 52
"GET /api/products/?search=&page=1 HTTP/1.1" 200 52
"GET /api/products/?search=&page=1 HTTP/1.1" 200 52
"GET /api/products/?search=&page=1 HTTP/1.1" 200 52
"GET /api/stock/dashboard_stats/ HTTP/1.1" 200 146
"GET /api/stock/dashboard_stats/ HTTP/1.1" 200 146
"GET /api/products/?search=&page=1 HTTP/1.1" 200 52
"GET /api/products/?search=&page=1 HTTP/1.1" 200 52
"GET /api/products/?search=&page=1 HTTP/1.1" 200 52
"GET /api/products/?search=&page=1 HTTP/1.1" 200 52
"GET /api/products/?search=&page=1 HTTP/1.1" 200 52
"GET /api/products/?search=&page=1 HTTP/1.1" 200 52
"GET /api/stock/dashboard_stats/ HTTP/1.1" 200 146
"GET /api/stock/dashboard_stats/ HTTP/1.1" 200 146
"GET /api/products/?search=&page=1 HTTP/1.1" 200 52
"GET /api/products/?search=&page=1 HTTP/1.1" 200 52
"GET /api/stock/dashboard_stats/ HTTP/1.1" 200 146
"GET /api/stock/dashboard_stats/ HTTP/1.1" 200 146
"GET /api/products/?search=&page=1 HTTP/1.1" 200 52
"GET /api/products/?search=&page=1 HTTP/1.1" 200 52
"OPTIONS /api/products/ HTTP/1.1" 200 0
Bad Request: /api/products/
"POST /api/products/ HTTP/1.1" 400 132
"GET /api/products/?search=&page=1 HTTP/1.1" 200 52
"GET /api/products/?search=&page=1 HTTP/1.1" 200 52
"GET /api/products/?search=&page=1 HTTP/1.1" 200 52
"GET /api/products/?search=&page=1 HTTP/1.1" 200 52
"GET /api/products/?search=&page=1 HTTP/1.1" 200 52
"GET /api/products/?search=&page=1 HTTP/1.1" 200 52
"GET /api/stock/dashboard_stats/ HTTP/1.1" 200 146
"GET /api/stock/dashboard_stats/ HTTP/1.1" 200 146
"GET /api/products/?search=&page=1 HTTP/1.1" 200 52
"GET /api/products/?search=&page=1 HTTP/1.1" 200 52
D:\extras\Product Inventory System with Stock Management\inventory-backend\products\views.py changed, reloading.
Watching for file changes with StatReloader
D:\extras\Product Inventory System with Stock Management\inventory-backend\products\views.py changed, reloading.
Watching for file changes with StatReloader
"GET /api/products/?search=&page=1 HTTP/1.1" 200 52
"GET /api/products/?search=&page=1 HTTP/1.1" 200 52
"OPTIONS /api/products/ HTTP/1.1" 200 0
Bad Request: /api/products/
"POST /api/products/ HTTP/1.1" 400 92
"GET /admin/products/productvariant/ HTTP/1.1" 200 10969
"OPTIONS /api/products/?search=&page=1 HTTP/1.1" 200 0
"OPTIONS /api/products/?search=&page=1 HTTP/1.1" 200 0
"GET /api/products/?search=&page=1 HTTP/1.1" 200 52
"GET /api/products/?search=&page=1 HTTP/1.1" 200 52
"GET /api/products/?search=&page=1 HTTP/1.1" 200 52
"GET /api/products/?search=&page=1 HTTP/1.1" 200 52
"OPTIONS /api/stock/dashboard_stats/ HTTP/1.1" 200 0
"OPTIONS /api/stock/dashboard_stats/ HTTP/1.1" 200 0
"GET /api/stock/dashboard_stats/ HTTP/1.1" 200 146
"GET /api/stock/dashboard_stats/ HTTP/1.1" 200 146
"GET /api/products/?search=&page=1 HTTP/1.1" 200 52
"GET /api/products/?search=&page=1 HTTP/1.1" 200 52
Bad Request: /api/products/
"POST /api/products/ HTTP/1.1" 400 92
D:\extras\Product Inventory System with Stock Management\inventory-backend\products\models.py changed, reloading.
Watching for file changes with StatReloader
Watching for file changes with StatReloader
"GET /api/products/?search=&page=1 HTTP/1.1" 200 52
"GET /api/products/?search=&page=1 HTTP/1.1" 200 52
Bad Request: /api/products/
"POST /api/products/ HTTP/1.1" 400 41
"GET /api/products/?search=&page=1 HTTP/1.1" 200 52
"GET /api/products/?search=&page=1 HTTP/1.1" 200 52
"GET /api/products/?search=&page=1 HTTP/1.1" 200 52
"GET /api/products/?search=&page=1 HTTP/1.1" 200 52
Bad Request: /api/products/
"POST /api/products/ HTTP/1.1" 400 41
D:\extras\Product Inventory System with Stock Management\inventory-backend\products\views.py changed, reloading.
Watching for file changes with StatReloader
D:\extras\Product Inventory System with Stock Management\inventory-backend\products\views.py changed, reloading.
Watching for file changes with StatReloader
D:\extras\Product Inventory System with Stock Management\inventory-backend\products\views.py changed, reloading.
Watching for file changes with StatReloader
Bad Request: /api/products/
"POST /api/products/ HTTP/1.1" 400 92
Watching for file changes with StatReloader
"GET /admin/products/productvariant/ HTTP/1.1" 200 10969
"GET /static/admin/css/base.css HTTP/1.1" 304 0
"GET /static/admin/css/dark_mode.css HTTP/1.1" 304 0
"GET /static/admin/css/responsive.css HTTP/1.1" 304 0
"GET /static/admin/js/theme.js HTTP/1.1" 304 0
"GET /static/admin/js/vendor/jquery/jquery.js HTTP/1.1" 304 0
"GET /static/admin/js/vendor/xregexp/xregexp.js HTTP/1.1" 304 0
"GET /static/admin/css/nav_sidebar.css HTTP/1.1" 304 0
"GET /static/admin/css/changelists.css HTTP/1.1" 304 0
"GET /static/admin/js/prepopulate.js HTTP/1.1" 304 0
"GET /static/admin/js/admin/RelatedObjectLookups.js HTTP/1.1" 304 0
"GET /static/admin/js/urlify.js HTTP/1.1" 304 0
"GET /static/admin/js/jquery.init.js HTTP/1.1" 304 0
"GET /static/admin/js/actions.js HTTP/1.1" 304 0
"GET /static/admin/js/core.js HTTP/1.1" 304 0
"GET /static/admin/img/search.svg HTTP/1.1" 304 0
"GET /static/admin/js/nav_sidebar.js HTTP/1.1" 304 0
"GET /static/admin/js/filters.js HTTP/1.1" 304 0
"GET /admin/jsi18n/ HTTP/1.1" 200 3342
"GET /static/admin/img/icon-addlink.svg HTTP/1.1" 304 0
"GET /static/admin/img/tooltag-add.svg HTTP/1.1" 304 0
"GET /api/stock/dashboard_stats/ HTTP/1.1" 200 146
"GET /api/stock/dashboard_stats/ HTTP/1.1" 200 146
"GET /api/stock/dashboard_stats/ HTTP/1.1" 200 146
"GET /api/products/?search=&page=1 HTTP/1.1" 200 52
"GET /api/products/?search=&page=1 HTTP/1.1" 200 52
Bad Request: /api/products/
"POST /api/products/ HTTP/1.1" 400 92
D:\extras\Product Inventory System with Stock Management\inventory-backend\products\views.py changed, reloading.
Watching for file changes with StatReloader
D:\extras\Product Inventory System with Stock Management\inventory-backend\products\views.py changed, reloading.
Watching for file changes with StatReloader
D:\extras\Product Inventory System with Stock Management\inventory-backend\products\views.py changed, reloading.
Watching for file changes with StatReloader
D:\extras\Product Inventory System with Stock Management\inventory-backend\products\views.py changed, reloading.
Watching for file changes with StatReloader
D:\extras\Product Inventory System with Stock Management\inventory-backend\products\views.py changed, reloading.
Watching for file changes with StatReloader
D:\extras\Product Inventory System with Stock Management\inventory-backend\products\views.py changed, reloading.
Watching for file changes with StatReloader
D:\extras\Product Inventory System with Stock Management\inventory-backend\products\views.py changed, reloading.
Watching for file changes with StatReloader
D:\extras\Product Inventory System with Stock Management\inventory-backend\products\views.py changed, reloading.
Watching for file changes with StatReloader
Watching for file changes with StatReloader
"GET /api/stock/dashboard_stats/ HTTP/1.1" 200 146
"GET /api/stock/dashboard_stats/ HTTP/1.1" 200 146
"GET /api/stock/dashboard_stats/ HTTP/1.1" 200 146
"GET /api/stock/dashboard_stats/ HTTP/1.1" 200 146
"GET /api/stock/dashboard_stats/ HTTP/1.1" 200 146
"GET /api/stock/dashboard_stats/ HTTP/1.1" 200 146
"GET /api/products/?search=&page=1 HTTP/1.1" 200 52
"GET /api/products/?search=&page=1 HTTP/1.1" 200 52
"GET /api/products/?search=&page=1 HTTP/1.1" 200 52
"GET /api/products/?search=&page=1 HTTP/1.1" 200 52
"GET /api/stock/dashboard_stats/ HTTP/1.1" 200 146
"GET /api/stock/dashboard_stats/ HTTP/1.1" 200 146
"GET /api/products/?search=&page=1 HTTP/1.1" 200 52
"GET /api/products/?search=&page=1 HTTP/1.1" 200 52
Bad Request: /api/products/
"POST /api/products/ HTTP/1.1" 400 92
D:\extras\Product Inventory System with Stock Management\inventory-backend\products\serializers.py changed, reloading.
Watching for file changes with StatReloader
D:\extras\Product Inventory System with Stock Management\inventory-backend\products\serializers.py changed, reloading.
Watching for file changes with StatReloader
Bad Request: /api/products/
"POST /api/products/ HTTP/1.1" 400 89
D:\extras\Product Inventory System with Stock Management\inventory-backend\products\views.py changed, reloading.
Watching for file changes with StatReloader
Generated 2 variants for product bb70b47f-114f-4e14-b72b-6a2d83d3162e
"POST /api/products/ HTTP/1.1" 201 933
"GET /api/products/?search=&page=1 HTTP/1.1" 200 985
"GET /api/products/?search=&page=1 HTTP/1.1" 200 985
"OPTIONS /api/products/undefined/ HTTP/1.1" 200 0
"OPTIONS /api/products/undefined/ HTTP/1.1" 200 0
"OPTIONS /api/product-variants/ HTTP/1.1" 200 0
"OPTIONS /api/product-variants/ HTTP/1.1" 200 0
Not Found: /api/products/undefined/
"GET /api/products/undefined/ HTTP/1.1" 404 23
Not Found: /api/products/undefined/
"GET /api/products/undefined/ HTTP/1.1" 404 23
"GET /api/product-variants/ HTTP/1.1" 200 429
"GET /api/product-variants/ HTTP/1.1" 200 429
"GET /api/products/?search=&page=1 HTTP/1.1" 200 985
"GET /api/products/?search=&page=1 HTTP/1.1" 200 985
Bad Request: /api/products/
"POST /api/products/ HTTP/1.1" 400 114
"GET /api/products/?search=&page=1 HTTP/1.1" 200 985
"GET /api/products/?search=&page=1 HTTP/1.1" 200 985
Not Found: /api/products/undefined/
"GET /api/products/undefined/ HTTP/1.1" 404 23
Not Found: /api/products/undefined/
"GET /api/products/undefined/ HTTP/1.1" 404 23
"GET /api/product-variants/ HTTP/1.1" 200 429
"GET /api/product-variants/ HTTP/1.1" 200 429
"OPTIONS /api/products/undefined/generate_variants/ HTTP/1.1" 200 0
Not Found: /api/products/undefined/generate_variants/
"POST /api/products/undefined/generate_variants/ HTTP/1.1" 404 23
"GET /api/products/?search=&page=1 HTTP/1.1" 200 985
"GET /api/products/?search=&page=1 HTTP/1.1" 200 985
"GET /api/products/?search=&page=1 HTTP/1.1" 200 985
"GET /api/products/?search=&page=1 HTTP/1.1" 200 985
Not Found: /api/products/undefined/
"GET /api/products/undefined/ HTTP/1.1" 404 23
"GET /api/product-variants/ HTTP/1.1" 200 429
Not Found: /api/products/undefined/
"GET /api/products/undefined/ HTTP/1.1" 404 23
"GET /api/product-variants/ HTTP/1.1" 200 429
"GET /api/products/?search=&page=1 HTTP/1.1" 200 985
"GET /api/products/?search=&page=1 HTTP/1.1" 200 985
"OPTIONS /api/products/bb70b47f-114f-4e14-b72b-6a2d83d3162e/ HTTP/1.1" 200 0
"DELETE /api/products/bb70b47f-114f-4e14-b72b-6a2d83d3162e/ HTTP/1.1" 204 0
"GET /api/products/?search=&page=1 HTTP/1.1" 200 52
Generated 4 variants for product 9cf2d65c-fa7d-4f8a-a83b-b95be6be3972
"POST /api/products/ HTTP/1.1" 201 1425
"GET /api/products/?search=&page=1 HTTP/1.1" 200 1477
"GET /api/products/?search=&page=1 HTTP/1.1" 200 1477
Not Found: /api/products/undefined/
"GET /api/products/undefined/ HTTP/1.1" 404 23
Not Found: /api/products/undefined/
"GET /api/products/undefined/ HTTP/1.1" 404 23
"GET /api/product-variants/ HTTP/1.1" 200 805
"GET /api/product-variants/ HTTP/1.1" 200 805
"GET /api/products/?search=&page=1 HTTP/1.1" 200 1477
"GET /api/products/?search=&page=1 HTTP/1.1" 200 1477
"GET /api/products/?search=&page=1 HTTP/1.1" 200 1477
"GET /api/products/?search=&page=1 HTTP/1.1" 200 1477
"GET /api/products/?search=&page=1 HTTP/1.1" 200 1477
"GET /api/products/?search=&page=1 HTTP/1.1" 200 1477
"OPTIONS /api/products/9cf2d65c-fa7d-4f8a-a83b-b95be6be3972/ HTTP/1.1" 200 0
"OPTIONS /api/products/9cf2d65c-fa7d-4f8a-a83b-b95be6be3972/ HTTP/1.1" 200 0
"GET /api/products/9cf2d65c-fa7d-4f8a-a83b-b95be6be3972/ HTTP/1.1" 200 1425
"GET /api/products/9cf2d65c-fa7d-4f8a-a83b-b95be6be3972/ HTTP/1.1" 200 1425
Bad Request: /api/products/
"POST /api/products/ HTTP/1.1" 400 114
"GET /api/products/9cf2d65c-fa7d-4f8a-a83b-b95be6be3972/ HTTP/1.1" 200 1425
"GET /api/products/9cf2d65c-fa7d-4f8a-a83b-b95be6be3972/ HTTP/1.1" 200 1425
D:\extras\Product Inventory System with Stock Management\inventory-backend\products\serializers.py changed, reloading.
Watching for file changes with StatReloader
"GET /api/products/9cf2d65c-fa7d-4f8a-a83b-b95be6be3972/ HTTP/1.1" 200 1425
"GET /api/products/9cf2d65c-fa7d-4f8a-a83b-b95be6be3972/ HTTP/1.1" 200 1425
Bad Request: /api/products/
"POST /api/products/ HTTP/1.1" 400 114
"GET /api/products/9cf2d65c-fa7d-4f8a-a83b-b95be6be3972/ HTTP/1.1" 200 1425
"GET /api/products/9cf2d65c-fa7d-4f8a-a83b-b95be6be3972/ HTTP/1.1" 200 1425
"GET /api/products/9cf2d65c-fa7d-4f8a-a83b-b95be6be3972/ HTTP/1.1" 200 1425
"GET /api/products/9cf2d65c-fa7d-4f8a-a83b-b95be6be3972/ HTTP/1.1" 200 1425
"GET /api/products/?search=&page=1 HTTP/1.1" 200 1477
"GET /api/products/?search=&page=1 HTTP/1.1" 200 1477
Watching for file changes with StatReloader
"GET /api/products/?search=&page=1 HTTP/1.1" 200 1477
"GET /api/products/?search=&page=1 HTTP/1.1" 200 1477
"GET /api/products/?search=&page=1 HTTP/1.1" 200 1477
"GET /api/products/9cf2d65c-fa7d-4f8a-a83b-b95be6be3972/ HTTP/1.1" 200 1425
"GET /api/products/9cf2d65c-fa7d-4f8a-a83b-b95be6be3972/ HTTP/1.1" 200 1425
Bad Request: /api/products/
"POST /api/products/ HTTP/1.1" 400 114
"GET /api/products/9cf2d65c-fa7d-4f8a-a83b-b95be6be3972/ HTTP/1.1" 200 1425
"GET /api/products/9cf2d65c-fa7d-4f8a-a83b-b95be6be3972/ HTTP/1.1" 200 1425
"GET /api/products/9cf2d65c-fa7d-4f8a-a83b-b95be6be3972/ HTTP/1.1" 200 1425
"GET /api/products/?search=&page=1 HTTP/1.1" 200 1477
"GET /api/products/9cf2d65c-fa7d-4f8a-a83b-b95be6be3972/ HTTP/1.1" 200 1425
"GET /api/products/?search=&page=1 HTTP/1.1" 200 1477
Not Found: /api/products/undefined/
"GET /api/products/undefined/ HTTP/1.1" 404 23
Not Found: /api/products/undefined/
"GET /api/products/undefined/ HTTP/1.1" 404 23
"GET /api/product-variants/ HTTP/1.1" 200 805
"GET /api/product-variants/ HTTP/1.1" 200 805
Not Found: /api/products/undefined/generate_variants/
"POST /api/products/undefined/generate_variants/ HTTP/1.1" 404 23
"GET /api/products/?search=&page=1 HTTP/1.1" 200 1477
"GET /api/products/?search=&page=1 HTTP/1.1" 200 1477
"DELETE /api/products/9cf2d65c-fa7d-4f8a-a83b-b95be6be3972/ HTTP/1.1" 204 0
"GET /api/products/?search=&page=1 HTTP/1.1" 200 52
Generated 3 variants for product cfbe5872-cc65-4ee7-ab3f-410ba99a9b00
"POST /api/products/ HTTP/1.1" 201 1171
Not Found: /api/products/undefined/
"GET /api/products/undefined/ HTTP/1.1" 404 23
Not Found: /api/products/undefined/
"GET /api/products/undefined/ HTTP/1.1" 404 23
"GET /api/product-variants/ HTTP/1.1" 200 611
"GET /api/product-variants/ HTTP/1.1" 200 611
Not Found: /api/products/undefined/generate_variants/
"POST /api/products/undefined/generate_variants/ HTTP/1.1" 404 23
"GET /api/products/?search=&page=1 HTTP/1.1" 200 1223
"GET /api/products/?search=&page=1 HTTP/1.1" 200 1223
"OPTIONS /api/products/cfbe5872-cc65-4ee7-ab3f-410ba99a9b00/ HTTP/1.1" 200 0
"OPTIONS /api/products/cfbe5872-cc65-4ee7-ab3f-410ba99a9b00/ HTTP/1.1" 200 0
"GET /api/products/cfbe5872-cc65-4ee7-ab3f-410ba99a9b00/ HTTP/1.1" 200 1171
"GET /api/products/cfbe5872-cc65-4ee7-ab3f-410ba99a9b00/ HTTP/1.1" 200 1171
Bad Request: /api/products/
"POST /api/products/ HTTP/1.1" 400 114
"GET /api/products/cfbe5872-cc65-4ee7-ab3f-410ba99a9b00/ HTTP/1.1" 200 1171
"GET /api/products/cfbe5872-cc65-4ee7-ab3f-410ba99a9b00/ HTTP/1.1" 200 1171
"GET /api/products/cfbe5872-cc65-4ee7-ab3f-410ba99a9b00/ HTTP/1.1" 200 1171
"GET /api/products/cfbe5872-cc65-4ee7-ab3f-410ba99a9b00/ HTTP/1.1" 200 1171
"GET /api/products/cfbe5872-cc65-4ee7-ab3f-410ba99a9b00/ HTTP/1.1" 200 1171
"GET /api/products/cfbe5872-cc65-4ee7-ab3f-410ba99a9b00/ HTTP/1.1" 200 1171
"GET /api/products/cfbe5872-cc65-4ee7-ab3f-410ba99a9b00/ HTTP/1.1" 200 1171
"GET /api/products/cfbe5872-cc65-4ee7-ab3f-410ba99a9b00/ HTTP/1.1" 200 1171
Bad Request: /api/products/
"POST /api/products/ HTTP/1.1" 400 114
"GET /api/products/cfbe5872-cc65-4ee7-ab3f-410ba99a9b00/ HTTP/1.1" 200 1171
"GET /api/products/cfbe5872-cc65-4ee7-ab3f-410ba99a9b00/ HTTP/1.1" 200 1171
"GET /api/products/cfbe5872-cc65-4ee7-ab3f-410ba99a9b00/ HTTP/1.1" 200 1171
"GET /api/products/cfbe5872-cc65-4ee7-ab3f-410ba99a9b00/ HTTP/1.1" 200 1171
Bad Request: /api/products/
"POST /api/products/ HTTP/1.1" 400 58
"GET /api/products/cfbe5872-cc65-4ee7-ab3f-410ba99a9b00/ HTTP/1.1" 200 1171
"GET /api/products/cfbe5872-cc65-4ee7-ab3f-410ba99a9b00/ HTTP/1.1" 200 1171
"GET /api/products/cfbe5872-cc65-4ee7-ab3f-410ba99a9b00/ HTTP/1.1" 200 1171
"GET /api/products/cfbe5872-cc65-4ee7-ab3f-410ba99a9b00/ HTTP/1.1" 200 1171
"GET /api/products/?search=&page=1 HTTP/1.1" 200 1223
"GET /api/products/?search=&page=1 HTTP/1.1" 200 1223
"GET /api/products/cfbe5872-cc65-4ee7-ab3f-410ba99a9b00/ HTTP/1.1" 200 1171
"GET /api/products/cfbe5872-cc65-4ee7-ab3f-410ba99a9b00/ HTTP/1.1" 200 1171
Bad Request: /api/products/
"POST /api/products/ HTTP/1.1" 400 114
"GET /api/products/cfbe5872-cc65-4ee7-ab3f-410ba99a9b00/ HTTP/1.1" 200 1171
"GET /api/products/cfbe5872-cc65-4ee7-ab3f-410ba99a9b00/ HTTP/1.1" 200 1171
"GET /api/products/cfbe5872-cc65-4ee7-ab3f-410ba99a9b00/ HTTP/1.1" 200 1171
"GET /api/products/cfbe5872-cc65-4ee7-ab3f-410ba99a9b00/ HTTP/1.1" 200 1171
D:\extras\Product Inventory System with Stock Management\inventory-backend\products\serializers.py changed, reloading.
Watching for file changes with StatReloader
D:\extras\Product Inventory System with Stock Management\inventory-backend\products\serializers.py changed, reloading.
Watching for file changes with StatReloader
"GET /api/products/cfbe5872-cc65-4ee7-ab3f-410ba99a9b00/ HTTP/1.1" 200 1171
"GET /api/products/cfbe5872-cc65-4ee7-ab3f-410ba99a9b00/ HTTP/1.1" 200 1171
Bad Request: /api/products/
"POST /api/products/ HTTP/1.1" 400 114
"GET /api/products/cfbe5872-cc65-4ee7-ab3f-410ba99a9b00/ HTTP/1.1" 200 1171
"GET /api/products/cfbe5872-cc65-4ee7-ab3f-410ba99a9b00/ HTTP/1.1" 200 1171
"GET /api/products/cfbe5872-cc65-4ee7-ab3f-410ba99a9b00/ HTTP/1.1" 200 1171
"GET /api/products/cfbe5872-cc65-4ee7-ab3f-410ba99a9b00/ HTTP/1.1" 200 1171
"GET /api/products/?search=&page=1 HTTP/1.1" 200 1223
"GET /api/products/?search=&page=1 HTTP/1.1" 200 1223
"GET /api/products/cfbe5872-cc65-4ee7-ab3f-410ba99a9b00/ HTTP/1.1" 200 1171
"GET /api/products/cfbe5872-cc65-4ee7-ab3f-410ba99a9b00/ HTTP/1.1" 200 1171
Bad Request: /api/products/
"POST /api/products/ HTTP/1.1" 400 114
"GET /api/products/cfbe5872-cc65-4ee7-ab3f-410ba99a9b00/ HTTP/1.1" 200 1171
"GET /api/products/cfbe5872-cc65-4ee7-ab3f-410ba99a9b00/ HTTP/1.1" 200 1171
"GET /api/products/cfbe5872-cc65-4ee7-ab3f-410ba99a9b00/ HTTP/1.1" 200 1171
"GET /api/products/cfbe5872-cc65-4ee7-ab3f-410ba99a9b00/ HTTP/1.1" 200 1171
"GET /api/products/?search=&page=1 HTTP/1.1" 200 1223
"GET /api/products/?search=&page=1 HTTP/1.1" 200 1223
Not Found: /api/products/undefined/
"GET /api/products/undefined/ HTTP/1.1" 404 23
Not Found: /api/products/undefined/
"GET /api/products/undefined/ HTTP/1.1" 404 23
"GET /api/product-variants/ HTTP/1.1" 200 611
"GET /api/product-variants/ HTTP/1.1" 200 611
"GET /api/products/?search=&page=1 HTTP/1.1" 200 1223
"GET /api/products/?search=&page=1 HTTP/1.1" 200 1223
"GET /api/products/cfbe5872-cc65-4ee7-ab3f-410ba99a9b00/ HTTP/1.1" 200 1171
"GET /api/products/cfbe5872-cc65-4ee7-ab3f-410ba99a9b00/ HTTP/1.1" 200 1171
Bad Request: /api/products/
"POST /api/products/ HTTP/1.1" 400 114
"GET /api/products/cfbe5872-cc65-4ee7-ab3f-410ba99a9b00/ HTTP/1.1" 200 1171
"GET /api/products/cfbe5872-cc65-4ee7-ab3f-410ba99a9b00/ HTTP/1.1" 200 1171
D:\extras\Product Inventory System with Stock Management\inventory-backend\products\serializers.py changed, reloading.
Watching for file changes with StatReloader
D:\extras\Product Inventory System with Stock Management\inventory-backend\products\serializers.py changed, reloading.
Watching for file changes with StatReloader
D:\extras\Product Inventory System with Stock Management\inventory-backend\products\serializers.py changed, reloading.
Watching for file changes with StatReloader
D:\extras\Product Inventory System with Stock Management\inventory-backend\products\serializers.py changed, reloading.
Watching for file changes with StatReloader
D:\extras\Product Inventory System with Stock Management\inventory-backend\products\serializers.py changed, reloading.
Watching for file changes with StatReloader
"GET /api/products/cfbe5872-cc65-4ee7-ab3f-410ba99a9b00/ HTTP/1.1" 200 1171
"GET /api/products/cfbe5872-cc65-4ee7-ab3f-410ba99a9b00/ HTTP/1.1" 200 1171
Bad Request: /api/products/
"POST /api/products/ HTTP/1.1" 400 114
"GET /api/products/cfbe5872-cc65-4ee7-ab3f-410ba99a9b00/ HTTP/1.1" 200 1171
"GET /api/products/cfbe5872-cc65-4ee7-ab3f-410ba99a9b00/ HTTP/1.1" 200 1171
"GET /api/products/cfbe5872-cc65-4ee7-ab3f-410ba99a9b00/ HTTP/1.1" 200 1171
"GET /api/products/cfbe5872-cc65-4ee7-ab3f-410ba99a9b00/ HTTP/1.1" 200 1171
"GET /admin/products/productvariant/ HTTP/1.1" 200 13541
Bad Request: /api/products/
"POST /api/products/ HTTP/1.1" 400 114
"GET /api/products/cfbe5872-cc65-4ee7-ab3f-410ba99a9b00/ HTTP/1.1" 200 1171
"GET /api/products/cfbe5872-cc65-4ee7-ab3f-410ba99a9b00/ HTTP/1.1" 200 1171
"GET /api/products/cfbe5872-cc65-4ee7-ab3f-410ba99a9b00/ HTTP/1.1" 200 1171
"GET /api/products/cfbe5872-cc65-4ee7-ab3f-410ba99a9b00/ HTTP/1.1" 200 1171
"GET /api/products/?search=&page=1 HTTP/1.1" 200 1223
"GET /api/products/?search=&page=1 HTTP/1.1" 200 1223
"GET /api/products/cfbe5872-cc65-4ee7-ab3f-410ba99a9b00/ HTTP/1.1" 200 1171
"GET /api/products/cfbe5872-cc65-4ee7-ab3f-410ba99a9b00/ HTTP/1.1" 200 1171
Bad Request: /api/products/
"POST /api/products/ HTTP/1.1" 400 114
"GET /api/products/cfbe5872-cc65-4ee7-ab3f-410ba99a9b00/ HTTP/1.1" 200 1171
"GET /api/products/cfbe5872-cc65-4ee7-ab3f-410ba99a9b00/ HTTP/1.1" 200 1171
D:\extras\Product Inventory System with Stock Management\inventory-backend\products\serializers.py changed, reloading.
Watching for file changes with StatReloader
D:\extras\Product Inventory System with Stock Management\inventory-backend\products\serializers.py changed, reloading.
Watching for file changes with StatReloader
D:\extras\Product Inventory System with Stock Management\inventory-backend\products\serializers.py changed, reloading.
Watching for file changes with StatReloader
D:\extras\Product Inventory System with Stock Management\inventory-backend\products\serializers.py changed, reloading.
Watching for file changes with StatReloader
D:\extras\Product Inventory System with Stock Management\inventory-backend\products\serializers.py changed, reloading.
Watching for file changes with StatReloader
"GET /api/products/cfbe5872-cc65-4ee7-ab3f-410ba99a9b00/ HTTP/1.1" 200 1171
"GET /api/products/?search=&page=1 HTTP/1.1" 200 1223
"GET /api/products/cfbe5872-cc65-4ee7-ab3f-410ba99a9b00/ HTTP/1.1" 200 1171
"GET /api/products/?search=&page=1 HTTP/1.1" 200 1223
"GET /api/products/cfbe5872-cc65-4ee7-ab3f-410ba99a9b00/ HTTP/1.1" 200 1171
"GET /api/products/cfbe5872-cc65-4ee7-ab3f-410ba99a9b00/ HTTP/1.1" 200 1171
Bad Request: /api/products/
"POST /api/products/ HTTP/1.1" 400 114
"GET /api/products/cfbe5872-cc65-4ee7-ab3f-410ba99a9b00/ HTTP/1.1" 200 1171
"GET /api/products/cfbe5872-cc65-4ee7-ab3f-410ba99a9b00/ HTTP/1.1" 200 1171
Watching for file changes with StatReloader
D:\extras\Product Inventory System with Stock Management\inventory-backend\products\serializers.py changed, reloading.
Watching for file changes with StatReloader
D:\extras\Product Inventory System with Stock Management\inventory-backend\products\serializers.py changed, reloading.
Watching for file changes with StatReloader
D:\extras\Product Inventory System with Stock Management\inventory-backend\products\serializers.py changed, reloading.
Watching for file changes with StatReloader
D:\extras\Product Inventory System with Stock Management\inventory-backend\products\serializers.py changed, reloading.
Watching for file changes with StatReloader
D:\extras\Product Inventory System with Stock Management\inventory-backend\products\views.py changed, reloading.
Watching for file changes with StatReloader
D:\extras\Product Inventory System with Stock Management\inventory-backend\products\views.py changed, reloading.
Watching for file changes with StatReloader
D:\extras\Product Inventory System with Stock Management\inventory-backend\products\views.py changed, reloading.
Watching for file changes with StatReloader
D:\extras\Product Inventory System with Stock Management\inventory-backend\products\views.py changed, reloading.
Watching for file changes with StatReloader
D:\extras\Product Inventory System with Stock Management\inventory-backend\products\views.py changed, reloading.
Watching for file changes with StatReloader
D:\extras\Product Inventory System with Stock Management\inventory-backend\products\urls.py changed, reloading.
Watching for file changes with StatReloader
D:\extras\Product Inventory System with Stock Management\inventory-backend\products\urls.py changed, reloading.
Watching for file changes with StatReloader
"GET /api/products/cfbe5872-cc65-4ee7-ab3f-410ba99a9b00/ HTTP/1.1" 200 1171
"GET /api/products/cfbe5872-cc65-4ee7-ab3f-410ba99a9b00/ HTTP/1.1" 200 1171
"GET /api/products/cfbe5872-cc65-4ee7-ab3f-410ba99a9b00/ HTTP/1.1" 200 1171
"GET /api/products/cfbe5872-cc65-4ee7-ab3f-410ba99a9b00/ HTTP/1.1" 200 1171
"GET /api/products/cfbe5872-cc65-4ee7-ab3f-410ba99a9b00/ HTTP/1.1" 200 1171
"GET /api/products/cfbe5872-cc65-4ee7-ab3f-410ba99a9b00/ HTTP/1.1" 200 1171
Bad Request: /api/products/
"POST /api/products/ HTTP/1.1" 400 114
"GET /api/products/cfbe5872-cc65-4ee7-ab3f-410ba99a9b00/ HTTP/1.1" 200 1171
"GET /api/products/cfbe5872-cc65-4ee7-ab3f-410ba99a9b00/ HTTP/1.1" 200 1171
"GET /api/products/cfbe5872-cc65-4ee7-ab3f-410ba99a9b00/ HTTP/1.1" 200 1171
"GET /api/products/cfbe5872-cc65-4ee7-ab3f-410ba99a9b00/ HTTP/1.1" 200 1171
"OPTIONS /api/products/ HTTP/1.1" 200 0
Bad Request: /api/products/
"POST /api/products/ HTTP/1.1" 400 114
"GET /api/products/cfbe5872-cc65-4ee7-ab3f-410ba99a9b00/ HTTP/1.1" 200 1171
"GET /api/products/cfbe5872-cc65-4ee7-ab3f-410ba99a9b00/ HTTP/1.1" 200 1171
"GET /api/products/cfbe5872-cc65-4ee7-ab3f-410ba99a9b00/ HTTP/1.1" 200 1171
"OPTIONS /api/stock/dashboard_stats/ HTTP/1.1" 200 0
"OPTIONS /api/stock/dashboard_stats/ HTTP/1.1" 200 0
"GET /api/products/cfbe5872-cc65-4ee7-ab3f-410ba99a9b00/ HTTP/1.1" 200 1171
Dashboard stats error: property 'current_stock' of 'ProductVariant' object has no setter
Internal Server Error: /api/stock/dashboard_stats/
"GET /api/stock/dashboard_stats/ HTTP/1.1" 500 77
Dashboard stats error: property 'current_stock' of 'ProductVariant' object has no setter
Internal Server Error: /api/stock/dashboard_stats/
"GET /api/stock/dashboard_stats/ HTTP/1.1" 500 77
"OPTIONS /api/products/?search=&page=1 HTTP/1.1" 200 0
"OPTIONS /api/products/?search=&page=1 HTTP/1.1" 200 0
"GET /api/products/?search=&page=1 HTTP/1.1" 200 1223
"GET /api/products/?search=&page=1 HTTP/1.1" 200 1223
"GET /api/products/cfbe5872-cc65-4ee7-ab3f-410ba99a9b00/ HTTP/1.1" 200 1171
"GET /api/products/cfbe5872-cc65-4ee7-ab3f-410ba99a9b00/ HTTP/1.1" 200 1171
Bad Request: /api/products/
"POST /api/products/ HTTP/1.1" 400 114
"GET /api/products/cfbe5872-cc65-4ee7-ab3f-410ba99a9b00/ HTTP/1.1" 200 1171
"GET /api/products/cfbe5872-cc65-4ee7-ab3f-410ba99a9b00/ HTTP/1.1" 200 1171
Watching for file changes with StatReloader
"GET /api/products/cfbe5872-cc65-4ee7-ab3f-410ba99a9b00/ HTTP/1.1" 200 1171
"GET /api/products/cfbe5872-cc65-4ee7-ab3f-410ba99a9b00/ HTTP/1.1" 200 1171
Dashboard stats error: property 'current_stock' of 'ProductVariant' object has no setter
Internal Server Error: /api/stock/dashboard_stats/
"GET /api/stock/dashboard_stats/ HTTP/1.1" 500 77
Dashboard stats error: property 'current_stock' of 'ProductVariant' object has no setter
Internal Server Error: /api/stock/dashboard_stats/
"GET /api/stock/dashboard_stats/ HTTP/1.1" 500 77
"GET /api/products/?search=&page=1 HTTP/1.1" 200 1223
"GET /api/products/?search=&page=1 HTTP/1.1" 200 1223
"GET /api/products/cfbe5872-cc65-4ee7-ab3f-410ba99a9b00/ HTTP/1.1" 200 1171
"GET /api/products/cfbe5872-cc65-4ee7-ab3f-410ba99a9b00/ HTTP/1.1" 200 1171
Bad Request: /api/products/
"POST /api/products/ HTTP/1.1" 400 114
"GET /api/products/cfbe5872-cc65-4ee7-ab3f-410ba99a9b00/ HTTP/1.1" 200 1171
"GET /api/products/cfbe5872-cc65-4ee7-ab3f-410ba99a9b00/ HTTP/1.1" 200 1171
"GET /api/products/cfbe5872-cc65-4ee7-ab3f-410ba99a9b00/ HTTP/1.1" 200 1171
"GET /api/products/cfbe5872-cc65-4ee7-ab3f-410ba99a9b00/ HTTP/1.1" 200 1171
"GET /api/products/?search=&page=1 HTTP/1.1" 200 1223
"GET /api/products/?search=&page=1 HTTP/1.1" 200 1223
"DELETE /api/products/cfbe5872-cc65-4ee7-ab3f-410ba99a9b00/ HTTP/1.1" 204 0
"GET /api/products/?search=&page=1 HTTP/1.1" 200 52
"OPTIONS /api/products/check-code/?code=1 HTTP/1.1" 200 0
Not Found: /api/products/check-code/
"GET /api/products/check-code/?code=1 HTTP/1.1" 404 23
Generated 3 variants for product 0dbd9e2d-74da-4e61-b823-2b05dd3f6624
"POST /api/products/ HTTP/1.1" 201 1163
Not Found: /api/products/undefined/
"GET /api/products/undefined/ HTTP/1.1" 404 23
Not Found: /api/products/undefined/
"GET /api/products/undefined/ HTTP/1.1" 404 23
"GET /api/product-variants/ HTTP/1.1" 200 611
"GET /api/product-variants/ HTTP/1.1" 200 611
"GET /api/products/?search=&page=1 HTTP/1.1" 200 1215
"GET /api/products/?search=&page=1 HTTP/1.1" 200 1215
"OPTIONS /api/products/0dbd9e2d-74da-4e61-b823-2b05dd3f6624/ HTTP/1.1" 200 0
"OPTIONS /api/products/0dbd9e2d-74da-4e61-b823-2b05dd3f6624/ HTTP/1.1" 200 0
"GET /api/products/0dbd9e2d-74da-4e61-b823-2b05dd3f6624/ HTTP/1.1" 200 1163
"GET /api/products/0dbd9e2d-74da-4e61-b823-2b05dd3f6624/ HTTP/1.1" 200 1163
Bad Request: /api/products/
"POST /api/products/ HTTP/1.1" 400 114
"GET /api/products/0dbd9e2d-74da-4e61-b823-2b05dd3f6624/ HTTP/1.1" 200 1163
"GET /api/products/0dbd9e2d-74da-4e61-b823-2b05dd3f6624/ HTTP/1.1" 200 1163
"GET /api/products/0dbd9e2d-74da-4e61-b823-2b05dd3f6624/ HTTP/1.1" 200 1163
"GET /api/products/0dbd9e2d-74da-4e61-b823-2b05dd3f6624/ HTTP/1.1" 200 1163
"GET /api/products/?search=&page=1 HTTP/1.1" 200 1215
"GET /api/products/?search=&page=1 HTTP/1.1" 200 1215
Not Found: /api/products/undefined/
"GET /api/products/undefined/ HTTP/1.1" 404 23
Not Found: /api/products/undefined/
"GET /api/products/undefined/ HTTP/1.1" 404 23
"GET /api/product-variants/ HTTP/1.1" 200 611
"GET /api/product-variants/ HTTP/1.1" 200 611
D:\extras\Product Inventory System with Stock Management\inventory-backend\products\serializers.py changed, reloading.
Watching for file changes with StatReloader
D:\extras\Product Inventory System with Stock Management\inventory-backend\products\serializers.py changed, reloading.
Watching for file changes with StatReloader
"GET /api/products/?search=&page=1 HTTP/1.1" 200 1215
"GET /api/products/?search=&page=1 HTTP/1.1" 200 1215
"GET /api/products/?search=&page=1 HTTP/1.1" 200 1215
"GET /api/products/?search=&page=1 HTTP/1.1" 200 1215
"GET /api/products/0dbd9e2d-74da-4e61-b823-2b05dd3f6624/ HTTP/1.1" 200 1163
"GET /api/products/0dbd9e2d-74da-4e61-b823-2b05dd3f6624/ HTTP/1.1" 200 1163
Bad Request: /api/products/
"POST /api/products/ HTTP/1.1" 400 114
"GET /api/products/0dbd9e2d-74da-4e61-b823-2b05dd3f6624/ HTTP/1.1" 200 1163
"GET /api/products/0dbd9e2d-74da-4e61-b823-2b05dd3f6624/ HTTP/1.1" 200 1163
"GET /api/products/0dbd9e2d-74da-4e61-b823-2b05dd3f6624/ HTTP/1.1" 200 1163
"GET /api/products/0dbd9e2d-74da-4e61-b823-2b05dd3f6624/ HTTP/1.1" 200 1163
"GET /api/products/?search=&page=1 HTTP/1.1" 200 1215
"GET /api/products/?search=&page=1 HTTP/1.1" 200 1215
"GET /api/products/0dbd9e2d-74da-4e61-b823-2b05dd3f6624/ HTTP/1.1" 200 1163
"GET /api/products/0dbd9e2d-74da-4e61-b823-2b05dd3f6624/ HTTP/1.1" 200 1163
"OPTIONS /api/product-variants/?product_id=0dbd9e2d-74da-4e61-b823-2b05dd3f6624 HTTP/1.1" 200 0
"OPTIONS /api/product-variants/?product_id=0dbd9e2d-74da-4e61-b823-2b05dd3f6624 HTTP/1.1" 200 0
"GET /api/product-variants/?product_id=0dbd9e2d-74da-4e61-b823-2b05dd3f6624 HTTP/1.1" 200 611
"GET /api/product-variants/?product_id=0dbd9e2d-74da-4e61-b823-2b05dd3f6624 HTTP/1.1" 200 611
"GET /api/products/?search=&page=1 HTTP/1.1" 200 1215
"GET /api/products/?search=&page=1 HTTP/1.1" 200 1215
"GET /api/products/0dbd9e2d-74da-4e61-b823-2b05dd3f6624/ HTTP/1.1" 200 1163
"GET /api/products/0dbd9e2d-74da-4e61-b823-2b05dd3f6624/ HTTP/1.1" 200 1163
Bad Request: /api/products/
"POST /api/products/ HTTP/1.1" 400 114
"GET /api/products/0dbd9e2d-74da-4e61-b823-2b05dd3f6624/ HTTP/1.1" 200 1163
"GET /api/products/0dbd9e2d-74da-4e61-b823-2b05dd3f6624/ HTTP/1.1" 200 1163
"GET /api/products/0dbd9e2d-74da-4e61-b823-2b05dd3f6624/ HTTP/1.1" 200 1163
"GET /api/products/0dbd9e2d-74da-4e61-b823-2b05dd3f6624/ HTTP/1.1" 200 1163
"OPTIONS /api/products/check-code/?code=10 HTTP/1.1" 200 0
Not Found: /api/products/check-code/
"GET /api/products/check-code/?code=10 HTTP/1.1" 404 23
Bad Request: /api/products/
"POST /api/products/ HTTP/1.1" 400 58
"GET /api/products/0dbd9e2d-74da-4e61-b823-2b05dd3f6624/ HTTP/1.1" 200 1163
"GET /api/products/0dbd9e2d-74da-4e61-b823-2b05dd3f6624/ HTTP/1.1" 200 1163
"GET /api/products/0dbd9e2d-74da-4e61-b823-2b05dd3f6624/ HTTP/1.1" 200 1163
"GET /api/products/0dbd9e2d-74da-4e61-b823-2b05dd3f6624/ HTTP/1.1" 200 1163
D:\extras\Product Inventory System with Stock Management\inventory-backend\products\views.py changed, reloading.
Watching for file changes with StatReloader
"GET /admin/products/productvariant/ HTTP/1.1" 200 13541
"GET /admin/products/productvariant/ HTTP/1.1" 200 13541
"GET /admin/jsi18n/ HTTP/1.1" 200 3342
"GET /admin/products/products/ HTTP/1.1" 200 14343
"GET /admin/jsi18n/ HTTP/1.1" 200 3342
"GET /static/admin/img/icon-yes.svg HTTP/1.1" 304 0
"GET /static/admin/img/icon-viewlink.svg HTTP/1.1" 304 0
"GET /admin/products/variant/ HTTP/1.1" 200 12124
"GET /admin/jsi18n/ HTTP/1.1" 200 3342
"GET /admin/products/variant/24e000b2-7bd0-487e-a106-3de83ec6fad7/change/ HTTP/1.1" 200 18743
"GET /static/admin/css/forms.css HTTP/1.1" 304 0
"GET /static/admin/js/prepopulate_init.js HTTP/1.1" 304 0
"GET /static/admin/js/inlines.js HTTP/1.1" 304 0
"GET /admin/jsi18n/ HTTP/1.1" 200 3342
"GET /static/admin/img/icon-changelink.svg HTTP/1.1" 304 0
"GET /static/admin/css/widgets.css HTTP/1.1" 304 0
"GET /static/admin/js/change_form.js HTTP/1.1" 304 0
"GET /static/admin/img/inline-delete.svg HTTP/1.1" 304 0
"GET /admin/products/stock/ HTTP/1.1" 200 12406
"GET /admin/jsi18n/ HTTP/1.1" 200 3342
"GET /admin/products/products/ HTTP/1.1" 200 14343
"GET /admin/jsi18n/ HTTP/1.1" 200 3342
"GET /admin/products/products/0dbd9e2d-74da-4e61-b823-2b05dd3f6624/change/ HTTP/1.1" 200 28493
"GET /admin/jsi18n/ HTTP/1.1" 200 3342
"GET /static/admin/js/admin/DateTimeShortcuts.js HTTP/1.1" 304 0
"GET /static/admin/js/calendar.js HTTP/1.1" 304 0
"GET /static/admin/img/icon-calendar.svg HTTP/1.1" 304 0
"GET /static/admin/img/icon-clock.svg HTTP/1.1" 304 0
"GET /admin/products/productvariant/ HTTP/1.1" 200 13541
"GET /admin/jsi18n/ HTTP/1.1" 200 3342
"GET /admin/products/productvariant/9e051d7e-ea52-4c24-91fd-557959562006/change/ HTTP/1.1" 200 26737
"GET /admin/jsi18n/ HTTP/1.1" 200 3342
D:\extras\Product Inventory System with Stock Management\inventory-backend\products\serializers.py changed, reloading.
Watching for file changes with StatReloader
D:\extras\Product Inventory System with Stock Management\inventory-backend\products\serializers.py changed, reloading.
Watching for file changes with StatReloader
D:\extras\Product Inventory System with Stock Management\inventory-backend\products\serializers.py changed, reloading.
Watching for file changes with StatReloader
"GET /api/products/?search=&page=1 HTTP/1.1" 200 1215
"GET /api/products/?search=&page=1 HTTP/1.1" 200 1215
Not Found: /api/products/undefined/
"GET /api/products/undefined/ HTTP/1.1" 404 23
Not Found: /api/products/undefined/
"GET /api/products/undefined/ HTTP/1.1" 404 23
"GET /api/product-variants/ HTTP/1.1" 200 611
"GET /api/product-variants/ HTTP/1.1" 200 611
Not Found: /api/products/undefined/generate_variants/
"POST /api/products/undefined/generate_variants/ HTTP/1.1" 404 23
"GET /api/products/?search=&page=1 HTTP/1.1" 200 1215
"GET /api/products/?search=&page=1 HTTP/1.1" 200 1215
Dashboard stats error: property 'current_stock' of 'ProductVariant' object has no setter
Internal Server Error: /api/stock/dashboard_stats/
"GET /api/stock/dashboard_stats/ HTTP/1.1" 500 77
Dashboard stats error: property 'current_stock' of 'ProductVariant' object has no setter
Internal Server Error: /api/stock/dashboard_stats/
"GET /api/stock/dashboard_stats/ HTTP/1.1" 500 77
Dashboard stats error: property 'current_stock' of 'ProductVariant' object has no setter
Internal Server Error: /api/stock/dashboard_stats/
"GET /api/stock/dashboard_stats/ HTTP/1.1" 500 77
Dashboard stats error: property 'current_stock' of 'ProductVariant' object has no setter
Internal Server Error: /api/stock/dashboard_stats/
"GET /api/stock/dashboard_stats/ HTTP/1.1" 500 77
Dashboard stats error: property 'current_stock' of 'ProductVariant' object has no setter
Internal Server Error: /api/stock/dashboard_stats/
"GET /api/stock/dashboard_stats/ HTTP/1.1" 500 77
Dashboard stats error: property 'current_stock' of 'ProductVariant' object has no setter
Internal Server Error: /api/stock/dashboard_stats/
"GET /api/stock/dashboard_stats/ HTTP/1.1" 500 77
Dashboard stats error: property 'current_stock' of 'ProductVariant' object has no setter
Internal Server Error: /api/stock/dashboard_stats/
"GET /api/stock/dashboard_stats/ HTTP/1.1" 500 77
Dashboard stats error: property 'current_stock' of 'ProductVariant' object has no setter
Internal Server Error: /api/stock/dashboard_stats/
"GET /api/stock/dashboard_stats/ HTTP/1.1" 500 77
"GET /api/products/?search=&page=1 HTTP/1.1" 200 1215
"GET /api/products/?search=&page=1 HTTP/1.1" 200 1215
Not Found: /api/products/undefined/
"GET /api/products/undefined/ HTTP/1.1" 404 23
Not Found: /api/products/undefined/
"GET /api/products/undefined/ HTTP/1.1" 404 23
"GET /api/product-variants/ HTTP/1.1" 200 611
"GET /api/product-variants/ HTTP/1.1" 200 611
"GET /api/products/?search=&page=1 HTTP/1.1" 200 1215
"GET /api/products/?search=&page=1 HTTP/1.1" 200 1215
Not Found: /api/products/undefined/
"GET /api/products/undefined/ HTTP/1.1" 404 23
Not Found: /api/products/undefined/
"GET /api/products/undefined/ HTTP/1.1" 404 23
"GET /api/product-variants/ HTTP/1.1" 200 611
"GET /api/product-variants/ HTTP/1.1" 200 611
"GET /api/products/?search=&page=1 HTTP/1.1" 200 1215
"GET /api/products/?search=&page=1 HTTP/1.1" 200 1215
"OPTIONS /api/products/undefined/ HTTP/1.1" 200 0
"OPTIONS /api/product-variants/ HTTP/1.1" 200 0
"OPTIONS /api/products/undefined/ HTTP/1.1" 200 0
"OPTIONS /api/product-variants/ HTTP/1.1" 200 0
Not Found: /api/products/undefined/
"GET /api/products/undefined/ HTTP/1.1" 404 23
Not Found: /api/products/undefined/
"GET /api/products/undefined/ HTTP/1.1" 404 23
"GET /api/product-variants/ HTTP/1.1" 200 611
"GET /api/product-variants/ HTTP/1.1" 200 611
"GET /api/products/?search=&page=1 HTTP/1.1" 200 1215
"GET /api/products/?search=&page=1 HTTP/1.1" 200 1215
"OPTIONS /api/products/?search=b&page=1 HTTP/1.1" 200 0
"OPTIONS /api/products/?search=ba&page=1 HTTP/1.1" 200 0
"GET /api/products/?search=ba&page=1 HTTP/1.1" 200 1215
"GET /api/products/?search=b&page=1 HTTP/1.1" 200 1215
"GET /api/products/?search=b&page=1 HTTP/1.1" 200 1215
"GET /api/products/?search=&page=1 HTTP/1.1" 200 1215
Dashboard stats error: property 'current_stock' of 'ProductVariant' object has no setter
Internal Server Error: /api/stock/dashboard_stats/
"GET /api/stock/dashboard_stats/ HTTP/1.1" 500 77
Dashboard stats error: property 'current_stock' of 'ProductVariant' object has no setter
Internal Server Error: /api/stock/dashboard_stats/
"GET /api/stock/dashboard_stats/ HTTP/1.1" 500 77
Dashboard stats error: property 'current_stock' of 'ProductVariant' object has no setter
Internal Server Error: /api/stock/dashboard_stats/
"GET /api/stock/dashboard_stats/ HTTP/1.1" 500 77
Dashboard stats error: property 'current_stock' of 'ProductVariant' object has no setter
Internal Server Error: /api/stock/dashboard_stats/
"GET /api/stock/dashboard_stats/ HTTP/1.1" 500 77
"GET /api/products/?search=&page=1 HTTP/1.1" 200 1215
"GET /api/products/?search=&page=1 HTTP/1.1" 200 1215
"GET /api/products/?search=&page=1 HTTP/1.1" 200 1215
"GET /api/products/?search=&page=1 HTTP/1.1" 200 1215
Not Found: /api/products/undefined/
"GET /api/products/undefined/ HTTP/1.1" 404 23
Not Found: /api/products/undefined/
"GET /api/products/undefined/ HTTP/1.1" 404 23
"GET /api/product-variants/ HTTP/1.1" 200 611
"GET /api/product-variants/ HTTP/1.1" 200 611
"GET /api/products/?search=&page=1 HTTP/1.1" 200 1215
"GET /api/products/?search=&page=1 HTTP/1.1" 200 1215
Not Found: /api/products/undefined/
"GET /api/products/undefined/ HTTP/1.1" 404 23
Not Found: /api/products/undefined/
"GET /api/products/undefined/ HTTP/1.1" 404 23
"GET /api/product-variants/ HTTP/1.1" 200 611
"GET /api/product-variants/ HTTP/1.1" 200 611
"GET /api/products/?search=&page=1 HTTP/1.1" 200 1215
"GET /api/products/?search=&page=1 HTTP/1.1" 200 1215
Not Found: /api/products/undefined/
"GET /api/products/undefined/ HTTP/1.1" 404 23
Not Found: /api/products/undefined/
"GET /api/products/undefined/ HTTP/1.1" 404 23
"GET /api/product-variants/ HTTP/1.1" 200 611
"GET /api/product-variants/ HTTP/1.1" 200 611
D:\extras\Product Inventory System with Stock Management\inventory-backend\products\serializers.py changed, reloading.
Watching for file changes with StatReloader
D:\extras\Product Inventory System with Stock Management\inventory-backend\products\serializers.py changed, reloading.
Watching for file changes with StatReloader
Not Found: /api/products/undefined/
"GET /api/products/undefined/ HTTP/1.1" 404 23
Not Found: /api/products/undefined/
"GET /api/products/undefined/ HTTP/1.1" 404 23
"GET /api/product-variants/ HTTP/1.1" 200 686
"GET /api/product-variants/ HTTP/1.1" 200 686
"GET /api/products/?search=&page=1 HTTP/1.1" 200 1290
"GET /api/products/?search=&page=1 HTTP/1.1" 200 1290
Not Found: /api/products/undefined/
"GET /api/products/undefined/ HTTP/1.1" 404 23
Not Found: /api/products/undefined/
"GET /api/products/undefined/ HTTP/1.1" 404 23
"GET /api/product-variants/ HTTP/1.1" 200 686
"GET /api/product-variants/ HTTP/1.1" 200 686
"GET /api/products/?search=&page=1 HTTP/1.1" 200 1290
"GET /api/products/?search=&page=1 HTTP/1.1" 200 1290
"DELETE /api/products/0dbd9e2d-74da-4e61-b823-2b05dd3f6624/ HTTP/1.1" 204 0
"GET /api/products/?search=&page=1 HTTP/1.1" 200 52
Watching for file changes with StatReloader
Not Found: /
"GET / HTTP/1.1" 404 2815
Not Found: /favicon.ico
"GET /favicon.ico HTTP/1.1" 404 2866
"GET /admin HTTP/1.1" 301 0
"GET /admin/ HTTP/1.1" 200 12563
"GET /static/admin/css/base.css HTTP/1.1" 200 22120
"GET /static/admin/css/dark_mode.css HTTP/1.1" 200 2808
"GET /static/admin/css/nav_sidebar.css HTTP/1.1" 200 2810
"GET /static/admin/css/dashboard.css HTTP/1.1" 200 441
"GET /static/admin/css/responsive.css HTTP/1.1" 200 16565
"GET /static/admin/js/theme.js HTTP/1.1" 200 1653
"GET /admin/ HTTP/1.1" 200 12563
"GET /static/admin/js/nav_sidebar.js HTTP/1.1" 200 3063
"GET /static/admin/img/icon-addlink.svg HTTP/1.1" 200 331
"GET /static/admin/img/icon-changelink.svg HTTP/1.1" 200 380
"GET /admin/products/products/ HTTP/1.1" 200 12377
"GET /admin/jsi18n/ HTTP/1.1" 200 3342
"GET /static/admin/css/changelists.css HTTP/1.1" 200 6878
"GET /static/admin/js/urlify.js HTTP/1.1" 200 7887
"GET /static/admin/js/actions.js HTTP/1.1" 200 8076
"GET /static/admin/js/admin/RelatedObjectLookups.js HTTP/1.1" 200 9777
"GET /static/admin/js/prepopulate.js HTTP/1.1" 200 1531
"GET /static/admin/js/jquery.init.js HTTP/1.1" 200 347
"GET /static/admin/js/core.js HTTP/1.1" 200 6208
"GET /static/admin/img/search.svg HTTP/1.1" 200 458
"GET /static/admin/js/vendor/jquery/jquery.js HTTP/1.1" 200 285314
"GET /static/admin/js/vendor/xregexp/xregexp.js HTTP/1.1" 200 325171
"GET /static/admin/js/filters.js HTTP/1.1" 200 978
"GET /static/admin/img/tooltag-add.svg HTTP/1.1" 200 331
"GET /static/admin/img/icon-viewlink.svg HTTP/1.1" 200 581
"GET /admin/products/stock/ HTTP/1.1" 200 12406
"GET /admin/jsi18n/ HTTP/1.1" 200 3342
"GET /admin/products/variant/ HTTP/1.1" 200 10590
"GET /admin/jsi18n/ HTTP/1.1" 200 3342
"GET /admin/products/productvariant/ HTTP/1.1" 200 10969
"GET /admin/jsi18n/ HTTP/1.1" 200 3342
"GET /admin/products/products/ HTTP/1.1" 200 12377
"GET /admin/jsi18n/ HTTP/1.1" 200 3342
"GET /admin/products/products/ HTTP/1.1" 200 12377
"GET /admin/jsi18n/ HTTP/1.1" 200 3342
"OPTIONS /api/stock/dashboard_stats/ HTTP/1.1" 200 0
"OPTIONS /api/stock/dashboard_stats/ HTTP/1.1" 200 0
"GET /api/stock/dashboard_stats/ HTTP/1.1" 200 146
"GET /api/stock/dashboard_stats/ HTTP/1.1" 200 146
"GET /api/stock/dashboard_stats/ HTTP/1.1" 200 146
"OPTIONS /api/products/?search=&page=1 HTTP/1.1" 200 0
"OPTIONS /api/products/?search=&page=1 HTTP/1.1" 200 0
"GET /api/products/?search=&page=1 HTTP/1.1" 200 52
"GET /api/products/?search=&page=1 HTTP/1.1" 200 52
"OPTIONS /api/products/check-code/?code=1 HTTP/1.1" 200 0
Not Found: /api/products/check-code/
"GET /api/products/check-code/?code=1 HTTP/1.1" 404 23
"OPTIONS /api/products/ HTTP/1.1" 200 0
Generated 3 variants for product 9675aba5-aee6-435f-b883-8260fe468155
"POST /api/products/ HTTP/1.1" 201 1246
"OPTIONS /api/products/undefined/ HTTP/1.1" 200 0
"OPTIONS /api/product-variants/ HTTP/1.1" 200 0
"OPTIONS /api/product-variants/ HTTP/1.1" 200 0
"OPTIONS /api/products/undefined/ HTTP/1.1" 200 0
Not Found: /api/products/undefined/
"GET /api/products/undefined/ HTTP/1.1" 404 23
Not Found: /api/products/undefined/
"GET /api/products/undefined/ HTTP/1.1" 404 23
"GET /api/product-variants/ HTTP/1.1" 200 686
"GET /api/product-variants/ HTTP/1.1" 200 686
"GET /api/products/?search=&page=1 HTTP/1.1" 200 1298
"GET /api/products/?search=&page=1 HTTP/1.1" 200 1298
Not Found: /api/products/undefined/
"GET /api/products/undefined/ HTTP/1.1" 404 23
Not Found: /api/products/undefined/
"GET /api/product-variants/ HTTP/1.1" 200 686
"GET /api/products/undefined/ HTTP/1.1" 404 23
"GET /api/product-variants/ HTTP/1.1" 200 686
"OPTIONS /api/get-token/ HTTP/1.1" 200 0
"POST /api/get-token/ HTTP/1.1" 200 52
Dashboard stats error: property 'current_stock' of 'ProductVariant' object has no setter
Internal Server Error: /api/stock/dashboard_stats/
"GET /api/stock/dashboard_stats/ HTTP/1.1" 500 77
Dashboard stats error: property 'current_stock' of 'ProductVariant' object has no setter
Internal Server Error: /api/stock/dashboard_stats/
"GET /api/stock/dashboard_stats/ HTTP/1.1" 500 77
D:\extras\Product Inventory System with Stock Management\inventory-backend\products\views.py changed, reloading.
Watching for file changes with StatReloader
D:\extras\Product Inventory System with Stock Management\inventory-backend\products\views.py changed, reloading.
Watching for file changes with StatReloader
D:\extras\Product Inventory System with Stock Management\inventory-backend\products\views.py changed, reloading.
Watching for file changes with StatReloader
"GET /api/products/?search=&page=1 HTTP/1.1" 200 1298
"GET /api/products/?search=&page=1 HTTP/1.1" 200 1298
Not Found: /api/products/undefined/
"GET /api/products/undefined/ HTTP/1.1" 404 23
Not Found: /api/products/undefined/
"GET /api/products/undefined/ HTTP/1.1" 404 23
"GET /api/product-variants/ HTTP/1.1" 200 686
"GET /api/product-variants/ HTTP/1.1" 200 686
"GET /api/products/?search=&page=1 HTTP/1.1" 200 1298
"GET /api/products/?search=&page=1 HTTP/1.1" 200 1298
"GET /api/products/?search=&page=1 HTTP/1.1" 200 1298
"GET /api/products/?search=&page=1 HTTP/1.1" 200 1298
"OPTIONS /api/product-variants/?product_id=9675aba5-aee6-435f-b883-8260fe468155 HTTP/1.1" 200 0
"OPTIONS /api/products/9675aba5-aee6-435f-b883-8260fe468155/ HTTP/1.1" 200 0
"OPTIONS /api/products/9675aba5-aee6-435f-b883-8260fe468155/ HTTP/1.1" 200 0
"OPTIONS /api/product-variants/?product_id=9675aba5-aee6-435f-b883-8260fe468155 HTTP/1.1" 200 0
"GET /api/products/9675aba5-aee6-435f-b883-8260fe468155/ HTTP/1.1" 200 1246
"GET /api/product-variants/?product_id=9675aba5-aee6-435f-b883-8260fe468155 HTTP/1.1" 200 686
"GET /api/products/9675aba5-aee6-435f-b883-8260fe468155/ HTTP/1.1" 200 1246
"GET /api/product-variants/?product_id=9675aba5-aee6-435f-b883-8260fe468155 HTTP/1.1" 200 686
"GET /admin/products/products/ HTTP/1.1" 200 14343
"GET /static/admin/img/icon-yes.svg HTTP/1.1" 200 436
"GET /admin/products/products/ HTTP/1.1" 200 14343
"GET /admin/jsi18n/ HTTP/1.1" 200 3342
"GET /admin/products/productvariant/ HTTP/1.1" 200 13541
"GET /admin/jsi18n/ HTTP/1.1" 200 3342
"GET /admin/products/productvariant/837df8c1-0dc7-41b0-87e8-551d68ef6f1d/change/ HTTP/1.1" 200 26737
"GET /admin/jsi18n/ HTTP/1.1" 200 3342
"GET /static/admin/css/forms.css HTTP/1.1" 200 8525
"GET /static/admin/js/prepopulate_init.js HTTP/1.1" 200 586
"GET /static/admin/css/widgets.css HTTP/1.1" 200 11991
"GET /static/admin/js/inlines.js HTTP/1.1" 200 15628
"GET /static/admin/js/change_form.js HTTP/1.1" 200 606
"GET /static/admin/img/inline-delete.svg HTTP/1.1" 200 537
"GET /admin/products/products/ HTTP/1.1" 200 14343
"GET /admin/jsi18n/ HTTP/1.1" 200 3342
"GET /admin/auth/group/ HTTP/1.1" 200 10904
"GET /admin/jsi18n/ HTTP/1.1" 200 3342
"GET /admin/auth/user/ HTTP/1.1" 200 14469
"GET /admin/jsi18n/ HTTP/1.1" 200 3342
"GET /static/admin/img/sorting-icons.svg HTTP/1.1" 200 1097
"GET /admin/authtoken/tokenproxy/ HTTP/1.1" 200 11968
"GET /api/products/9675aba5-aee6-435f-b883-8260fe468155/ HTTP/1.1" 200 1246
"GET /api/product-variants/?product_id=9675aba5-aee6-435f-b883-8260fe468155 HTTP/1.1" 200 686
"GET /api/products/9675aba5-aee6-435f-b883-8260fe468155/ HTTP/1.1" 200 1246
"GET /api/product-variants/?product_id=9675aba5-aee6-435f-b883-8260fe468155 HTTP/1.1" 200 686
"GET /api/products/9675aba5-aee6-435f-b883-8260fe468155/ HTTP/1.1" 200 1246
"GET /api/product-variants/?product_id=9675aba5-aee6-435f-b883-8260fe468155 HTTP/1.1" 200 686
"GET /api/products/9675aba5-aee6-435f-b883-8260fe468155/ HTTP/1.1" 200 1246
"GET /api/product-variants/?product_id=9675aba5-aee6-435f-b883-8260fe468155 HTTP/1.1" 200 686
"GET /api/products/9675aba5-aee6-435f-b883-8260fe468155/ HTTP/1.1" 200 1246
"GET /api/product-variants/?product_id=9675aba5-aee6-435f-b883-8260fe468155 HTTP/1.1" 200 686
"GET /api/product-variants/?product_id=9675aba5-aee6-435f-b883-8260fe468155 HTTP/1.1" 200 686
"GET /api/products/9675aba5-aee6-435f-b883-8260fe468155/ HTTP/1.1" 200 1246
"GET /api/product-variants/?product_id=9675aba5-aee6-435f-b883-8260fe468155 HTTP/1.1" 200 686
"GET /api/products/9675aba5-aee6-435f-b883-8260fe468155/ HTTP/1.1" 200 1246
"GET /api/products/9675aba5-aee6-435f-b883-8260fe468155/ HTTP/1.1" 200 1246
"GET /api/product-variants/?product_id=9675aba5-aee6-435f-b883-8260fe468155 HTTP/1.1" 200 686
"OPTIONS /api/products/9675aba5-aee6-435f-b883-8260fe468155/generate_variants/ HTTP/1.1" 200 0
Internal Server Error: /api/products/9675aba5-aee6-435f-b883-8260fe468155/generate_variants/
Traceback (most recent call last):
  File "C:\Users\User\AppData\Roaming\Python\Python311\site-packages\django\db\backends\utils.py", line 105, in _execute
    return self.cursor.execute(sql, params)
           ^^^^^^^^^^^^^^^^^^^^^^^^^^^^^^^^
  File "C:\Users\User\AppData\Roaming\Python\Python311\site-packages\django\db\backends\sqlite3\base.py", line 360, in execute
    return super().execute(query, params)
           ^^^^^^^^^^^^^^^^^^^^^^^^^^^^^^
sqlite3.IntegrityError: UNIQUE constraint failed: products_product_variant.sku

The above exception was the direct cause of the following exception:

Traceback (most recent call last):
  File "C:\Users\User\AppData\Roaming\Python\Python311\site-packages\django\core\handlers\exception.py", line 55, in inner
    response = get_response(request)
               ^^^^^^^^^^^^^^^^^^^^^
  File "C:\Users\User\AppData\Roaming\Python\Python311\site-packages\django\core\handlers\base.py", line 197, in _get_response
    response = wrapped_callback(request, *callback_args, **callback_kwargs)
               ^^^^^^^^^^^^^^^^^^^^^^^^^^^^^^^^^^^^^^^^^^^^^^^^^^^^^^^^^^^^
  File "C:\Users\User\AppData\Roaming\Python\Python311\site-packages\django\views\decorators\csrf.py", line 65, in _view_wrapper
    return view_func(request, *args, **kwargs)
           ^^^^^^^^^^^^^^^^^^^^^^^^^^^^^^^^^^^
  File "C:\Users\User\AppData\Roaming\Python\Python311\site-packages\rest_framework\viewsets.py", line 125, in view
    return self.dispatch(request, *args, **kwargs)
           ^^^^^^^^^^^^^^^^^^^^^^^^^^^^^^^^^^^^^^^
  File "C:\Users\User\AppData\Roaming\Python\Python311\site-packages\rest_framework\views.py", line 515, in dispatch
    response = self.handle_exception(exc)
               ^^^^^^^^^^^^^^^^^^^^^^^^^^
  File "C:\Users\User\AppData\Roaming\Python\Python311\site-packages\rest_framework\views.py", line 475, in handle_exception
    self.raise_uncaught_exception(exc)
  File "C:\Users\User\AppData\Roaming\Python\Python311\site-packages\rest_framework\views.py", line 486, in raise_uncaught_exception
    raise exc
  File "C:\Users\User\AppData\Roaming\Python\Python311\site-packages\rest_framework\views.py", line 512, in dispatch
    response = handler(request, *args, **kwargs)
               ^^^^^^^^^^^^^^^^^^^^^^^^^^^^^^^^^
  File "D:\extras\Product Inventory System with Stock Management\inventory-backend\products\views.py", line 215, in generate_variants
    product_variant = ProductVariant.objects.create(
                      ^^^^^^^^^^^^^^^^^^^^^^^^^^^^^^
  File "C:\Users\User\AppData\Roaming\Python\Python311\site-packages\django\db\models\manager.py", line 87, in manager_method
    return getattr(self.get_queryset(), name)(*args, **kwargs)
           ^^^^^^^^^^^^^^^^^^^^^^^^^^^^^^^^^^^^^^^^^^^^^^^^^^^
  File "C:\Users\User\AppData\Roaming\Python\Python311\site-packages\django\db\models\query.py", line 663, in create
    obj.save(force_insert=True, using=self.db)
  File "C:\Users\User\AppData\Roaming\Python\Python311\site-packages\django\db\models\base.py", line 902, in save
    self.save_base(
  File "C:\Users\User\AppData\Roaming\Python\Python311\site-packages\django\db\models\base.py", line 1008, in save_base
    updated = self._save_table(
              ^^^^^^^^^^^^^^^^^
  File "C:\Users\User\AppData\Roaming\Python\Python311\site-packages\django\db\models\base.py", line 1169, in _save_table
    results = self._do_insert(
              ^^^^^^^^^^^^^^^^
  File "C:\Users\User\AppData\Roaming\Python\Python311\site-packages\django\db\models\base.py", line 1210, in _do_insert
    return manager._insert(
           ^^^^^^^^^^^^^^^^
  File "C:\Users\User\AppData\Roaming\Python\Python311\site-packages\django\db\models\manager.py", line 87, in manager_method
    return getattr(self.get_queryset(), name)(*args, **kwargs)
           ^^^^^^^^^^^^^^^^^^^^^^^^^^^^^^^^^^^^^^^^^^^^^^^^^^^
  File "C:\Users\User\AppData\Roaming\Python\Python311\site-packages\django\db\models\query.py", line 1868, in _insert
    return query.get_compiler(using=using).execute_sql(returning_fields)
           ^^^^^^^^^^^^^^^^^^^^^^^^^^^^^^^^^^^^^^^^^^^^^^^^^^^^^^^^^^^^^
  File "C:\Users\User\AppData\Roaming\Python\Python311\site-packages\django\db\models\sql\compiler.py", line 1882, in execute_sql
    cursor.execute(sql, params)
  File "C:\Users\User\AppData\Roaming\Python\Python311\site-packages\django\db\backends\utils.py", line 122, in execute
    return super().execute(sql, params)
           ^^^^^^^^^^^^^^^^^^^^^^^^^^^^
  File "C:\Users\User\AppData\Roaming\Python\Python311\site-packages\django\db\backends\utils.py", line 79, in execute
    return self._execute_with_wrappers(
           ^^^^^^^^^^^^^^^^^^^^^^^^^^^^
  File "C:\Users\User\AppData\Roaming\Python\Python311\site-packages\django\db\backends\utils.py", line 92, in _execute_with_wrappers
    return executor(sql, params, many, context)
           ^^^^^^^^^^^^^^^^^^^^^^^^^^^^^^^^^^^^
  File "C:\Users\User\AppData\Roaming\Python\Python311\site-packages\django\db\backends\utils.py", line 100, in _execute
    with self.db.wrap_database_errors:
  File "C:\Users\User\AppData\Roaming\Python\Python311\site-packages\django\db\utils.py", line 91, in __exit__
    raise dj_exc_value.with_traceback(traceback) from exc_value
  File "C:\Users\User\AppData\Roaming\Python\Python311\site-packages\django\db\backends\utils.py", line 105, in _execute
    return self.cursor.execute(sql, params)
           ^^^^^^^^^^^^^^^^^^^^^^^^^^^^^^^^
  File "C:\Users\User\AppData\Roaming\Python\Python311\site-packages\django\db\backends\sqlite3\base.py", line 360, in execute
    return super().execute(query, params)
           ^^^^^^^^^^^^^^^^^^^^^^^^^^^^^^
django.db.utils.IntegrityError: UNIQUE constraint failed: products_product_variant.sku
"POST /api/products/9675aba5-aee6-435f-b883-8260fe468155/generate_variants/ HTTP/1.1" 500 193996
Method Not Allowed: /api/product-variants/
"POST /api/product-variants/ HTTP/1.1" 405 41
Method Not Allowed: /api/product-variants/
"POST /api/product-variants/ HTTP/1.1" 405 41
Method Not Allowed: /api/product-variants/
"POST /api/product-variants/ HTTP/1.1" 405 41
"GET /api/products/?search=&page=1 HTTP/1.1" 200 1298
"GET /api/products/?search=&page=1 HTTP/1.1" 200 1298
"GET /api/product-variants/?product_id=9675aba5-aee6-435f-b883-8260fe468155 HTTP/1.1" 200 686
"GET /api/products/9675aba5-aee6-435f-b883-8260fe468155/ HTTP/1.1" 200 1246
"GET /api/product-variants/?product_id=9675aba5-aee6-435f-b883-8260fe468155 HTTP/1.1" 200 686
"GET /api/products/9675aba5-aee6-435f-b883-8260fe468155/ HTTP/1.1" 200 1246
Internal Server Error: /api/products/9675aba5-aee6-435f-b883-8260fe468155/generate_variants/
Traceback (most recent call last):
  File "C:\Users\User\AppData\Roaming\Python\Python311\site-packages\django\db\backends\utils.py", line 105, in _execute
    return self.cursor.execute(sql, params)
           ^^^^^^^^^^^^^^^^^^^^^^^^^^^^^^^^
  File "C:\Users\User\AppData\Roaming\Python\Python311\site-packages\django\db\backends\sqlite3\base.py", line 360, in execute
    return super().execute(query, params)
           ^^^^^^^^^^^^^^^^^^^^^^^^^^^^^^
sqlite3.IntegrityError: UNIQUE constraint failed: products_product_variant.sku

The above exception was the direct cause of the following exception:

Traceback (most recent call last):
  File "C:\Users\User\AppData\Roaming\Python\Python311\site-packages\django\core\handlers\exception.py", line 55, in inner
    response = get_response(request)
               ^^^^^^^^^^^^^^^^^^^^^
  File "C:\Users\User\AppData\Roaming\Python\Python311\site-packages\django\core\handlers\base.py", line 197, in _get_response
    response = wrapped_callback(request, *callback_args, **callback_kwargs)
               ^^^^^^^^^^^^^^^^^^^^^^^^^^^^^^^^^^^^^^^^^^^^^^^^^^^^^^^^^^^^
  File "C:\Users\User\AppData\Roaming\Python\Python311\site-packages\django\views\decorators\csrf.py", line 65, in _view_wrapper
    return view_func(request, *args, **kwargs)
           ^^^^^^^^^^^^^^^^^^^^^^^^^^^^^^^^^^^
  File "C:\Users\User\AppData\Roaming\Python\Python311\site-packages\rest_framework\viewsets.py", line 125, in view
    return self.dispatch(request, *args, **kwargs)
           ^^^^^^^^^^^^^^^^^^^^^^^^^^^^^^^^^^^^^^^
  File "C:\Users\User\AppData\Roaming\Python\Python311\site-packages\rest_framework\views.py", line 515, in dispatch
    response = self.handle_exception(exc)
               ^^^^^^^^^^^^^^^^^^^^^^^^^^
  File "C:\Users\User\AppData\Roaming\Python\Python311\site-packages\rest_framework\views.py", line 475, in handle_exception
    self.raise_uncaught_exception(exc)
  File "C:\Users\User\AppData\Roaming\Python\Python311\site-packages\rest_framework\views.py", line 486, in raise_uncaught_exception
    raise exc
  File "C:\Users\User\AppData\Roaming\Python\Python311\site-packages\rest_framework\views.py", line 512, in dispatch
    response = handler(request, *args, **kwargs)
               ^^^^^^^^^^^^^^^^^^^^^^^^^^^^^^^^^
  File "D:\extras\Product Inventory System with Stock Management\inventory-backend\products\views.py", line 215, in generate_variants
    product_variant = ProductVariant.objects.create(
                      ^^^^^^^^^^^^^^^^^^^^^^^^^^^^^^
  File "C:\Users\User\AppData\Roaming\Python\Python311\site-packages\django\db\models\manager.py", line 87, in manager_method
    return getattr(self.get_queryset(), name)(*args, **kwargs)
           ^^^^^^^^^^^^^^^^^^^^^^^^^^^^^^^^^^^^^^^^^^^^^^^^^^^
  File "C:\Users\User\AppData\Roaming\Python\Python311\site-packages\django\db\models\query.py", line 663, in create
    obj.save(force_insert=True, using=self.db)
  File "C:\Users\User\AppData\Roaming\Python\Python311\site-packages\django\db\models\base.py", line 902, in save
    self.save_base(
  File "C:\Users\User\AppData\Roaming\Python\Python311\site-packages\django\db\models\base.py", line 1008, in save_base
    updated = self._save_table(
              ^^^^^^^^^^^^^^^^^
  File "C:\Users\User\AppData\Roaming\Python\Python311\site-packages\django\db\models\base.py", line 1169, in _save_table
    results = self._do_insert(
              ^^^^^^^^^^^^^^^^
  File "C:\Users\User\AppData\Roaming\Python\Python311\site-packages\django\db\models\base.py", line 1210, in _do_insert
    return manager._insert(
           ^^^^^^^^^^^^^^^^
  File "C:\Users\User\AppData\Roaming\Python\Python311\site-packages\django\db\models\manager.py", line 87, in manager_method
    return getattr(self.get_queryset(), name)(*args, **kwargs)
           ^^^^^^^^^^^^^^^^^^^^^^^^^^^^^^^^^^^^^^^^^^^^^^^^^^^
  File "C:\Users\User\AppData\Roaming\Python\Python311\site-packages\django\db\models\query.py", line 1868, in _insert
    return query.get_compiler(using=using).execute_sql(returning_fields)
           ^^^^^^^^^^^^^^^^^^^^^^^^^^^^^^^^^^^^^^^^^^^^^^^^^^^^^^^^^^^^^
  File "C:\Users\User\AppData\Roaming\Python\Python311\site-packages\django\db\models\sql\compiler.py", line 1882, in execute_sql
    cursor.execute(sql, params)
  File "C:\Users\User\AppData\Roaming\Python\Python311\site-packages\django\db\backends\utils.py", line 122, in execute
    return super().execute(sql, params)
           ^^^^^^^^^^^^^^^^^^^^^^^^^^^^
  File "C:\Users\User\AppData\Roaming\Python\Python311\site-packages\django\db\backends\utils.py", line 79, in execute
    return self._execute_with_wrappers(
           ^^^^^^^^^^^^^^^^^^^^^^^^^^^^
  File "C:\Users\User\AppData\Roaming\Python\Python311\site-packages\django\db\backends\utils.py", line 92, in _execute_with_wrappers
    return executor(sql, params, many, context)
           ^^^^^^^^^^^^^^^^^^^^^^^^^^^^^^^^^^^^
  File "C:\Users\User\AppData\Roaming\Python\Python311\site-packages\django\db\backends\utils.py", line 100, in _execute
    with self.db.wrap_database_errors:
  File "C:\Users\User\AppData\Roaming\Python\Python311\site-packages\django\db\utils.py", line 91, in __exit__
    raise dj_exc_value.with_traceback(traceback) from exc_value
  File "C:\Users\User\AppData\Roaming\Python\Python311\site-packages\django\db\backends\utils.py", line 105, in _execute
    return self.cursor.execute(sql, params)
           ^^^^^^^^^^^^^^^^^^^^^^^^^^^^^^^^
  File "C:\Users\User\AppData\Roaming\Python\Python311\site-packages\django\db\backends\sqlite3\base.py", line 360, in execute
    return super().execute(query, params)
           ^^^^^^^^^^^^^^^^^^^^^^^^^^^^^^
django.db.utils.IntegrityError: UNIQUE constraint failed: products_product_variant.sku
"POST /api/products/9675aba5-aee6-435f-b883-8260fe468155/generate_variants/ HTTP/1.1" 500 193996
Method Not Allowed: /api/product-variants/
"POST /api/product-variants/ HTTP/1.1" 405 41
Method Not Allowed: /api/product-variants/
"POST /api/product-variants/ HTTP/1.1" 405 41
Internal Server Error: /api/products/9675aba5-aee6-435f-b883-8260fe468155/generate_variants/
Traceback (most recent call last):
  File "C:\Users\User\AppData\Roaming\Python\Python311\site-packages\django\db\backends\utils.py", line 105, in _execute
    return self.cursor.execute(sql, params)
           ^^^^^^^^^^^^^^^^^^^^^^^^^^^^^^^^
  File "C:\Users\User\AppData\Roaming\Python\Python311\site-packages\django\db\backends\sqlite3\base.py", line 360, in execute
    return super().execute(query, params)
           ^^^^^^^^^^^^^^^^^^^^^^^^^^^^^^
sqlite3.IntegrityError: UNIQUE constraint failed: products_product_variant.sku

The above exception was the direct cause of the following exception:

Traceback (most recent call last):
  File "C:\Users\User\AppData\Roaming\Python\Python311\site-packages\django\core\handlers\exception.py", line 55, in inner
    response = get_response(request)
               ^^^^^^^^^^^^^^^^^^^^^
  File "C:\Users\User\AppData\Roaming\Python\Python311\site-packages\django\core\handlers\base.py", line 197, in _get_response
    response = wrapped_callback(request, *callback_args, **callback_kwargs)
               ^^^^^^^^^^^^^^^^^^^^^^^^^^^^^^^^^^^^^^^^^^^^^^^^^^^^^^^^^^^^
  File "C:\Users\User\AppData\Roaming\Python\Python311\site-packages\django\views\decorators\csrf.py", line 65, in _view_wrapper
    return view_func(request, *args, **kwargs)
           ^^^^^^^^^^^^^^^^^^^^^^^^^^^^^^^^^^^
  File "C:\Users\User\AppData\Roaming\Python\Python311\site-packages\rest_framework\viewsets.py", line 125, in view
    return self.dispatch(request, *args, **kwargs)
           ^^^^^^^^^^^^^^^^^^^^^^^^^^^^^^^^^^^^^^^
  File "C:\Users\User\AppData\Roaming\Python\Python311\site-packages\rest_framework\views.py", line 515, in dispatch
    response = self.handle_exception(exc)
               ^^^^^^^^^^^^^^^^^^^^^^^^^^
  File "C:\Users\User\AppData\Roaming\Python\Python311\site-packages\rest_framework\views.py", line 475, in handle_exception
    self.raise_uncaught_exception(exc)
  File "C:\Users\User\AppData\Roaming\Python\Python311\site-packages\rest_framework\views.py", line 486, in raise_uncaught_exception
    raise exc
  File "C:\Users\User\AppData\Roaming\Python\Python311\site-packages\rest_framework\views.py", line 512, in dispatch
    response = handler(request, *args, **kwargs)
               ^^^^^^^^^^^^^^^^^^^^^^^^^^^^^^^^^
  File "D:\extras\Product Inventory System with Stock Management\inventory-backend\products\views.py", line 215, in generate_variants
    product_variant = ProductVariant.objects.create(
                      ^^^^^^^^^^^^^^^^^^^^^^^^^^^^^^
  File "C:\Users\User\AppData\Roaming\Python\Python311\site-packages\django\db\models\manager.py", line 87, in manager_method
    return getattr(self.get_queryset(), name)(*args, **kwargs)
           ^^^^^^^^^^^^^^^^^^^^^^^^^^^^^^^^^^^^^^^^^^^^^^^^^^^
  File "C:\Users\User\AppData\Roaming\Python\Python311\site-packages\django\db\models\query.py", line 663, in create
    obj.save(force_insert=True, using=self.db)
  File "C:\Users\User\AppData\Roaming\Python\Python311\site-packages\django\db\models\base.py", line 902, in save
    self.save_base(
  File "C:\Users\User\AppData\Roaming\Python\Python311\site-packages\django\db\models\base.py", line 1008, in save_base
    updated = self._save_table(
              ^^^^^^^^^^^^^^^^^
  File "C:\Users\User\AppData\Roaming\Python\Python311\site-packages\django\db\models\base.py", line 1169, in _save_table
    results = self._do_insert(
              ^^^^^^^^^^^^^^^^
  File "C:\Users\User\AppData\Roaming\Python\Python311\site-packages\django\db\models\base.py", line 1210, in _do_insert
    return manager._insert(
           ^^^^^^^^^^^^^^^^
  File "C:\Users\User\AppData\Roaming\Python\Python311\site-packages\django\db\models\manager.py", line 87, in manager_method
    return getattr(self.get_queryset(), name)(*args, **kwargs)
           ^^^^^^^^^^^^^^^^^^^^^^^^^^^^^^^^^^^^^^^^^^^^^^^^^^^
  File "C:\Users\User\AppData\Roaming\Python\Python311\site-packages\django\db\models\query.py", line 1868, in _insert
    return query.get_compiler(using=using).execute_sql(returning_fields)
           ^^^^^^^^^^^^^^^^^^^^^^^^^^^^^^^^^^^^^^^^^^^^^^^^^^^^^^^^^^^^^
  File "C:\Users\User\AppData\Roaming\Python\Python311\site-packages\django\db\models\sql\compiler.py", line 1882, in execute_sql
    cursor.execute(sql, params)
  File "C:\Users\User\AppData\Roaming\Python\Python311\site-packages\django\db\backends\utils.py", line 122, in execute
    return super().execute(sql, params)
           ^^^^^^^^^^^^^^^^^^^^^^^^^^^^
  File "C:\Users\User\AppData\Roaming\Python\Python311\site-packages\django\db\backends\utils.py", line 79, in execute
    return self._execute_with_wrappers(
           ^^^^^^^^^^^^^^^^^^^^^^^^^^^^
  File "C:\Users\User\AppData\Roaming\Python\Python311\site-packages\django\db\backends\utils.py", line 92, in _execute_with_wrappers
    return executor(sql, params, many, context)
           ^^^^^^^^^^^^^^^^^^^^^^^^^^^^^^^^^^^^
  File "C:\Users\User\AppData\Roaming\Python\Python311\site-packages\django\db\backends\utils.py", line 100, in _execute
    with self.db.wrap_database_errors:
  File "C:\Users\User\AppData\Roaming\Python\Python311\site-packages\django\db\utils.py", line 91, in __exit__
    raise dj_exc_value.with_traceback(traceback) from exc_value
  File "C:\Users\User\AppData\Roaming\Python\Python311\site-packages\django\db\backends\utils.py", line 105, in _execute
    return self.cursor.execute(sql, params)
           ^^^^^^^^^^^^^^^^^^^^^^^^^^^^^^^^
  File "C:\Users\User\AppData\Roaming\Python\Python311\site-packages\django\db\backends\sqlite3\base.py", line 360, in execute
    return super().execute(query, params)
           ^^^^^^^^^^^^^^^^^^^^^^^^^^^^^^
django.db.utils.IntegrityError: UNIQUE constraint failed: products_product_variant.sku
"POST /api/products/9675aba5-aee6-435f-b883-8260fe468155/generate_variants/ HTTP/1.1" 500 193996
"GET /api/products/9675aba5-aee6-435f-b883-8260fe468155/ HTTP/1.1" 200 1246
"GET /api/product-variants/?product_id=9675aba5-aee6-435f-b883-8260fe468155 HTTP/1.1" 200 686
"GET /api/products/?search=&page=1 HTTP/1.1" 200 1298
"GET /api/products/?search=&page=1 HTTP/1.1" 200 1298
"GET /api/products/9675aba5-aee6-435f-b883-8260fe468155/ HTTP/1.1" 200 1246
"GET /api/product-variants/?product_id=9675aba5-aee6-435f-b883-8260fe468155 HTTP/1.1" 200 686
"GET /api/product-variants/?product_id=9675aba5-aee6-435f-b883-8260fe468155 HTTP/1.1" 200 686
"GET /api/products/9675aba5-aee6-435f-b883-8260fe468155/ HTTP/1.1" 200 1246
Method Not Allowed: /api/product-variants/
"POST /api/product-variants/ HTTP/1.1" 405 41
Dashboard stats error: property 'current_stock' of 'ProductVariant' object has no setter
Internal Server Error: /api/stock/dashboard_stats/
"GET /api/stock/dashboard_stats/ HTTP/1.1" 500 77
Dashboard stats error: property 'current_stock' of 'ProductVariant' object has no setter
Internal Server Error: /api/stock/dashboard_stats/
"GET /api/stock/dashboard_stats/ HTTP/1.1" 500 77
"GET /api/products/?search=&page=1 HTTP/1.1" 200 1298
"GET /api/products/?search=&page=1 HTTP/1.1" 200 1298
"GET /api/product-variants/?product_id=9675aba5-aee6-435f-b883-8260fe468155 HTTP/1.1" 200 686
"GET /api/products/9675aba5-aee6-435f-b883-8260fe468155/ HTTP/1.1" 200 1246
"GET /api/products/9675aba5-aee6-435f-b883-8260fe468155/ HTTP/1.1" 200 1246
"GET /api/product-variants/?product_id=9675aba5-aee6-435f-b883-8260fe468155 HTTP/1.1" 200 686
"GET /api/product-variants/?product_id=9675aba5-aee6-435f-b883-8260fe468155 HTTP/1.1" 200 686
"GET /api/products/9675aba5-aee6-435f-b883-8260fe468155/ HTTP/1.1" 200 1246
"GET /api/products/9675aba5-aee6-435f-b883-8260fe468155/ HTTP/1.1" 200 1246
"GET /api/product-variants/?product_id=9675aba5-aee6-435f-b883-8260fe468155 HTTP/1.1" 200 686
"GET /api/product-variants/?product_id=9675aba5-aee6-435f-b883-8260fe468155 HTTP/1.1" 200 686
"GET /api/products/9675aba5-aee6-435f-b883-8260fe468155/ HTTP/1.1" 200 1246
Method Not Allowed: /api/product-variants/
"POST /api/product-variants/ HTTP/1.1" 405 41
"GET /api/products/9675aba5-aee6-435f-b883-8260fe468155/ HTTP/1.1" 200 1246
"GET /api/product-variants/?product_id=9675aba5-aee6-435f-b883-8260fe468155 HTTP/1.1" 200 686
"GET /api/products/9675aba5-aee6-435f-b883-8260fe468155/ HTTP/1.1" 200 1246
"GET /api/product-variants/?product_id=9675aba5-aee6-435f-b883-8260fe468155 HTTP/1.1" 200 686
"GET /api/product-variants/?product_id=9675aba5-aee6-435f-b883-8260fe468155 HTTP/1.1" 200 686
"GET /api/products/9675aba5-aee6-435f-b883-8260fe468155/ HTTP/1.1" 200 1246
Method Not Allowed: /api/product-variants/
"POST /api/product-variants/ HTTP/1.1" 405 41
"GET /api/products/?search=&page=1 HTTP/1.1" 200 1298
"GET /api/products/?search=&page=1 HTTP/1.1" 200 1298
"GET /api/product-variants/?product_id=9675aba5-aee6-435f-b883-8260fe468155 HTTP/1.1" 200 686
"GET /api/products/9675aba5-aee6-435f-b883-8260fe468155/ HTTP/1.1" 200 1246
"GET /api/products/9675aba5-aee6-435f-b883-8260fe468155/ HTTP/1.1" 200 1246
"GET /api/product-variants/?product_id=9675aba5-aee6-435f-b883-8260fe468155 HTTP/1.1" 200 686
"GET /api/products/9675aba5-aee6-435f-b883-8260fe468155/ HTTP/1.1" 200 1246
"GET /api/product-variants/?product_id=9675aba5-aee6-435f-b883-8260fe468155 HTTP/1.1" 200 686
"GET /api/product-variants/?product_id=9675aba5-aee6-435f-b883-8260fe468155 HTTP/1.1" 200 686
"GET /api/products/9675aba5-aee6-435f-b883-8260fe468155/ HTTP/1.1" 200 1246
"GET /api/product-variants/?product_id=9675aba5-aee6-435f-b883-8260fe468155 HTTP/1.1" 200 686
"GET /api/products/9675aba5-aee6-435f-b883-8260fe468155/ HTTP/1.1" 200 1246
D:\extras\Product Inventory System with Stock Management\inventory-backend\products\views.py changed, reloading.
Watching for file changes with StatReloader
"GET /api/product-variants/?product_id=9675aba5-aee6-435f-b883-8260fe468155 HTTP/1.1" 200 686
"GET /api/products/9675aba5-aee6-435f-b883-8260fe468155/ HTTP/1.1" 200 1246
"OPTIONS /api/products/?search=&page=1 HTTP/1.1" 200 0
"OPTIONS /api/products/?search=&page=1 HTTP/1.1" 200 0
"GET /api/products/?search=&page=1 HTTP/1.1" 200 1298
"GET /api/products/?search=&page=1 HTTP/1.1" 200 1298
"OPTIONS /api/products/9675aba5-aee6-435f-b883-8260fe468155/ HTTP/1.1" 200 0
"OPTIONS /api/product-variants/?product_id=9675aba5-aee6-435f-b883-8260fe468155 HTTP/1.1" 200 0
"OPTIONS /api/products/9675aba5-aee6-435f-b883-8260fe468155/ HTTP/1.1" 200 0
"OPTIONS /api/product-variants/?product_id=9675aba5-aee6-435f-b883-8260fe468155 HTTP/1.1" 200 0
"GET /api/product-variants/?product_id=9675aba5-aee6-435f-b883-8260fe468155 HTTP/1.1" 200 686
"GET /api/products/9675aba5-aee6-435f-b883-8260fe468155/ HTTP/1.1" 200 1246
"GET /api/product-variants/?product_id=9675aba5-aee6-435f-b883-8260fe468155 HTTP/1.1" 200 686
"GET /api/products/9675aba5-aee6-435f-b883-8260fe468155/ HTTP/1.1" 200 1246
"GET /api/products/?search=&page=1 HTTP/1.1" 200 1298
"GET /api/products/?search=&page=1 HTTP/1.1" 200 1298
"OPTIONS /api/stock/dashboard_stats/ HTTP/1.1" 200 0
"OPTIONS /api/stock/dashboard_stats/ HTTP/1.1" 200 0
Dashboard stats error: property 'current_stock' of 'ProductVariant' object has no setter
Internal Server Error: /api/stock/dashboard_stats/
"GET /api/stock/dashboard_stats/ HTTP/1.1" 500 77
Dashboard stats error: property 'current_stock' of 'ProductVariant' object has no setter
Internal Server Error: /api/stock/dashboard_stats/
"GET /api/stock/dashboard_stats/ HTTP/1.1" 500 77
"GET /api/products/?search=&page=1 HTTP/1.1" 200 1298
"GET /api/products/?search=&page=1 HTTP/1.1" 200 1298
"GET /api/products/?search=&page=1 HTTP/1.1" 200 1298
"GET /api/products/?search=&page=1 HTTP/1.1" 200 1298
"GET /api/products/9675aba5-aee6-435f-b883-8260fe468155/ HTTP/1.1" 200 1246
"GET /api/product-variants/?product_id=9675aba5-aee6-435f-b883-8260fe468155 HTTP/1.1" 200 686
"GET /api/products/9675aba5-aee6-435f-b883-8260fe468155/ HTTP/1.1" 200 1246
"GET /api/product-variants/?product_id=9675aba5-aee6-435f-b883-8260fe468155 HTTP/1.1" 200 686
"OPTIONS /api/product-variants/ HTTP/1.1" 200 0
Internal Server Error: /api/product-variants/
Traceback (most recent call last):
  File "C:\Users\User\AppData\Roaming\Python\Python311\site-packages\django\db\backends\utils.py", line 105, in _execute
    return self.cursor.execute(sql, params)
           ^^^^^^^^^^^^^^^^^^^^^^^^^^^^^^^^
  File "C:\Users\User\AppData\Roaming\Python\Python311\site-packages\django\db\backends\sqlite3\base.py", line 360, in execute
    return super().execute(query, params)
           ^^^^^^^^^^^^^^^^^^^^^^^^^^^^^^
sqlite3.IntegrityError: NOT NULL constraint failed: products_product_variant.product_id

The above exception was the direct cause of the following exception:

Traceback (most recent call last):
  File "C:\Users\User\AppData\Roaming\Python\Python311\site-packages\django\core\handlers\exception.py", line 55, in inner
    response = get_response(request)
               ^^^^^^^^^^^^^^^^^^^^^
  File "C:\Users\User\AppData\Roaming\Python\Python311\site-packages\django\core\handlers\base.py", line 197, in _get_response
    response = wrapped_callback(request, *callback_args, **callback_kwargs)
               ^^^^^^^^^^^^^^^^^^^^^^^^^^^^^^^^^^^^^^^^^^^^^^^^^^^^^^^^^^^^
  File "C:\Users\User\AppData\Roaming\Python\Python311\site-packages\django\views\decorators\csrf.py", line 65, in _view_wrapper
    return view_func(request, *args, **kwargs)
           ^^^^^^^^^^^^^^^^^^^^^^^^^^^^^^^^^^^
  File "C:\Users\User\AppData\Roaming\Python\Python311\site-packages\rest_framework\viewsets.py", line 125, in view
    return self.dispatch(request, *args, **kwargs)
           ^^^^^^^^^^^^^^^^^^^^^^^^^^^^^^^^^^^^^^^
  File "C:\Users\User\AppData\Roaming\Python\Python311\site-packages\rest_framework\views.py", line 515, in dispatch
    response = self.handle_exception(exc)
               ^^^^^^^^^^^^^^^^^^^^^^^^^^
  File "C:\Users\User\AppData\Roaming\Python\Python311\site-packages\rest_framework\views.py", line 475, in handle_exception
    self.raise_uncaught_exception(exc)
  File "C:\Users\User\AppData\Roaming\Python\Python311\site-packages\rest_framework\views.py", line 486, in raise_uncaught_exception
    raise exc
  File "C:\Users\User\AppData\Roaming\Python\Python311\site-packages\rest_framework\views.py", line 512, in dispatch
    response = handler(request, *args, **kwargs)
               ^^^^^^^^^^^^^^^^^^^^^^^^^^^^^^^^^
  File "C:\Users\User\AppData\Roaming\Python\Python311\site-packages\rest_framework\mixins.py", line 19, in create
    self.perform_create(serializer)
  File "C:\Users\User\AppData\Roaming\Python\Python311\site-packages\rest_framework\mixins.py", line 24, in perform_create
    serializer.save()
  File "C:\Users\User\AppData\Roaming\Python\Python311\site-packages\rest_framework\serializers.py", line 210, in save
    self.instance = self.create(validated_data)
                    ^^^^^^^^^^^^^^^^^^^^^^^^^^^
  File "C:\Users\User\AppData\Roaming\Python\Python311\site-packages\rest_framework\serializers.py", line 991, in create
    instance = ModelClass._default_manager.create(**validated_data)
               ^^^^^^^^^^^^^^^^^^^^^^^^^^^^^^^^^^^^^^^^^^^^^^^^^^^^
  File "C:\Users\User\AppData\Roaming\Python\Python311\site-packages\django\db\models\manager.py", line 87, in manager_method
    return getattr(self.get_queryset(), name)(*args, **kwargs)
           ^^^^^^^^^^^^^^^^^^^^^^^^^^^^^^^^^^^^^^^^^^^^^^^^^^^
  File "C:\Users\User\AppData\Roaming\Python\Python311\site-packages\django\db\models\query.py", line 663, in create
    obj.save(force_insert=True, using=self.db)
  File "C:\Users\User\AppData\Roaming\Python\Python311\site-packages\django\db\models\base.py", line 902, in save
    self.save_base(
  File "C:\Users\User\AppData\Roaming\Python\Python311\site-packages\django\db\models\base.py", line 1008, in save_base
    updated = self._save_table(
              ^^^^^^^^^^^^^^^^^
  File "C:\Users\User\AppData\Roaming\Python\Python311\site-packages\django\db\models\base.py", line 1169, in _save_table
    results = self._do_insert(
              ^^^^^^^^^^^^^^^^
  File "C:\Users\User\AppData\Roaming\Python\Python311\site-packages\django\db\models\base.py", line 1210, in _do_insert
    return manager._insert(
           ^^^^^^^^^^^^^^^^
  File "C:\Users\User\AppData\Roaming\Python\Python311\site-packages\django\db\models\manager.py", line 87, in manager_method
    return getattr(self.get_queryset(), name)(*args, **kwargs)
           ^^^^^^^^^^^^^^^^^^^^^^^^^^^^^^^^^^^^^^^^^^^^^^^^^^^
  File "C:\Users\User\AppData\Roaming\Python\Python311\site-packages\django\db\models\query.py", line 1868, in _insert
    return query.get_compiler(using=using).execute_sql(returning_fields)
           ^^^^^^^^^^^^^^^^^^^^^^^^^^^^^^^^^^^^^^^^^^^^^^^^^^^^^^^^^^^^^
  File "C:\Users\User\AppData\Roaming\Python\Python311\site-packages\django\db\models\sql\compiler.py", line 1882, in execute_sql
    cursor.execute(sql, params)
  File "C:\Users\User\AppData\Roaming\Python\Python311\site-packages\django\db\backends\utils.py", line 122, in execute
    return super().execute(sql, params)
           ^^^^^^^^^^^^^^^^^^^^^^^^^^^^
  File "C:\Users\User\AppData\Roaming\Python\Python311\site-packages\django\db\backends\utils.py", line 79, in execute
    return self._execute_with_wrappers(
           ^^^^^^^^^^^^^^^^^^^^^^^^^^^^
  File "C:\Users\User\AppData\Roaming\Python\Python311\site-packages\django\db\backends\utils.py", line 92, in _execute_with_wrappers
    return executor(sql, params, many, context)
           ^^^^^^^^^^^^^^^^^^^^^^^^^^^^^^^^^^^^
  File "C:\Users\User\AppData\Roaming\Python\Python311\site-packages\django\db\backends\utils.py", line 100, in _execute
    with self.db.wrap_database_errors:
  File "C:\Users\User\AppData\Roaming\Python\Python311\site-packages\django\db\utils.py", line 91, in __exit__
    raise dj_exc_value.with_traceback(traceback) from exc_value
  File "C:\Users\User\AppData\Roaming\Python\Python311\site-packages\django\db\backends\utils.py", line 105, in _execute
    return self.cursor.execute(sql, params)
           ^^^^^^^^^^^^^^^^^^^^^^^^^^^^^^^^
  File "C:\Users\User\AppData\Roaming\Python\Python311\site-packages\django\db\backends\sqlite3\base.py", line 360, in execute
    return super().execute(query, params)
           ^^^^^^^^^^^^^^^^^^^^^^^^^^^^^^
django.db.utils.IntegrityError: NOT NULL constraint failed: products_product_variant.product_id
"POST /api/product-variants/ HTTP/1.1" 500 209585
Dashboard stats error: property 'current_stock' of 'ProductVariant' object has no setter
Internal Server Error: /api/stock/dashboard_stats/
"GET /api/stock/dashboard_stats/ HTTP/1.1" 500 77
Dashboard stats error: property 'current_stock' of 'ProductVariant' object has no setter
Internal Server Error: /api/stock/dashboard_stats/
"GET /api/stock/dashboard_stats/ HTTP/1.1" 500 77
Dashboard stats error: property 'current_stock' of 'ProductVariant' object has no setter
Internal Server Error: /api/stock/dashboard_stats/
"GET /api/stock/dashboard_stats/ HTTP/1.1" 500 77
"GET /api/products/?search=&page=1 HTTP/1.1" 200 1298
"GET /api/products/?search=&page=1 HTTP/1.1" 200 1298
D:\extras\Product Inventory System with Stock Management\inventory-backend\products\serializers.py changed, reloading.
Watching for file changes with StatReloader
"GET /api/products/?search=&page=1 HTTP/1.1" 200 1298
"GET /api/products/?search=&page=1 HTTP/1.1" 200 1298
"GET /api/products/?search=&page=1 HTTP/1.1" 200 1298
"GET /api/products/?search=&page=1 HTTP/1.1" 200 1298
"GET /api/products/9675aba5-aee6-435f-b883-8260fe468155/ HTTP/1.1" 200 1246
"GET /api/product-variants/?product_id=9675aba5-aee6-435f-b883-8260fe468155 HTTP/1.1" 200 686
"GET /api/products/9675aba5-aee6-435f-b883-8260fe468155/ HTTP/1.1" 200 1246
"GET /api/product-variants/?product_id=9675aba5-aee6-435f-b883-8260fe468155 HTTP/1.1" 200 686
Internal Server Error: /api/product-variants/
Traceback (most recent call last):
  File "C:\Users\User\AppData\Roaming\Python\Python311\site-packages\django\db\backends\utils.py", line 105, in _execute
    return self.cursor.execute(sql, params)
           ^^^^^^^^^^^^^^^^^^^^^^^^^^^^^^^^
  File "C:\Users\User\AppData\Roaming\Python\Python311\site-packages\django\db\backends\sqlite3\base.py", line 360, in execute
    return super().execute(query, params)
           ^^^^^^^^^^^^^^^^^^^^^^^^^^^^^^
sqlite3.IntegrityError: NOT NULL constraint failed: products_product_variant.product_id

The above exception was the direct cause of the following exception:

Traceback (most recent call last):
  File "C:\Users\User\AppData\Roaming\Python\Python311\site-packages\django\core\handlers\exception.py", line 55, in inner
    response = get_response(request)
               ^^^^^^^^^^^^^^^^^^^^^
  File "C:\Users\User\AppData\Roaming\Python\Python311\site-packages\django\core\handlers\base.py", line 197, in _get_response
    response = wrapped_callback(request, *callback_args, **callback_kwargs)
               ^^^^^^^^^^^^^^^^^^^^^^^^^^^^^^^^^^^^^^^^^^^^^^^^^^^^^^^^^^^^
  File "C:\Users\User\AppData\Roaming\Python\Python311\site-packages\django\views\decorators\csrf.py", line 65, in _view_wrapper
    return view_func(request, *args, **kwargs)
           ^^^^^^^^^^^^^^^^^^^^^^^^^^^^^^^^^^^
  File "C:\Users\User\AppData\Roaming\Python\Python311\site-packages\rest_framework\viewsets.py", line 125, in view
    return self.dispatch(request, *args, **kwargs)
           ^^^^^^^^^^^^^^^^^^^^^^^^^^^^^^^^^^^^^^^
  File "C:\Users\User\AppData\Roaming\Python\Python311\site-packages\rest_framework\views.py", line 515, in dispatch
    response = self.handle_exception(exc)
               ^^^^^^^^^^^^^^^^^^^^^^^^^^
  File "C:\Users\User\AppData\Roaming\Python\Python311\site-packages\rest_framework\views.py", line 475, in handle_exception
    self.raise_uncaught_exception(exc)
  File "C:\Users\User\AppData\Roaming\Python\Python311\site-packages\rest_framework\views.py", line 486, in raise_uncaught_exception
    raise exc
  File "C:\Users\User\AppData\Roaming\Python\Python311\site-packages\rest_framework\views.py", line 512, in dispatch
    response = handler(request, *args, **kwargs)
               ^^^^^^^^^^^^^^^^^^^^^^^^^^^^^^^^^
  File "C:\Users\User\AppData\Roaming\Python\Python311\site-packages\rest_framework\mixins.py", line 19, in create
    self.perform_create(serializer)
  File "C:\Users\User\AppData\Roaming\Python\Python311\site-packages\rest_framework\mixins.py", line 24, in perform_create
    serializer.save()
  File "C:\Users\User\AppData\Roaming\Python\Python311\site-packages\rest_framework\serializers.py", line 210, in save
    self.instance = self.create(validated_data)
                    ^^^^^^^^^^^^^^^^^^^^^^^^^^^
  File "D:\extras\Product Inventory System with Stock Management\inventory-backend\products\serializers.py", line 44, in create
    product_variant = ProductVariant.objects.create(**validated_data)
                      ^^^^^^^^^^^^^^^^^^^^^^^^^^^^^^^^^^^^^^^^^^^^^^^
  File "C:\Users\User\AppData\Roaming\Python\Python311\site-packages\django\db\models\manager.py", line 87, in manager_method
    return getattr(self.get_queryset(), name)(*args, **kwargs)
           ^^^^^^^^^^^^^^^^^^^^^^^^^^^^^^^^^^^^^^^^^^^^^^^^^^^
  File "C:\Users\User\AppData\Roaming\Python\Python311\site-packages\django\db\models\query.py", line 663, in create
    obj.save(force_insert=True, using=self.db)
  File "C:\Users\User\AppData\Roaming\Python\Python311\site-packages\django\db\models\base.py", line 902, in save
    self.save_base(
  File "C:\Users\User\AppData\Roaming\Python\Python311\site-packages\django\db\models\base.py", line 1008, in save_base
    updated = self._save_table(
              ^^^^^^^^^^^^^^^^^
  File "C:\Users\User\AppData\Roaming\Python\Python311\site-packages\django\db\models\base.py", line 1169, in _save_table
    results = self._do_insert(
              ^^^^^^^^^^^^^^^^
  File "C:\Users\User\AppData\Roaming\Python\Python311\site-packages\django\db\models\base.py", line 1210, in _do_insert
    return manager._insert(
           ^^^^^^^^^^^^^^^^
  File "C:\Users\User\AppData\Roaming\Python\Python311\site-packages\django\db\models\manager.py", line 87, in manager_method
    return getattr(self.get_queryset(), name)(*args, **kwargs)
           ^^^^^^^^^^^^^^^^^^^^^^^^^^^^^^^^^^^^^^^^^^^^^^^^^^^
  File "C:\Users\User\AppData\Roaming\Python\Python311\site-packages\django\db\models\query.py", line 1868, in _insert
    return query.get_compiler(using=using).execute_sql(returning_fields)
           ^^^^^^^^^^^^^^^^^^^^^^^^^^^^^^^^^^^^^^^^^^^^^^^^^^^^^^^^^^^^^
  File "C:\Users\User\AppData\Roaming\Python\Python311\site-packages\django\db\models\sql\compiler.py", line 1882, in execute_sql
    cursor.execute(sql, params)
  File "C:\Users\User\AppData\Roaming\Python\Python311\site-packages\django\db\backends\utils.py", line 122, in execute
    return super().execute(sql, params)
           ^^^^^^^^^^^^^^^^^^^^^^^^^^^^
  File "C:\Users\User\AppData\Roaming\Python\Python311\site-packages\django\db\backends\utils.py", line 79, in execute
    return self._execute_with_wrappers(
           ^^^^^^^^^^^^^^^^^^^^^^^^^^^^
  File "C:\Users\User\AppData\Roaming\Python\Python311\site-packages\django\db\backends\utils.py", line 92, in _execute_with_wrappers
    return executor(sql, params, many, context)
           ^^^^^^^^^^^^^^^^^^^^^^^^^^^^^^^^^^^^
  File "C:\Users\User\AppData\Roaming\Python\Python311\site-packages\django\db\backends\utils.py", line 100, in _execute
    with self.db.wrap_database_errors:
  File "C:\Users\User\AppData\Roaming\Python\Python311\site-packages\django\db\utils.py", line 91, in __exit__
    raise dj_exc_value.with_traceback(traceback) from exc_value
  File "C:\Users\User\AppData\Roaming\Python\Python311\site-packages\django\db\backends\utils.py", line 105, in _execute
    return self.cursor.execute(sql, params)
           ^^^^^^^^^^^^^^^^^^^^^^^^^^^^^^^^
  File "C:\Users\User\AppData\Roaming\Python\Python311\site-packages\django\db\backends\sqlite3\base.py", line 360, in execute
    return super().execute(query, params)
           ^^^^^^^^^^^^^^^^^^^^^^^^^^^^^^
django.db.utils.IntegrityError: NOT NULL constraint failed: products_product_variant.product_id
"POST /api/product-variants/ HTTP/1.1" 500 207531
"GET /api/product-variants/?product_id=9675aba5-aee6-435f-b883-8260fe468155 HTTP/1.1" 200 686
"GET /api/products/9675aba5-aee6-435f-b883-8260fe468155/ HTTP/1.1" 200 1246
"GET /api/product-variants/?product_id=9675aba5-aee6-435f-b883-8260fe468155 HTTP/1.1" 200 686
"GET /api/products/9675aba5-aee6-435f-b883-8260fe468155/ HTTP/1.1" 200 1246
Internal Server Error: /api/product-variants/
Traceback (most recent call last):
  File "C:\Users\User\AppData\Roaming\Python\Python311\site-packages\django\db\backends\utils.py", line 105, in _execute
    return self.cursor.execute(sql, params)
           ^^^^^^^^^^^^^^^^^^^^^^^^^^^^^^^^
  File "C:\Users\User\AppData\Roaming\Python\Python311\site-packages\django\db\backends\sqlite3\base.py", line 360, in execute
    return super().execute(query, params)
           ^^^^^^^^^^^^^^^^^^^^^^^^^^^^^^
sqlite3.IntegrityError: NOT NULL constraint failed: products_product_variant.product_id

The above exception was the direct cause of the following exception:

Traceback (most recent call last):
  File "C:\Users\User\AppData\Roaming\Python\Python311\site-packages\django\core\handlers\exception.py", line 55, in inner
    response = get_response(request)
               ^^^^^^^^^^^^^^^^^^^^^
  File "C:\Users\User\AppData\Roaming\Python\Python311\site-packages\django\core\handlers\base.py", line 197, in _get_response
    response = wrapped_callback(request, *callback_args, **callback_kwargs)
               ^^^^^^^^^^^^^^^^^^^^^^^^^^^^^^^^^^^^^^^^^^^^^^^^^^^^^^^^^^^^
  File "C:\Users\User\AppData\Roaming\Python\Python311\site-packages\django\views\decorators\csrf.py", line 65, in _view_wrapper
    return view_func(request, *args, **kwargs)
           ^^^^^^^^^^^^^^^^^^^^^^^^^^^^^^^^^^^
  File "C:\Users\User\AppData\Roaming\Python\Python311\site-packages\rest_framework\viewsets.py", line 125, in view
    return self.dispatch(request, *args, **kwargs)
           ^^^^^^^^^^^^^^^^^^^^^^^^^^^^^^^^^^^^^^^
  File "C:\Users\User\AppData\Roaming\Python\Python311\site-packages\rest_framework\views.py", line 515, in dispatch
    response = self.handle_exception(exc)
               ^^^^^^^^^^^^^^^^^^^^^^^^^^
  File "C:\Users\User\AppData\Roaming\Python\Python311\site-packages\rest_framework\views.py", line 475, in handle_exception
    self.raise_uncaught_exception(exc)
  File "C:\Users\User\AppData\Roaming\Python\Python311\site-packages\rest_framework\views.py", line 486, in raise_uncaught_exception
    raise exc
  File "C:\Users\User\AppData\Roaming\Python\Python311\site-packages\rest_framework\views.py", line 512, in dispatch
    response = handler(request, *args, **kwargs)
               ^^^^^^^^^^^^^^^^^^^^^^^^^^^^^^^^^
  File "C:\Users\User\AppData\Roaming\Python\Python311\site-packages\rest_framework\mixins.py", line 19, in create
    self.perform_create(serializer)
  File "C:\Users\User\AppData\Roaming\Python\Python311\site-packages\rest_framework\mixins.py", line 24, in perform_create
    serializer.save()
  File "C:\Users\User\AppData\Roaming\Python\Python311\site-packages\rest_framework\serializers.py", line 210, in save
    self.instance = self.create(validated_data)
                    ^^^^^^^^^^^^^^^^^^^^^^^^^^^
  File "D:\extras\Product Inventory System with Stock Management\inventory-backend\products\serializers.py", line 44, in create
    product_variant = ProductVariant.objects.create(**validated_data)
                      ^^^^^^^^^^^^^^^^^^^^^^^^^^^^^^^^^^^^^^^^^^^^^^^
  File "C:\Users\User\AppData\Roaming\Python\Python311\site-packages\django\db\models\manager.py", line 87, in manager_method
    return getattr(self.get_queryset(), name)(*args, **kwargs)
           ^^^^^^^^^^^^^^^^^^^^^^^^^^^^^^^^^^^^^^^^^^^^^^^^^^^
  File "C:\Users\User\AppData\Roaming\Python\Python311\site-packages\django\db\models\query.py", line 663, in create
    obj.save(force_insert=True, using=self.db)
  File "C:\Users\User\AppData\Roaming\Python\Python311\site-packages\django\db\models\base.py", line 902, in save
    self.save_base(
  File "C:\Users\User\AppData\Roaming\Python\Python311\site-packages\django\db\models\base.py", line 1008, in save_base
    updated = self._save_table(
              ^^^^^^^^^^^^^^^^^
  File "C:\Users\User\AppData\Roaming\Python\Python311\site-packages\django\db\models\base.py", line 1169, in _save_table
    results = self._do_insert(
              ^^^^^^^^^^^^^^^^
  File "C:\Users\User\AppData\Roaming\Python\Python311\site-packages\django\db\models\base.py", line 1210, in _do_insert
    return manager._insert(
           ^^^^^^^^^^^^^^^^
  File "C:\Users\User\AppData\Roaming\Python\Python311\site-packages\django\db\models\manager.py", line 87, in manager_method
    return getattr(self.get_queryset(), name)(*args, **kwargs)
           ^^^^^^^^^^^^^^^^^^^^^^^^^^^^^^^^^^^^^^^^^^^^^^^^^^^
  File "C:\Users\User\AppData\Roaming\Python\Python311\site-packages\django\db\models\query.py", line 1868, in _insert
    return query.get_compiler(using=using).execute_sql(returning_fields)
           ^^^^^^^^^^^^^^^^^^^^^^^^^^^^^^^^^^^^^^^^^^^^^^^^^^^^^^^^^^^^^
  File "C:\Users\User\AppData\Roaming\Python\Python311\site-packages\django\db\models\sql\compiler.py", line 1882, in execute_sql
    cursor.execute(sql, params)
  File "C:\Users\User\AppData\Roaming\Python\Python311\site-packages\django\db\backends\utils.py", line 122, in execute
    return super().execute(sql, params)
           ^^^^^^^^^^^^^^^^^^^^^^^^^^^^
  File "C:\Users\User\AppData\Roaming\Python\Python311\site-packages\django\db\backends\utils.py", line 79, in execute
    return self._execute_with_wrappers(
           ^^^^^^^^^^^^^^^^^^^^^^^^^^^^
  File "C:\Users\User\AppData\Roaming\Python\Python311\site-packages\django\db\backends\utils.py", line 92, in _execute_with_wrappers
    return executor(sql, params, many, context)
           ^^^^^^^^^^^^^^^^^^^^^^^^^^^^^^^^^^^^
  File "C:\Users\User\AppData\Roaming\Python\Python311\site-packages\django\db\backends\utils.py", line 100, in _execute
    with self.db.wrap_database_errors:
  File "C:\Users\User\AppData\Roaming\Python\Python311\site-packages\django\db\utils.py", line 91, in __exit__
    raise dj_exc_value.with_traceback(traceback) from exc_value
  File "C:\Users\User\AppData\Roaming\Python\Python311\site-packages\django\db\backends\utils.py", line 105, in _execute
    return self.cursor.execute(sql, params)
           ^^^^^^^^^^^^^^^^^^^^^^^^^^^^^^^^
  File "C:\Users\User\AppData\Roaming\Python\Python311\site-packages\django\db\backends\sqlite3\base.py", line 360, in execute
    return super().execute(query, params)
           ^^^^^^^^^^^^^^^^^^^^^^^^^^^^^^
django.db.utils.IntegrityError: NOT NULL constraint failed: products_product_variant.product_id
"POST /api/product-variants/ HTTP/1.1" 500 206659
Internal Server Error: /api/product-variants/
Traceback (most recent call last):
  File "C:\Users\User\AppData\Roaming\Python\Python311\site-packages\django\db\backends\utils.py", line 105, in _execute
    return self.cursor.execute(sql, params)
           ^^^^^^^^^^^^^^^^^^^^^^^^^^^^^^^^
  File "C:\Users\User\AppData\Roaming\Python\Python311\site-packages\django\db\backends\sqlite3\base.py", line 360, in execute
    return super().execute(query, params)
           ^^^^^^^^^^^^^^^^^^^^^^^^^^^^^^
sqlite3.IntegrityError: NOT NULL constraint failed: products_product_variant.product_id

The above exception was the direct cause of the following exception:

Traceback (most recent call last):
  File "C:\Users\User\AppData\Roaming\Python\Python311\site-packages\django\core\handlers\exception.py", line 55, in inner
    response = get_response(request)
               ^^^^^^^^^^^^^^^^^^^^^
  File "C:\Users\User\AppData\Roaming\Python\Python311\site-packages\django\core\handlers\base.py", line 197, in _get_response
    response = wrapped_callback(request, *callback_args, **callback_kwargs)
               ^^^^^^^^^^^^^^^^^^^^^^^^^^^^^^^^^^^^^^^^^^^^^^^^^^^^^^^^^^^^
  File "C:\Users\User\AppData\Roaming\Python\Python311\site-packages\django\views\decorators\csrf.py", line 65, in _view_wrapper
    return view_func(request, *args, **kwargs)
           ^^^^^^^^^^^^^^^^^^^^^^^^^^^^^^^^^^^
  File "C:\Users\User\AppData\Roaming\Python\Python311\site-packages\rest_framework\viewsets.py", line 125, in view
    return self.dispatch(request, *args, **kwargs)
           ^^^^^^^^^^^^^^^^^^^^^^^^^^^^^^^^^^^^^^^
  File "C:\Users\User\AppData\Roaming\Python\Python311\site-packages\rest_framework\views.py", line 515, in dispatch
    response = self.handle_exception(exc)
               ^^^^^^^^^^^^^^^^^^^^^^^^^^
  File "C:\Users\User\AppData\Roaming\Python\Python311\site-packages\rest_framework\views.py", line 475, in handle_exception
    self.raise_uncaught_exception(exc)
  File "C:\Users\User\AppData\Roaming\Python\Python311\site-packages\rest_framework\views.py", line 486, in raise_uncaught_exception
    raise exc
  File "C:\Users\User\AppData\Roaming\Python\Python311\site-packages\rest_framework\views.py", line 512, in dispatch
    response = handler(request, *args, **kwargs)
               ^^^^^^^^^^^^^^^^^^^^^^^^^^^^^^^^^
  File "C:\Users\User\AppData\Roaming\Python\Python311\site-packages\rest_framework\mixins.py", line 19, in create
    self.perform_create(serializer)
  File "C:\Users\User\AppData\Roaming\Python\Python311\site-packages\rest_framework\mixins.py", line 24, in perform_create
    serializer.save()
  File "C:\Users\User\AppData\Roaming\Python\Python311\site-packages\rest_framework\serializers.py", line 210, in save
    self.instance = self.create(validated_data)
                    ^^^^^^^^^^^^^^^^^^^^^^^^^^^
  File "D:\extras\Product Inventory System with Stock Management\inventory-backend\products\serializers.py", line 44, in create
    product_variant = ProductVariant.objects.create(**validated_data)
                      ^^^^^^^^^^^^^^^^^^^^^^^^^^^^^^^^^^^^^^^^^^^^^^^
  File "C:\Users\User\AppData\Roaming\Python\Python311\site-packages\django\db\models\manager.py", line 87, in manager_method
    return getattr(self.get_queryset(), name)(*args, **kwargs)
           ^^^^^^^^^^^^^^^^^^^^^^^^^^^^^^^^^^^^^^^^^^^^^^^^^^^
  File "C:\Users\User\AppData\Roaming\Python\Python311\site-packages\django\db\models\query.py", line 663, in create
    obj.save(force_insert=True, using=self.db)
  File "C:\Users\User\AppData\Roaming\Python\Python311\site-packages\django\db\models\base.py", line 902, in save
    self.save_base(
  File "C:\Users\User\AppData\Roaming\Python\Python311\site-packages\django\db\models\base.py", line 1008, in save_base
    updated = self._save_table(
              ^^^^^^^^^^^^^^^^^
  File "C:\Users\User\AppData\Roaming\Python\Python311\site-packages\django\db\models\base.py", line 1169, in _save_table
    results = self._do_insert(
              ^^^^^^^^^^^^^^^^
  File "C:\Users\User\AppData\Roaming\Python\Python311\site-packages\django\db\models\base.py", line 1210, in _do_insert
    return manager._insert(
           ^^^^^^^^^^^^^^^^
  File "C:\Users\User\AppData\Roaming\Python\Python311\site-packages\django\db\models\manager.py", line 87, in manager_method
    return getattr(self.get_queryset(), name)(*args, **kwargs)
           ^^^^^^^^^^^^^^^^^^^^^^^^^^^^^^^^^^^^^^^^^^^^^^^^^^^
  File "C:\Users\User\AppData\Roaming\Python\Python311\site-packages\django\db\models\query.py", line 1868, in _insert
    return query.get_compiler(using=using).execute_sql(returning_fields)
           ^^^^^^^^^^^^^^^^^^^^^^^^^^^^^^^^^^^^^^^^^^^^^^^^^^^^^^^^^^^^^
  File "C:\Users\User\AppData\Roaming\Python\Python311\site-packages\django\db\models\sql\compiler.py", line 1882, in execute_sql
    cursor.execute(sql, params)
  File "C:\Users\User\AppData\Roaming\Python\Python311\site-packages\django\db\backends\utils.py", line 122, in execute
    return super().execute(sql, params)
           ^^^^^^^^^^^^^^^^^^^^^^^^^^^^
  File "C:\Users\User\AppData\Roaming\Python\Python311\site-packages\django\db\backends\utils.py", line 79, in execute
    return self._execute_with_wrappers(
           ^^^^^^^^^^^^^^^^^^^^^^^^^^^^
  File "C:\Users\User\AppData\Roaming\Python\Python311\site-packages\django\db\backends\utils.py", line 92, in _execute_with_wrappers
    return executor(sql, params, many, context)
           ^^^^^^^^^^^^^^^^^^^^^^^^^^^^^^^^^^^^
  File "C:\Users\User\AppData\Roaming\Python\Python311\site-packages\django\db\backends\utils.py", line 100, in _execute
    with self.db.wrap_database_errors:
  File "C:\Users\User\AppData\Roaming\Python\Python311\site-packages\django\db\utils.py", line 91, in __exit__
    raise dj_exc_value.with_traceback(traceback) from exc_value
  File "C:\Users\User\AppData\Roaming\Python\Python311\site-packages\django\db\backends\utils.py", line 105, in _execute
    return self.cursor.execute(sql, params)
           ^^^^^^^^^^^^^^^^^^^^^^^^^^^^^^^^
  File "C:\Users\User\AppData\Roaming\Python\Python311\site-packages\django\db\backends\sqlite3\base.py", line 360, in execute
    return super().execute(query, params)
           ^^^^^^^^^^^^^^^^^^^^^^^^^^^^^^
django.db.utils.IntegrityError: NOT NULL constraint failed: products_product_variant.product_id
"POST /api/product-variants/ HTTP/1.1" 500 206659
D:\extras\Product Inventory System with Stock Management\inventory-backend\products\views.py changed, reloading.
Watching for file changes with StatReloader
D:\extras\Product Inventory System with Stock Management\inventory-backend\products\views.py changed, reloading.
Watching for file changes with StatReloader
"GET /api/product-variants/?product_id=9675aba5-aee6-435f-b883-8260fe468155 HTTP/1.1" 200 686
"GET /api/product-variants/?product_id=9675aba5-aee6-435f-b883-8260fe468155 HTTP/1.1" 200 686
"GET /api/products/9675aba5-aee6-435f-b883-8260fe468155/ HTTP/1.1" 200 1246
"GET /api/products/9675aba5-aee6-435f-b883-8260fe468155/ HTTP/1.1" 200 1246
Internal Server Error: /api/product-variants/
Traceback (most recent call last):
  File "C:\Users\User\AppData\Roaming\Python\Python311\site-packages\django\db\backends\utils.py", line 105, in _execute
    return self.cursor.execute(sql, params)
           ^^^^^^^^^^^^^^^^^^^^^^^^^^^^^^^^
  File "C:\Users\User\AppData\Roaming\Python\Python311\site-packages\django\db\backends\sqlite3\base.py", line 360, in execute
    return super().execute(query, params)
           ^^^^^^^^^^^^^^^^^^^^^^^^^^^^^^
sqlite3.IntegrityError: NOT NULL constraint failed: products_product_variant.product_id

The above exception was the direct cause of the following exception:

Traceback (most recent call last):
  File "C:\Users\User\AppData\Roaming\Python\Python311\site-packages\django\core\handlers\exception.py", line 55, in inner
    response = get_response(request)
               ^^^^^^^^^^^^^^^^^^^^^
  File "C:\Users\User\AppData\Roaming\Python\Python311\site-packages\django\core\handlers\base.py", line 197, in _get_response
    response = wrapped_callback(request, *callback_args, **callback_kwargs)
               ^^^^^^^^^^^^^^^^^^^^^^^^^^^^^^^^^^^^^^^^^^^^^^^^^^^^^^^^^^^^
  File "C:\Users\User\AppData\Roaming\Python\Python311\site-packages\django\views\decorators\csrf.py", line 65, in _view_wrapper
    return view_func(request, *args, **kwargs)
           ^^^^^^^^^^^^^^^^^^^^^^^^^^^^^^^^^^^
  File "C:\Users\User\AppData\Roaming\Python\Python311\site-packages\rest_framework\viewsets.py", line 125, in view
    return self.dispatch(request, *args, **kwargs)
           ^^^^^^^^^^^^^^^^^^^^^^^^^^^^^^^^^^^^^^^
  File "C:\Users\User\AppData\Roaming\Python\Python311\site-packages\rest_framework\views.py", line 515, in dispatch
    response = self.handle_exception(exc)
               ^^^^^^^^^^^^^^^^^^^^^^^^^^
  File "C:\Users\User\AppData\Roaming\Python\Python311\site-packages\rest_framework\views.py", line 475, in handle_exception
    self.raise_uncaught_exception(exc)
  File "C:\Users\User\AppData\Roaming\Python\Python311\site-packages\rest_framework\views.py", line 486, in raise_uncaught_exception
    raise exc
  File "C:\Users\User\AppData\Roaming\Python\Python311\site-packages\rest_framework\views.py", line 512, in dispatch
    response = handler(request, *args, **kwargs)
               ^^^^^^^^^^^^^^^^^^^^^^^^^^^^^^^^^
  File "D:\extras\Product Inventory System with Stock Management\inventory-backend\products\views.py", line 248, in create
    product_variant = serializer.save()
                      ^^^^^^^^^^^^^^^^^
  File "C:\Users\User\AppData\Roaming\Python\Python311\site-packages\rest_framework\serializers.py", line 210, in save
    self.instance = self.create(validated_data)
                    ^^^^^^^^^^^^^^^^^^^^^^^^^^^
  File "D:\extras\Product Inventory System with Stock Management\inventory-backend\products\serializers.py", line 44, in create
    product_variant = ProductVariant.objects.create(**validated_data)
                      ^^^^^^^^^^^^^^^^^^^^^^^^^^^^^^^^^^^^^^^^^^^^^^^
  File "C:\Users\User\AppData\Roaming\Python\Python311\site-packages\django\db\models\manager.py", line 87, in manager_method
    return getattr(self.get_queryset(), name)(*args, **kwargs)
           ^^^^^^^^^^^^^^^^^^^^^^^^^^^^^^^^^^^^^^^^^^^^^^^^^^^
  File "C:\Users\User\AppData\Roaming\Python\Python311\site-packages\django\db\models\query.py", line 663, in create
    obj.save(force_insert=True, using=self.db)
  File "C:\Users\User\AppData\Roaming\Python\Python311\site-packages\django\db\models\base.py", line 902, in save
    self.save_base(
  File "C:\Users\User\AppData\Roaming\Python\Python311\site-packages\django\db\models\base.py", line 1008, in save_base
    updated = self._save_table(
              ^^^^^^^^^^^^^^^^^
  File "C:\Users\User\AppData\Roaming\Python\Python311\site-packages\django\db\models\base.py", line 1169, in _save_table
    results = self._do_insert(
              ^^^^^^^^^^^^^^^^
  File "C:\Users\User\AppData\Roaming\Python\Python311\site-packages\django\db\models\base.py", line 1210, in _do_insert
    return manager._insert(
           ^^^^^^^^^^^^^^^^
  File "C:\Users\User\AppData\Roaming\Python\Python311\site-packages\django\db\models\manager.py", line 87, in manager_method
    return getattr(self.get_queryset(), name)(*args, **kwargs)
           ^^^^^^^^^^^^^^^^^^^^^^^^^^^^^^^^^^^^^^^^^^^^^^^^^^^
  File "C:\Users\User\AppData\Roaming\Python\Python311\site-packages\django\db\models\query.py", line 1868, in _insert
    return query.get_compiler(using=using).execute_sql(returning_fields)
           ^^^^^^^^^^^^^^^^^^^^^^^^^^^^^^^^^^^^^^^^^^^^^^^^^^^^^^^^^^^^^
  File "C:\Users\User\AppData\Roaming\Python\Python311\site-packages\django\db\models\sql\compiler.py", line 1882, in execute_sql
    cursor.execute(sql, params)
  File "C:\Users\User\AppData\Roaming\Python\Python311\site-packages\django\db\backends\utils.py", line 122, in execute
    return super().execute(sql, params)
           ^^^^^^^^^^^^^^^^^^^^^^^^^^^^
  File "C:\Users\User\AppData\Roaming\Python\Python311\site-packages\django\db\backends\utils.py", line 79, in execute
    return self._execute_with_wrappers(
           ^^^^^^^^^^^^^^^^^^^^^^^^^^^^
  File "C:\Users\User\AppData\Roaming\Python\Python311\site-packages\django\db\backends\utils.py", line 92, in _execute_with_wrappers
    return executor(sql, params, many, context)
           ^^^^^^^^^^^^^^^^^^^^^^^^^^^^^^^^^^^^
  File "C:\Users\User\AppData\Roaming\Python\Python311\site-packages\django\db\backends\utils.py", line 100, in _execute
    with self.db.wrap_database_errors:
  File "C:\Users\User\AppData\Roaming\Python\Python311\site-packages\django\db\utils.py", line 91, in __exit__
    raise dj_exc_value.with_traceback(traceback) from exc_value
  File "C:\Users\User\AppData\Roaming\Python\Python311\site-packages\django\db\backends\utils.py", line 105, in _execute
    return self.cursor.execute(sql, params)
           ^^^^^^^^^^^^^^^^^^^^^^^^^^^^^^^^
  File "C:\Users\User\AppData\Roaming\Python\Python311\site-packages\django\db\backends\sqlite3\base.py", line 360, in execute
    return super().execute(query, params)
           ^^^^^^^^^^^^^^^^^^^^^^^^^^^^^^
django.db.utils.IntegrityError: NOT NULL constraint failed: products_product_variant.product_id
"POST /api/product-variants/ HTTP/1.1" 500 201966
"GET /api/products/?search=&page=1 HTTP/1.1" 200 1298
"GET /api/products/?search=&page=1 HTTP/1.1" 200 1298
D:\extras\Product Inventory System with Stock Management\inventory-backend\products\serializers.py changed, reloading.
Watching for file changes with StatReloader
D:\extras\Product Inventory System with Stock Management\inventory-backend\products\views.py changed, reloading.
Watching for file changes with StatReloader
D:\extras\Product Inventory System with Stock Management\inventory-backend\products\models.py changed, reloading.
Watching for file changes with StatReloader
"GET /api/products/?search=&page=1 HTTP/1.1" 200 1445
"GET /api/products/?search=&page=1 HTTP/1.1" 200 1445
"GET /api/products/9675aba5-aee6-435f-b883-8260fe468155/ HTTP/1.1" 200 1393
"GET /api/product-variants/?product_id=9675aba5-aee6-435f-b883-8260fe468155 HTTP/1.1" 200 833
"GET /api/products/9675aba5-aee6-435f-b883-8260fe468155/ HTTP/1.1" 200 1393
"GET /api/product-variants/?product_id=9675aba5-aee6-435f-b883-8260fe468155 HTTP/1.1" 200 833
Internal Server Error: /api/product-variants/
Traceback (most recent call last):
  File "C:\Users\User\AppData\Roaming\Python\Python311\site-packages\django\core\handlers\exception.py", line 55, in inner
    response = get_response(request)
               ^^^^^^^^^^^^^^^^^^^^^
  File "C:\Users\User\AppData\Roaming\Python\Python311\site-packages\django\core\handlers\base.py", line 197, in _get_response
    response = wrapped_callback(request, *callback_args, **callback_kwargs)
               ^^^^^^^^^^^^^^^^^^^^^^^^^^^^^^^^^^^^^^^^^^^^^^^^^^^^^^^^^^^^
  File "C:\Users\User\AppData\Roaming\Python\Python311\site-packages\django\views\decorators\csrf.py", line 65, in _view_wrapper
    return view_func(request, *args, **kwargs)
           ^^^^^^^^^^^^^^^^^^^^^^^^^^^^^^^^^^^
  File "C:\Users\User\AppData\Roaming\Python\Python311\site-packages\rest_framework\viewsets.py", line 125, in view
    return self.dispatch(request, *args, **kwargs)
           ^^^^^^^^^^^^^^^^^^^^^^^^^^^^^^^^^^^^^^^
  File "C:\Users\User\AppData\Roaming\Python\Python311\site-packages\rest_framework\views.py", line 515, in dispatch
    response = self.handle_exception(exc)
               ^^^^^^^^^^^^^^^^^^^^^^^^^^
  File "C:\Users\User\AppData\Roaming\Python\Python311\site-packages\rest_framework\views.py", line 475, in handle_exception
    self.raise_uncaught_exception(exc)
  File "C:\Users\User\AppData\Roaming\Python\Python311\site-packages\rest_framework\views.py", line 486, in raise_uncaught_exception
    raise exc
  File "C:\Users\User\AppData\Roaming\Python\Python311\site-packages\rest_framework\views.py", line 512, in dispatch
    response = handler(request, *args, **kwargs)
               ^^^^^^^^^^^^^^^^^^^^^^^^^^^^^^^^^
  File "D:\extras\Product Inventory System with Stock Management\inventory-backend\products\views.py", line 270, in create
    id=option_data['variant_id'],
       ~~~~~~~~~~~^^^^^^^^^^^^^^
KeyError: 'variant_id'
"POST /api/product-variants/ HTTP/1.1" 500 100738
Watching for file changes with StatReloader
"GET /api/product-variants/?product_id=9675aba5-aee6-435f-b883-8260fe468155 HTTP/1.1" 200 833
"GET /api/products/9675aba5-aee6-435f-b883-8260fe468155/ HTTP/1.1" 200 1393
"GET /api/product-variants/?product_id=9675aba5-aee6-435f-b883-8260fe468155 HTTP/1.1" 200 833
"GET /api/products/9675aba5-aee6-435f-b883-8260fe468155/ HTTP/1.1" 200 1393
"GET /api/product-variants/?product_id=9675aba5-aee6-435f-b883-8260fe468155 HTTP/1.1" 200 833
"GET /api/products/9675aba5-aee6-435f-b883-8260fe468155/ HTTP/1.1" 200 1393
Internal Server Error: /api/product-variants/
Traceback (most recent call last):
  File "C:\Users\User\AppData\Roaming\Python\Python311\site-packages\django\core\handlers\exception.py", line 55, in inner
    response = get_response(request)
               ^^^^^^^^^^^^^^^^^^^^^
  File "C:\Users\User\AppData\Roaming\Python\Python311\site-packages\django\core\handlers\base.py", line 197, in _get_response
    response = wrapped_callback(request, *callback_args, **callback_kwargs)
               ^^^^^^^^^^^^^^^^^^^^^^^^^^^^^^^^^^^^^^^^^^^^^^^^^^^^^^^^^^^^
  File "C:\Users\User\AppData\Roaming\Python\Python311\site-packages\django\views\decorators\csrf.py", line 65, in _view_wrapper
    return view_func(request, *args, **kwargs)
           ^^^^^^^^^^^^^^^^^^^^^^^^^^^^^^^^^^^
  File "C:\Users\User\AppData\Roaming\Python\Python311\site-packages\rest_framework\viewsets.py", line 125, in view
    return self.dispatch(request, *args, **kwargs)
           ^^^^^^^^^^^^^^^^^^^^^^^^^^^^^^^^^^^^^^^
  File "C:\Users\User\AppData\Roaming\Python\Python311\site-packages\rest_framework\views.py", line 515, in dispatch
    response = self.handle_exception(exc)
               ^^^^^^^^^^^^^^^^^^^^^^^^^^
  File "C:\Users\User\AppData\Roaming\Python\Python311\site-packages\rest_framework\views.py", line 475, in handle_exception
    self.raise_uncaught_exception(exc)
  File "C:\Users\User\AppData\Roaming\Python\Python311\site-packages\rest_framework\views.py", line 486, in raise_uncaught_exception
    raise exc
  File "C:\Users\User\AppData\Roaming\Python\Python311\site-packages\rest_framework\views.py", line 512, in dispatch
    response = handler(request, *args, **kwargs)
               ^^^^^^^^^^^^^^^^^^^^^^^^^^^^^^^^^
  File "D:\extras\Product Inventory System with Stock Management\inventory-backend\products\views.py", line 270, in create
    id=option_data['variant_id'],
       ~~~~~~~~~~~^^^^^^^^^^^^^^
KeyError: 'variant_id'
"POST /api/product-variants/ HTTP/1.1" 500 100738
D:\extras\Product Inventory System with Stock Management\inventory-backend\products\views.py changed, reloading.
Watching for file changes with StatReloader
D:\extras\Product Inventory System with Stock Management\inventory-backend\products\views.py changed, reloading.
Watching for file changes with StatReloader
D:\extras\Product Inventory System with Stock Management\inventory-backend\products\views.py changed, reloading.
Watching for file changes with StatReloader
D:\extras\Product Inventory System with Stock Management\inventory-backend\products\views.py changed, reloading.
Watching for file changes with StatReloader
D:\extras\Product Inventory System with Stock Management\inventory-backend\products\views.py changed, reloading.
Watching for file changes with StatReloader
Not Found: /
"GET / HTTP/1.1" 404 2815
"GET /admin/authtoken/tokenproxy/ HTTP/1.1" 200 11968
"GET /admin/authtoken/tokenproxy/ HTTP/1.1" 200 11968
"GET /admin/products/products/ HTTP/1.1" 200 14343
"GET /admin/jsi18n/ HTTP/1.1" 200 3342
"GET /admin/products/productvariant/ HTTP/1.1" 200 13775
"GET /admin/jsi18n/ HTTP/1.1" 200 3342
"GET /admin/products/stock/ HTTP/1.1" 200 12406
"GET /admin/jsi18n/ HTTP/1.1" 200 3342
"GET /admin/products/variant/ HTTP/1.1" 200 12124
"GET /admin/jsi18n/ HTTP/1.1" 200 3342
"GET /admin/products/variant/add/ HTTP/1.1" 200 15659
"GET /admin/jsi18n/ HTTP/1.1" 200 3342
"POST /admin/products/variant/add/ HTTP/1.1" 302 0
"GET /admin/products/variant/ HTTP/1.1" 200 12755
"GET /admin/jsi18n/ HTTP/1.1" 200 3342
"GET /admin/products/variant/0d3a13d1-4f12-4916-94c0-88a1ea270adf/change/ HTTP/1.1" 200 16970
"GET /admin/jsi18n/ HTTP/1.1" 200 3342
"POST /admin/products/variant/0d3a13d1-4f12-4916-94c0-88a1ea270adf/change/ HTTP/1.1" 302 0
"GET /admin/products/variant/ HTTP/1.1" 200 12757
"GET /admin/jsi18n/ HTTP/1.1" 200 3342
"GET /admin/products/products/ HTTP/1.1" 200 14343
"GET /admin/jsi18n/ HTTP/1.1" 200 3342
"GET /admin/products/productvariant/ HTTP/1.1" 200 13775
"GET /admin/jsi18n/ HTTP/1.1" 200 3342
"GET /admin/products/productvariant/add/ HTTP/1.1" 200 24008
"GET /admin/jsi18n/ HTTP/1.1" 200 3342
"POST /admin/products/productvariant/add/ HTTP/1.1" 200 24228
"GET /admin/jsi18n/ HTTP/1.1" 200 3342
"GET /admin/products/products/ HTTP/1.1" 200 14343
"GET /admin/jsi18n/ HTTP/1.1" 200 3342
"GET /admin/products/products/9675aba5-aee6-435f-b883-8260fe468155/change/ HTTP/1.1" 200 29533
"GET /admin/jsi18n/ HTTP/1.1" 200 3342
"GET /static/admin/js/calendar.js HTTP/1.1" 200 9141
"GET /static/admin/js/admin/DateTimeShortcuts.js HTTP/1.1" 200 19319
"GET /static/admin/img/icon-clock.svg HTTP/1.1" 200 677
"GET /static/admin/img/icon-calendar.svg HTTP/1.1" 200 1086
"GET /admin/products/variant/ HTTP/1.1" 200 12509
"GET /admin/jsi18n/ HTTP/1.1" 200 3342
"GET /admin/products/variant/e73b8e00-c0ee-490d-bc06-76e358f4c9b6/change/ HTTP/1.1" 200 18743
"GET /admin/jsi18n/ HTTP/1.1" 200 3342
"GET /admin/products/productvariant/ HTTP/1.1" 200 13775
"GET /admin/jsi18n/ HTTP/1.1" 200 3342
"GET /admin/products/productvariant/837df8c1-0dc7-41b0-87e8-551d68ef6f1d/change/ HTTP/1.1" 200 27448
"GET /admin/jsi18n/ HTTP/1.1" 200 3342
"GET /admin/authtoken/tokenproxy/ HTTP/1.1" 200 11968
Dashboard stats error: property 'current_stock' of 'ProductVariant' object has no setter
Internal Server Error: /api/stock/dashboard_stats/
"GET /api/stock/dashboard_stats/ HTTP/1.1" 500 77
Dashboard stats error: property 'current_stock' of 'ProductVariant' object has no setter
Internal Server Error: /api/stock/dashboard_stats/
"GET /api/stock/dashboard_stats/ HTTP/1.1" 500 77
"GET /api/products/?search=&page=1 HTTP/1.1" 200 1642
"GET /api/products/?search=&page=1 HTTP/1.1" 200 1642
"GET /api/product-variants/?product_id=9675aba5-aee6-435f-b883-8260fe468155 HTTP/1.1" 200 833
"GET /api/products/9675aba5-aee6-435f-b883-8260fe468155/ HTTP/1.1" 200 1590
"GET /api/product-variants/?product_id=9675aba5-aee6-435f-b883-8260fe468155 HTTP/1.1" 200 833
"GET /api/products/9675aba5-aee6-435f-b883-8260fe468155/ HTTP/1.1" 200 1590
"GET /admin/products/productvariant/ HTTP/1.1" 200 13775
"GET /admin/jsi18n/ HTTP/1.1" 200 3342
"GET /admin/products/variant/ HTTP/1.1" 200 12509
"GET /admin/jsi18n/ HTTP/1.1" 200 3342
"GET /admin/products/variant/0d3a13d1-4f12-4916-94c0-88a1ea270adf/change/ HTTP/1.1" 200 17871
"GET /admin/jsi18n/ HTTP/1.1" 200 3342
"GET /admin/products/variant/0d3a13d1-4f12-4916-94c0-88a1ea270adf/delete/ HTTP/1.1" 200 10753
"GET /static/admin/js/cancel.js HTTP/1.1" 200 884
"POST /admin/products/variant/0d3a13d1-4f12-4916-94c0-88a1ea270adf/delete/ HTTP/1.1" 302 0
"GET /admin/products/variant/ HTTP/1.1" 200 12289
"GET /admin/jsi18n/ HTTP/1.1" 200 3342
"GET /api/product-variants/?product_id=9675aba5-aee6-435f-b883-8260fe468155 HTTP/1.1" 200 833
"GET /api/products/9675aba5-aee6-435f-b883-8260fe468155/ HTTP/1.1" 200 1393
"GET /api/product-variants/?product_id=9675aba5-aee6-435f-b883-8260fe468155 HTTP/1.1" 200 833
"GET /api/products/9675aba5-aee6-435f-b883-8260fe468155/ HTTP/1.1" 200 1393
"GET /api/products/?search=&page=1 HTTP/1.1" 200 1445
"GET /api/products/?search=&page=1 HTTP/1.1" 200 1445
"GET /api/product-variants/?product_id=9675aba5-aee6-435f-b883-8260fe468155 HTTP/1.1" 200 833
"GET /api/products/9675aba5-aee6-435f-b883-8260fe468155/ HTTP/1.1" 200 1393
"GET /api/product-variants/?product_id=9675aba5-aee6-435f-b883-8260fe468155 HTTP/1.1" 200 833
"GET /api/products/9675aba5-aee6-435f-b883-8260fe468155/ HTTP/1.1" 200 1393
"POST /api/product-variants/ HTTP/1.1" 201 177
"GET /api/product-variants/ HTTP/1.1" 200 1011
"GET /api/product-variants/ HTTP/1.1" 200 1011
"OPTIONS /api/stock/add_stock/ HTTP/1.1" 200 0
Stock added: 400.00000000 for variant 1-COLOR
"POST /api/stock/add_stock/ HTTP/1.1" 201 38
"OPTIONS /api/stock/report/ HTTP/1.1" 200 0
"GET /api/stock/report/ HTTP/1.1" 200 200
"GET /api/products/9675aba5-aee6-435f-b883-8260fe468155/ HTTP/1.1" 200 1575
"GET /api/product-variants/?product_id=9675aba5-aee6-435f-b883-8260fe468155 HTTP/1.1" 200 1013
"GET /api/products/9675aba5-aee6-435f-b883-8260fe468155/ HTTP/1.1" 200 1575
"GET /api/product-variants/?product_id=9675aba5-aee6-435f-b883-8260fe468155 HTTP/1.1" 200 1013
"GET /api/product-variants/ HTTP/1.1" 200 1013
"GET /api/product-variants/ HTTP/1.1" 200 1013
"GET /api/product-variants/ HTTP/1.1" 200 1013
"GET /api/product-variants/ HTTP/1.1" 200 1013
"OPTIONS /api/stock/remove_stock/ HTTP/1.1" 200 0
Stock removed: 50.00000000 for variant 1-COLOR
"POST /api/stock/remove_stock/ HTTP/1.1" 201 40
"GET /api/product-variants/ HTTP/1.1" 200 1013
"GET /api/product-variants/ HTTP/1.1" 200 1013
"GET /api/products/9675aba5-aee6-435f-b883-8260fe468155/ HTTP/1.1" 200 1575
"GET /api/product-variants/?product_id=9675aba5-aee6-435f-b883-8260fe468155 HTTP/1.1" 200 1013
"GET /api/product-variants/?product_id=9675aba5-aee6-435f-b883-8260fe468155 HTTP/1.1" 200 1013
"GET /api/products/9675aba5-aee6-435f-b883-8260fe468155/ HTTP/1.1" 200 1575
Dashboard stats error: property 'current_stock' of 'ProductVariant' object has no setter
Internal Server Error: /api/stock/dashboard_stats/
"GET /api/stock/dashboard_stats/ HTTP/1.1" 500 77
Dashboard stats error: property 'current_stock' of 'ProductVariant' object has no setter
Internal Server Error: /api/stock/dashboard_stats/
"GET /api/stock/dashboard_stats/ HTTP/1.1" 500 77
"GET /api/product-variants/ HTTP/1.1" 200 1013
"GET /api/product-variants/ HTTP/1.1" 200 1013
Dashboard stats error: property 'current_stock' of 'ProductVariant' object has no setter
Internal Server Error: /api/stock/dashboard_stats/
"GET /api/stock/dashboard_stats/ HTTP/1.1" 500 77
Dashboard stats error: property 'current_stock' of 'ProductVariant' object has no setter
Internal Server Error: /api/stock/dashboard_stats/
"GET /api/stock/dashboard_stats/ HTTP/1.1" 500 77
"GET /api/products/?search=&page=1 HTTP/1.1" 200 1627
"GET /api/products/?search=&page=1 HTTP/1.1" 200 1627
"GET /api/product-variants/?product_id=9675aba5-aee6-435f-b883-8260fe468155 HTTP/1.1" 200 1013
"GET /api/products/9675aba5-aee6-435f-b883-8260fe468155/ HTTP/1.1" 200 1575
"GET /api/products/9675aba5-aee6-435f-b883-8260fe468155/ HTTP/1.1" 200 1575
"GET /api/product-variants/?product_id=9675aba5-aee6-435f-b883-8260fe468155 HTTP/1.1" 200 1013
"OPTIONS /api/product-variants/a234d8e2-9fe9-4332-9b20-7f68ff34b636/ HTTP/1.1" 200 0
"DELETE /api/product-variants/a234d8e2-9fe9-4332-9b20-7f68ff34b636/ HTTP/1.1" 204 0
"POST /api/product-variants/ HTTP/1.1" 201 177
"GET /api/products/?search=&page=1 HTTP/1.1" 200 1625
"GET /api/products/?search=&page=1 HTTP/1.1" 200 1625
"GET /api/products/?search=&page=1 HTTP/1.1" 200 1625
"GET /api/products/?search=&page=1 HTTP/1.1" 200 1625
"GET /api/products/9675aba5-aee6-435f-b883-8260fe468155/ HTTP/1.1" 200 1573
"GET /api/product-variants/?product_id=9675aba5-aee6-435f-b883-8260fe468155 HTTP/1.1" 200 1011
"GET /api/products/9675aba5-aee6-435f-b883-8260fe468155/ HTTP/1.1" 200 1573
"GET /api/product-variants/?product_id=9675aba5-aee6-435f-b883-8260fe468155 HTTP/1.1" 200 1011
"OPTIONS /api/product-variants/79456943-0a1c-4ff9-809b-9479fef2f458/ HTTP/1.1" 200 0
"DELETE /api/product-variants/79456943-0a1c-4ff9-809b-9479fef2f458/ HTTP/1.1" 204 0
"GET /api/product-variants/ HTTP/1.1" 200 833
"GET /api/product-variants/ HTTP/1.1" 200 833
"GET /api/stock/report/ HTTP/1.1" 200 2
"GET /api/product-variants/ HTTP/1.1" 200 833
"GET /api/product-variants/ HTTP/1.1" 200 833
"GET /api/product-variants/ HTTP/1.1" 200 833
"GET /api/product-variants/ HTTP/1.1" 200 833
"GET /api/product-variants/ HTTP/1.1" 200 833
Stock added: 500.00000000 for variant 1-M
"POST /api/stock/add_stock/ HTTP/1.1" 201 38
"GET /api/product-variants/ HTTP/1.1" 200 835
"GET /api/products/?search=&page=1 HTTP/1.1" 200 1449
"GET /api/products/?search=&page=1 HTTP/1.1" 200 1449
"GET /api/products/9675aba5-aee6-435f-b883-8260fe468155/ HTTP/1.1" 200 1397
"GET /api/product-variants/?product_id=9675aba5-aee6-435f-b883-8260fe468155 HTTP/1.1" 200 835
"GET /api/products/9675aba5-aee6-435f-b883-8260fe468155/ HTTP/1.1" 200 1397
"GET /api/product-variants/?product_id=9675aba5-aee6-435f-b883-8260fe468155 HTTP/1.1" 200 835
"GET /api/product-variants/ HTTP/1.1" 200 835
"GET /api/product-variants/ HTTP/1.1" 200 835
"GET /api/product-variants/ HTTP/1.1" 200 835
"GET /api/product-variants/ HTTP/1.1" 200 835
"GET /api/product-variants/ HTTP/1.1" 200 835
"GET /api/stock/report/ HTTP/1.1" 200 188
"OPTIONS /api/stock/report/?variant=837df8c1-0dc7-41b0-87e8-551d68ef6f1d HTTP/1.1" 200 0
"GET /api/stock/report/?variant=837df8c1-0dc7-41b0-87e8-551d68ef6f1d HTTP/1.1" 200 188
"OPTIONS /api/stock/report/?variant=155f1616-dcf4-41c5-9b01-2e7e11e5b747 HTTP/1.1" 200 0
"GET /api/stock/report/?variant=155f1616-dcf4-41c5-9b01-2e7e11e5b747 HTTP/1.1" 200 188
"OPTIONS /api/stock/report/?variant=4964f0bf-1b40-4157-8b28-12b9083526b9 HTTP/1.1" 200 0
"GET /api/stock/report/?variant=4964f0bf-1b40-4157-8b28-12b9083526b9 HTTP/1.1" 200 188
"GET /api/stock/report/?variant=837df8c1-0dc7-41b0-87e8-551d68ef6f1d HTTP/1.1" 200 188
"OPTIONS /api/stock/report/?variant=837df8c1-0dc7-41b0-87e8-551d68ef6f1d&start_date=2025-07-08 HTTP/1.1" 200 0
"GET /api/stock/report/?variant=837df8c1-0dc7-41b0-87e8-551d68ef6f1d&start_date=2025-07-08 HTTP/1.1" 200 2
Stock added: 30.00000000 for variant 1-XL
"POST /api/stock/add_stock/ HTTP/1.1" 201 38
"GET /api/product-variants/ HTTP/1.1" 200 836
Stock added: 49.00000000 for variant 1-L
"POST /api/stock/add_stock/ HTTP/1.1" 201 38
"GET /api/stock/report/?variant=837df8c1-0dc7-41b0-87e8-551d68ef6f1d&start_date=2025-07-08 HTTP/1.1" 200 2
"OPTIONS /api/stock/report/?start_date=2025-07-08 HTTP/1.1" 200 0
"GET /api/stock/report/?start_date=2025-07-08 HTTP/1.1" 200 2
"GET /api/stock/report/ HTTP/1.1" 200 561
"GET /api/stock/report/?variant=837df8c1-0dc7-41b0-87e8-551d68ef6f1d HTTP/1.1" 200 561
"GET /api/stock/report/?variant=4964f0bf-1b40-4157-8b28-12b9083526b9 HTTP/1.1" 200 561
"GET /api/product-variants/ HTTP/1.1" 200 837
"GET /api/product-variants/ HTTP/1.1" 200 837
"GET /api/product-variants/ HTTP/1.1" 200 837
"GET /api/product-variants/ HTTP/1.1" 200 837
"GET /api/product-variants/ HTTP/1.1" 200 837
Dashboard stats error: property 'current_stock' of 'ProductVariant' object has no setter
Internal Server Error: /api/stock/dashboard_stats/
"GET /api/stock/dashboard_stats/ HTTP/1.1" 500 77
Dashboard stats error: property 'current_stock' of 'ProductVariant' object has no setter
Internal Server Error: /api/stock/dashboard_stats/
"GET /api/stock/dashboard_stats/ HTTP/1.1" 500 77
"GET /api/products/?search=&page=1 HTTP/1.1" 200 1451
"GET /api/products/?search=&page=1 HTTP/1.1" 200 1451
"OPTIONS /api/stock/dashboard_stats/?time_range=week HTTP/1.1" 200 0
"OPTIONS /api/stock/dashboard_stats/?time_range=week HTTP/1.1" 200 0
Dashboard stats error: property 'current_stock' of 'ProductVariant' object has no setter
Internal Server Error: /api/stock/dashboard_stats/
"GET /api/stock/dashboard_stats/?time_range=week HTTP/1.1" 500 77
Dashboard stats error: property 'current_stock' of 'ProductVariant' object has no setter
Internal Server Error: /api/stock/dashboard_stats/
"GET /api/stock/dashboard_stats/?time_range=week HTTP/1.1" 500 77
"OPTIONS /api/stock/dashboard_stats/?time_range=month HTTP/1.1" 200 0
Dashboard stats error: property 'current_stock' of 'ProductVariant' object has no setter
Internal Server Error: /api/stock/dashboard_stats/
"GET /api/stock/dashboard_stats/?time_range=month HTTP/1.1" 500 77
"OPTIONS /api/stock/dashboard_stats/?time_range=year HTTP/1.1" 200 0
Dashboard stats error: property 'current_stock' of 'ProductVariant' object has no setter
Internal Server Error: /api/stock/dashboard_stats/
"GET /api/stock/dashboard_stats/?time_range=year HTTP/1.1" 500 77
Dashboard stats error: property 'current_stock' of 'ProductVariant' object has no setter
Internal Server Error: /api/stock/dashboard_stats/
"GET /api/stock/dashboard_stats/?time_range=week HTTP/1.1" 500 77
Dashboard stats error: property 'current_stock' of 'ProductVariant' object has no setter
Internal Server Error: /api/stock/dashboard_stats/
"GET /api/stock/dashboard_stats/?time_range=week HTTP/1.1" 500 77
